#
# There is insufficient memory for the Java Runtime Environment to continue.
# Native memory allocation (mmap) failed to map 202375168 bytes for Failed to commit area from 0x000000008e300000 to 0x000000009a400000 of length 202375168.
# Possible reasons:
#   The system is out of physical RAM or swap space
#   The process is running with CompressedOops enabled, and the Java Heap may be blocking the growth of the native heap
# Possible solutions:
#   Reduce memory load on the system
#   Increase physical memory or swap space
#   Check if swap backing store is full
#   Decrease Java heap size (-Xmx/-Xms)
#   Decrease number of Java threads
#   Decrease Java thread stack sizes (-Xss)
#   Set larger code cache with -XX:ReservedCodeCacheSize=
#   JVM is running with Unscaled Compressed Oops mode in which the Java heap is
#     placed in the first 4GB address space. The Java Heap base address is the
#     maximum limit for the native heap growth. Please use -XX:HeapBaseMinAddress
#     to set the Java Heap base and to place the Java Heap above 4GB virtual address.
# This output file may be truncated or incomplete.
#
#  Out of Memory Error (t:/workspace/open/src/hotspot/os/windows/os_windows.cpp:3271), pid=13576, tid=10892
#
# JRE version: Java(TM) SE Runtime Environment (11.0.6+8) (build 11.0.6+8-LTS)
# Java VM: Java HotSpot(TM) 64-Bit Server VM (11.0.6+8-LTS, mixed mode, tiered, compressed oops, g1 gc, windows-amd64)
# No core dump will be written. Minidumps are not enabled by default on client versions of Windows
#

---------------  S U M M A R Y ------------

Command Line: -Dfile.encoding=UTF-8 V5Tajweed.tajweedV5

Host: Intel(R) Core(TM) i5-6200U CPU @ 2.30GHz, 4 cores, 7G,  Windows 10 , 64 bit Build 18362 (10.0.18362.778)
Time: Fri Jun  5 01:04:50 2020 Pakistan Standard Time elapsed time: 13 seconds (0d 0h 0m 13s)

---------------  T H R E A D  ---------------

Current thread (0x000001cb2d1a6000):  VMThread "VM Thread" [stack: 0x00000022e6e00000,0x00000022e6f00000] [id=10892]

Stack: [0x00000022e6e00000,0x00000022e6f00000]
[error occurred during error reporting (printing stack bounds), id 0xc0000005, EXCEPTION_ACCESS_VIOLATION (0xc0000005) at pc=0x000001cb17200bad]

Native frames: (J=compiled Java code, j=interpreted, Vv=VM code, C=native code)
V  [jvm.dll+0x63679a]
V  [jvm.dll+0x7755bf]
V  [jvm.dll+0x776c65]
V  [jvm.dll+0x777235]
V  [jvm.dll+0x7771eb]
V  [jvm.dll+0x635e96]
V  [jvm.dll+0x636268]
C  [ntdll.dll+0xa11cf]
C  [ntdll.dll+0x6a209]
C  [ntdll.dll+0x9fe3e]
C  0x000001cb17200bad

VM_Operation (0x00000022e7efe3f0): G1CollectForAllocation, mode: safepoint, requested by thread 0x000001cb2ecae800


---------------  P R O C E S S  ---------------

Threads class SMR info:
_java_thread_list=0x000001cb341c0820, length=19, elements={
0x000001cb0ee7f000, 0x000001cb2d1a8800, 0x000001cb2d1a9800, 0x000001cb2db42800,
0x000001cb2db43800, 0x000001cb2d1e1000, 0x000001cb2d1f2800, 0x000001cb2d1f7000,
0x000001cb2dc9c000, 0x000001cb2dca4800, 0x000001cb2ec27800, 0x000001cb2ea49000,
0x000001cb2ecae800, 0x000001cb2dca5800, 0x000001cb33ad3800, 0x000001cb33ad6800,
0x000001cb309af000, 0x000001cb2f7d4000, 0x000001cb2f189800
}

Java Threads: ( => current thread )
  0x000001cb0ee7f000 JavaThread "main" [_thread_blocked, id=8364, stack(0x00000022e6800000,0x00000022e6900000)]
  0x000001cb2d1a8800 JavaThread "Reference Handler" daemon [_thread_blocked, id=12680, stack(0x00000022e6f00000,0x00000022e7000000)]
  0x000001cb2d1a9800 JavaThread "Finalizer" daemon [_thread_blocked, id=9204, stack(0x00000022e7000000,0x00000022e7100000)]
  0x000001cb2db42800 JavaThread "Signal Dispatcher" daemon [_thread_blocked, id=12792, stack(0x00000022e7100000,0x00000022e7200000)]
  0x000001cb2db43800 JavaThread "Attach Listener" daemon [_thread_blocked, id=13132, stack(0x00000022e7200000,0x00000022e7300000)]
  0x000001cb2d1e1000 JavaThread "C2 CompilerThread0" daemon [_thread_blocked, id=2000, stack(0x00000022e7300000,0x00000022e7400000)]
  0x000001cb2d1f2800 JavaThread "C1 CompilerThread0" daemon [_thread_blocked, id=3900, stack(0x00000022e7400000,0x00000022e7500000)]
  0x000001cb2d1f7000 JavaThread "Sweeper thread" daemon [_thread_blocked, id=5164, stack(0x00000022e7500000,0x00000022e7600000)]
  0x000001cb2dc9c000 JavaThread "Service Thread" daemon [_thread_blocked, id=1700, stack(0x00000022e7600000,0x00000022e7700000)]
  0x000001cb2dca4800 JavaThread "Common-Cleaner" daemon [_thread_blocked, id=872, stack(0x00000022e7800000,0x00000022e7900000)]
  0x000001cb2ec27800 JavaThread "ForkJoinPool.commonPool-worker-3" daemon [_thread_blocked, id=7196, stack(0x00000022e7c00000,0x00000022e7d00000)]
  0x000001cb2ea49000 JavaThread "ForkJoinPool.commonPool-worker-5" daemon [_thread_blocked, id=14912, stack(0x00000022e7d00000,0x00000022e7e00000)]
  0x000001cb2ecae800 JavaThread "ForkJoinPool.commonPool-worker-7" daemon [_thread_blocked, id=11344, stack(0x00000022e7e00000,0x00000022e7f00000)]
  0x000001cb2dca5800 JavaThread "Abandoned connection cleanup thread" daemon [_thread_blocked, id=13536, stack(0x00000022e7900000,0x00000022e7a00000)]
  0x000001cb33ad3800 JavaThread "drools-worker-1" daemon [_thread_blocked, id=7084, stack(0x00000022e8000000,0x00000022e8100000)]
  0x000001cb33ad6800 JavaThread "drools-worker-2" daemon [_thread_blocked, id=2444, stack(0x00000022e8100000,0x00000022e8200000)]
  0x000001cb309af000 JavaThread "drools-worker-3" daemon [_thread_blocked, id=11316, stack(0x00000022e8200000,0x00000022e8300000)]
  0x000001cb2f7d4000 JavaThread "drools-worker-4" daemon [_thread_blocked, id=14720, stack(0x00000022e8300000,0x00000022e8400000)]
  0x000001cb2f189800 JavaThread "C2 CompilerThread1" daemon [_thread_blocked, id=11340, stack(0x00000022e7f00000,0x00000022e8000000)]

Other Threads:
=>0x000001cb2d1a6000 VMThread "VM Thread" [stack: 0x00000022e6e00000,0x00000022e6f00000] [id=10892]
  0x000001cb2dca0800 WatcherThread [stack: 0x00000022e7700000,0x00000022e7800000] [id=6896]
  0x000001cb0ee96000 GCTaskThread "GC Thread#0" [stack: 0x00000022e6900000,0x00000022e6a00000] [id=1284]
  0x000001cb2e5e1800 GCTaskThread "GC Thread#1" [stack: 0x00000022e7a00000,0x00000022e7b00000] [id=1596]
  0x000001cb2e5e2800 GCTaskThread "GC Thread#2" [stack: 0x00000022e7b00000,0x00000022e7c00000] [id=11588]
  0x000001cb2e94a800 GCTaskThread "GC Thread#3" [stack: 0x00000022e8700000,0x00000022e8800000] [id=14712]
  0x000001cb0eec6800 ConcurrentGCThread "G1 Main Marker" [stack: 0x00000022e6a00000,0x00000022e6b00000] [id=15388]
  0x000001cb0eec8000 ConcurrentGCThread "G1 Conc#0" [stack: 0x00000022e6b00000,0x00000022e6c00000] [id=16300]
  0x000001cb2d010800 ConcurrentGCThread "G1 Refine#0" [stack: 0x00000022e6c00000,0x00000022e6d00000] [id=12696]
  0x000001cb2f7d1000 ConcurrentGCThread "G1 Refine#1" [stack: 0x00000022e8400000,0x00000022e8500000] [id=4240]
  0x000001cb34128800 ConcurrentGCThread "G1 Refine#2" [stack: 0x00000022e8500000,0x00000022e8600000] [id=900]
  0x000001cb31806000 ConcurrentGCThread "G1 Refine#3" [stack: 0x00000022e8600000,0x00000022e8700000] [id=13668]
  0x000001cb2d012000 ConcurrentGCThread "G1 Young RemSet Sampling" [stack: 0x00000022e6d00000,0x00000022e6e00000] [id=15044]

Threads with active compile tasks:
C1 CompilerThread06518       1       sun.security.provider.SHA2::lf_maj (12 bytes)

VM state:at safepoint (normal execution)

VM Mutex/Monitor currently owned by a thread:  ([mutex/lock_event])
[0x000001cb0ee7d7b0] Threads_lock - owner thread: 0x000001cb2d1a6000
[0x000001cb0ee7d4e0] Heap_lock - owner thread: 0x000001cb2ecae800

Heap address: 0x0000000082200000, size: 2014 MB, Compressed Oops mode: 32-bit
Narrow klass base: 0x0000000000000000, Narrow klass shift: 3
Compressed class space size: 1073741824 Address: 0x0000000100000000

Heap:
 garbage-first heap   total 395264K, used 156160K [0x0000000082200000, 0x0000000100000000)
  region size 1024K, 2 young (2048K), 2 survivors (2048K)
 Metaspace       used 63301K, capacity 65030K, committed 65228K, reserved 1105920K
  class space    used 7496K, capacity 8105K, committed 8140K, reserved 1048576K
Heap Regions: E=young(eden), S=young(survivor), O=old, HS=humongous(starts), HC=humongous(continues), CS=collection set, F=free, A=archive, TAMS=top-at-mark-start (previous, next)
|   0|0x0000000082200000, 0x0000000082300000, 0x0000000082300000|100%| O|  |TAMS 0x0000000082300000, 0x0000000082300000| Untracked 
|   1|0x0000000082300000, 0x0000000082400000, 0x0000000082400000|100%| O|  |TAMS 0x0000000082400000, 0x0000000082400000| Untracked 
|   2|0x0000000082400000, 0x0000000082500000, 0x0000000082500000|100%| O|  |TAMS 0x0000000082500000, 0x0000000082500000| Untracked 
|   3|0x0000000082500000, 0x0000000082600000, 0x0000000082600000|100%| O|  |TAMS 0x0000000082600000, 0x0000000082600000| Untracked 
|   4|0x0000000082600000, 0x0000000082700000, 0x0000000082700000|100%| O|  |TAMS 0x0000000082700000, 0x0000000082700000| Untracked 
|   5|0x0000000082700000, 0x0000000082800000, 0x0000000082800000|100%| O|  |TAMS 0x0000000082800000, 0x0000000082800000| Untracked 
|   6|0x0000000082800000, 0x0000000082900000, 0x0000000082900000|100%| O|  |TAMS 0x0000000082900000, 0x0000000082900000| Untracked 
|   7|0x0000000082900000, 0x0000000082a00000, 0x0000000082a00000|100%| O|  |TAMS 0x0000000082a00000, 0x0000000082a00000| Untracked 
|   8|0x0000000082a00000, 0x0000000082b00000, 0x0000000082b00000|100%| O|  |TAMS 0x0000000082b00000, 0x0000000082b00000| Untracked 
|   9|0x0000000082b00000, 0x0000000082c00000, 0x0000000082c00000|100%| O|  |TAMS 0x0000000082c00000, 0x0000000082c00000| Untracked 
|  10|0x0000000082c00000, 0x0000000082d00000, 0x0000000082d00000|100%| O|  |TAMS 0x0000000082d00000, 0x0000000082d00000| Untracked 
|  11|0x0000000082d00000, 0x0000000082e00000, 0x0000000082e00000|100%| O|  |TAMS 0x0000000082e00000, 0x0000000082e00000| Untracked 
|  12|0x0000000082e00000, 0x0000000082f00000, 0x0000000082f00000|100%| O|  |TAMS 0x0000000082f00000, 0x0000000082f00000| Untracked 
|  13|0x0000000082f00000, 0x0000000083000000, 0x0000000083000000|100%| O|  |TAMS 0x0000000083000000, 0x0000000083000000| Untracked 
|  14|0x0000000083000000, 0x0000000083100000, 0x0000000083100000|100%| O|  |TAMS 0x0000000083100000, 0x0000000083100000| Untracked 
|  15|0x0000000083100000, 0x0000000083200000, 0x0000000083200000|100%| O|  |TAMS 0x0000000083200000, 0x0000000083200000| Untracked 
|  16|0x0000000083200000, 0x0000000083300000, 0x0000000083300000|100%| O|  |TAMS 0x0000000083300000, 0x0000000083300000| Untracked 
|  17|0x0000000083300000, 0x0000000083400000, 0x0000000083400000|100%| O|  |TAMS 0x0000000083400000, 0x0000000083400000| Untracked 
|  18|0x0000000083400000, 0x0000000083500000, 0x0000000083500000|100%| O|  |TAMS 0x0000000083500000, 0x0000000083500000| Untracked 
|  19|0x0000000083500000, 0x0000000083600000, 0x0000000083600000|100%| O|  |TAMS 0x0000000083600000, 0x0000000083600000| Untracked 
|  20|0x0000000083600000, 0x0000000083700000, 0x0000000083700000|100%| O|  |TAMS 0x0000000083600000, 0x0000000083700000| Untracked 
|  21|0x0000000083700000, 0x0000000083800000, 0x0000000083800000|100%| O|  |TAMS 0x0000000083700000, 0x0000000083800000| Untracked 
|  22|0x0000000083800000, 0x0000000083900000, 0x0000000083900000|100%| O|  |TAMS 0x0000000083800000, 0x0000000083900000| Untracked 
|  23|0x0000000083900000, 0x0000000083a00000, 0x0000000083a00000|100%| O|  |TAMS 0x0000000083900000, 0x0000000083a00000| Untracked 
|  24|0x0000000083a00000, 0x0000000083b00000, 0x0000000083b00000|100%| O|  |TAMS 0x0000000083a00000, 0x0000000083b00000| Untracked 
|  25|0x0000000083b00000, 0x0000000083c00000, 0x0000000083c00000|100%| O|  |TAMS 0x0000000083b00000, 0x0000000083c00000| Untracked 
|  26|0x0000000083c00000, 0x0000000083d00000, 0x0000000083d00000|100%| O|  |TAMS 0x0000000083c00000, 0x0000000083d00000| Untracked 
|  27|0x0000000083d00000, 0x0000000083e00000, 0x0000000083e00000|100%| O|  |TAMS 0x0000000083d00000, 0x0000000083e00000| Untracked 
|  28|0x0000000083e00000, 0x0000000083f00000, 0x0000000083f00000|100%| O|  |TAMS 0x0000000083e00000, 0x0000000083f00000| Untracked 
|  29|0x0000000083f00000, 0x0000000084000000, 0x0000000084000000|100%| O|  |TAMS 0x0000000083f00000, 0x0000000084000000| Untracked 
|  30|0x0000000084000000, 0x0000000084100000, 0x0000000084100000|100%| O|  |TAMS 0x0000000084000000, 0x0000000084100000| Untracked 
|  31|0x0000000084100000, 0x0000000084200000, 0x0000000084200000|100%| O|  |TAMS 0x0000000084100000, 0x0000000084200000| Untracked 
|  32|0x0000000084200000, 0x0000000084300000, 0x0000000084300000|100%| O|  |TAMS 0x0000000084200000, 0x0000000084300000| Untracked 
|  33|0x0000000084300000, 0x0000000084400000, 0x0000000084400000|100%| O|  |TAMS 0x0000000084400000, 0x0000000084400000| Untracked 
|  34|0x0000000084400000, 0x0000000084500000, 0x0000000084500000|100%| O|  |TAMS 0x0000000084500000, 0x0000000084500000| Untracked 
|  35|0x0000000084500000, 0x0000000084600000, 0x0000000084600000|100%| O|  |TAMS 0x0000000084600000, 0x0000000084600000| Untracked 
|  36|0x0000000084600000, 0x0000000084700000, 0x0000000084700000|100%| O|  |TAMS 0x0000000084700000, 0x0000000084700000| Untracked 
|  37|0x0000000084700000, 0x0000000084800000, 0x0000000084800000|100%| O|  |TAMS 0x0000000084800000, 0x0000000084800000| Untracked 
|  38|0x0000000084800000, 0x0000000084900000, 0x0000000084900000|100%| O|  |TAMS 0x0000000084900000, 0x0000000084900000| Untracked 
|  39|0x0000000084900000, 0x0000000084a00000, 0x0000000084a00000|100%| O|  |TAMS 0x0000000084a00000, 0x0000000084a00000| Untracked 
|  40|0x0000000084a00000, 0x0000000084b00000, 0x0000000084b00000|100%| O|  |TAMS 0x0000000084b00000, 0x0000000084b00000| Untracked 
|  41|0x0000000084b00000, 0x0000000084c00000, 0x0000000084c00000|100%| O|  |TAMS 0x0000000084c00000, 0x0000000084c00000| Untracked 
|  42|0x0000000084c00000, 0x0000000084d00000, 0x0000000084d00000|100%| O|  |TAMS 0x0000000084d00000, 0x0000000084d00000| Untracked 
|  43|0x0000000084d00000, 0x0000000084e00000, 0x0000000084e00000|100%| O|  |TAMS 0x0000000084e00000, 0x0000000084e00000| Untracked 
|  44|0x0000000084e00000, 0x0000000084f00000, 0x0000000084f00000|100%| O|  |TAMS 0x0000000084f00000, 0x0000000084f00000| Untracked 
|  45|0x0000000084f00000, 0x0000000085000000, 0x0000000085000000|100%| O|  |TAMS 0x0000000085000000, 0x0000000085000000| Untracked 
|  46|0x0000000085000000, 0x0000000085100000, 0x0000000085100000|100%| O|  |TAMS 0x0000000085100000, 0x0000000085100000| Untracked 
|  47|0x0000000085100000, 0x0000000085200000, 0x0000000085200000|100%| O|  |TAMS 0x0000000085200000, 0x0000000085200000| Untracked 
|  48|0x0000000085200000, 0x0000000085300000, 0x0000000085300000|100%| O|  |TAMS 0x0000000085300000, 0x0000000085300000| Untracked 
|  49|0x0000000085300000, 0x0000000085400000, 0x0000000085400000|100%| O|  |TAMS 0x0000000085300000, 0x0000000085400000| Untracked 
|  50|0x0000000085400000, 0x0000000085500000, 0x0000000085500000|100%| O|  |TAMS 0x0000000085400000, 0x0000000085500000| Untracked 
|  51|0x0000000085500000, 0x0000000085600000, 0x0000000085600000|100%| O|  |TAMS 0x0000000085500000, 0x0000000085600000| Untracked 
|  52|0x0000000085600000, 0x0000000085700000, 0x0000000085700000|100%| O|  |TAMS 0x0000000085600000, 0x0000000085700000| Untracked 
|  53|0x0000000085700000, 0x0000000085800000, 0x0000000085800000|100%| O|  |TAMS 0x0000000085700000, 0x0000000085800000| Untracked 
|  54|0x0000000085800000, 0x0000000085900000, 0x0000000085900000|100%| O|  |TAMS 0x0000000085800000, 0x0000000085900000| Untracked 
|  55|0x0000000085900000, 0x0000000085a00000, 0x0000000085a00000|100%| O|  |TAMS 0x0000000085900000, 0x0000000085a00000| Untracked 
|  56|0x0000000085a00000, 0x0000000085b00000, 0x0000000085b00000|100%| O|  |TAMS 0x0000000085a00000, 0x0000000085b00000| Untracked 
|  57|0x0000000085b00000, 0x0000000085c00000, 0x0000000085c00000|100%| O|  |TAMS 0x0000000085b00000, 0x0000000085c00000| Untracked 
|  58|0x0000000085c00000, 0x0000000085d00000, 0x0000000085d00000|100%| O|  |TAMS 0x0000000085c00000, 0x0000000085d00000| Untracked 
|  59|0x0000000085d00000, 0x0000000085e00000, 0x0000000085e00000|100%| O|  |TAMS 0x0000000085d00000, 0x0000000085e00000| Untracked 
|  60|0x0000000085e00000, 0x0000000085f00000, 0x0000000085f00000|100%| O|  |TAMS 0x0000000085e00000, 0x0000000085f00000| Untracked 
|  61|0x0000000085f00000, 0x0000000086000000, 0x0000000086000000|100%| O|  |TAMS 0x0000000085f00000, 0x0000000086000000| Untracked 
|  62|0x0000000086000000, 0x0000000086100000, 0x0000000086100000|100%| O|  |TAMS 0x0000000086000000, 0x0000000086100000| Untracked 
|  63|0x0000000086100000, 0x0000000086200000, 0x0000000086200000|100%| O|  |TAMS 0x0000000086100000, 0x0000000086200000| Untracked 
|  64|0x0000000086200000, 0x0000000086300000, 0x0000000086300000|100%| O|  |TAMS 0x0000000086200000, 0x0000000086300000| Untracked 
|  65|0x0000000086300000, 0x0000000086400000, 0x0000000086400000|100%| O|  |TAMS 0x0000000086300000, 0x0000000086400000| Untracked 
|  66|0x0000000086400000, 0x0000000086500000, 0x0000000086500000|100%| O|  |TAMS 0x0000000086400000, 0x0000000086500000| Untracked 
|  67|0x0000000086500000, 0x0000000086600000, 0x0000000086600000|100%| O|  |TAMS 0x0000000086500000, 0x0000000086600000| Untracked 
|  68|0x0000000086600000, 0x0000000086700000, 0x0000000086700000|100%| O|  |TAMS 0x0000000086600000, 0x0000000086700000| Untracked 
|  69|0x0000000086700000, 0x0000000086800000, 0x0000000086800000|100%| O|  |TAMS 0x0000000086700000, 0x0000000086800000| Untracked 
|  70|0x0000000086800000, 0x0000000086900000, 0x0000000086900000|100%| O|  |TAMS 0x0000000086800000, 0x0000000086900000| Untracked 
|  71|0x0000000086900000, 0x0000000086a00000, 0x0000000086a00000|100%| O|  |TAMS 0x0000000086900000, 0x0000000086a00000| Untracked 
|  72|0x0000000086a00000, 0x0000000086b00000, 0x0000000086b00000|100%| O|  |TAMS 0x0000000086a00000, 0x0000000086b00000| Untracked 
|  73|0x0000000086b00000, 0x0000000086c00000, 0x0000000086c00000|100%| O|  |TAMS 0x0000000086b00000, 0x0000000086c00000| Untracked 
|  74|0x0000000086c00000, 0x0000000086d00000, 0x0000000086d00000|100%| O|  |TAMS 0x0000000086c00000, 0x0000000086d00000| Untracked 
|  75|0x0000000086d00000, 0x0000000086e00000, 0x0000000086e00000|100%| O|  |TAMS 0x0000000086d00000, 0x0000000086e00000| Untracked 
|  76|0x0000000086e00000, 0x0000000086f00000, 0x0000000086f00000|100%| O|  |TAMS 0x0000000086e00000, 0x0000000086f00000| Untracked 
|  77|0x0000000086f00000, 0x0000000087000000, 0x0000000087000000|100%| O|  |TAMS 0x0000000086f00000, 0x0000000087000000| Untracked 
|  78|0x0000000087000000, 0x0000000087100000, 0x0000000087100000|100%| O|  |TAMS 0x0000000087000000, 0x0000000087100000| Untracked 
|  79|0x0000000087100000, 0x0000000087200000, 0x0000000087200000|100%| O|  |TAMS 0x0000000087100000, 0x0000000087200000| Untracked 
|  80|0x0000000087200000, 0x0000000087300000, 0x0000000087300000|100%| O|  |TAMS 0x0000000087200000, 0x0000000087300000| Untracked 
|  81|0x0000000087300000, 0x0000000087400000, 0x0000000087400000|100%| O|  |TAMS 0x0000000087300000, 0x0000000087400000| Untracked 
|  82|0x0000000087400000, 0x0000000087500000, 0x0000000087500000|100%| O|  |TAMS 0x0000000087400000, 0x0000000087500000| Untracked 
|  83|0x0000000087500000, 0x0000000087600000, 0x0000000087600000|100%| O|  |TAMS 0x0000000087500000, 0x0000000087600000| Untracked 
|  84|0x0000000087600000, 0x0000000087700000, 0x0000000087700000|100%| O|  |TAMS 0x0000000087600000, 0x0000000087700000| Untracked 
|  85|0x0000000087700000, 0x0000000087800000, 0x0000000087800000|100%| O|  |TAMS 0x0000000087700000, 0x0000000087800000| Untracked 
|  86|0x0000000087800000, 0x0000000087900000, 0x0000000087900000|100%| O|  |TAMS 0x0000000087800000, 0x0000000087900000| Untracked 
|  87|0x0000000087900000, 0x0000000087a00000, 0x0000000087a00000|100%| O|  |TAMS 0x0000000087900000, 0x0000000087a00000| Untracked 
|  88|0x0000000087a00000, 0x0000000087b00000, 0x0000000087b00000|100%| O|  |TAMS 0x0000000087a00000, 0x0000000087b00000| Untracked 
|  89|0x0000000087b00000, 0x0000000087c00000, 0x0000000087c00000|100%| O|  |TAMS 0x0000000087b00000, 0x0000000087c00000| Untracked 
|  90|0x0000000087c00000, 0x0000000087d00000, 0x0000000087d00000|100%| O|  |TAMS 0x0000000087c00000, 0x0000000087d00000| Untracked 
|  91|0x0000000087d00000, 0x0000000087e00000, 0x0000000087e00000|100%| O|  |TAMS 0x0000000087d00000, 0x0000000087e00000| Untracked 
|  92|0x0000000087e00000, 0x0000000087f00000, 0x0000000087f00000|100%| O|  |TAMS 0x0000000087e00000, 0x0000000087f00000| Untracked 
|  93|0x0000000087f00000, 0x0000000088000000, 0x0000000088000000|100%| O|  |TAMS 0x0000000087f00000, 0x0000000088000000| Untracked 
|  94|0x0000000088000000, 0x0000000088100000, 0x0000000088100000|100%| O|  |TAMS 0x0000000088000000, 0x0000000088100000| Untracked 
|  95|0x0000000088100000, 0x0000000088200000, 0x0000000088200000|100%| O|  |TAMS 0x0000000088100000, 0x0000000088200000| Untracked 
|  96|0x0000000088200000, 0x0000000088300000, 0x0000000088300000|100%| O|  |TAMS 0x0000000088200000, 0x0000000088280000| Untracked 
|  97|0x0000000088300000, 0x0000000088400000, 0x0000000088400000|100%| O|  |TAMS 0x0000000088300000, 0x0000000088300000| Untracked 
|  98|0x0000000088400000, 0x0000000088500000, 0x0000000088500000|100%| O|  |TAMS 0x0000000088400000, 0x0000000088400000| Untracked 
|  99|0x0000000088500000, 0x0000000088600000, 0x0000000088600000|100%| O|  |TAMS 0x0000000088500000, 0x0000000088500000| Untracked 
| 100|0x0000000088600000, 0x0000000088700000, 0x0000000088700000|100%| O|  |TAMS 0x0000000088600000, 0x0000000088600000| Untracked 
| 101|0x0000000088700000, 0x0000000088800000, 0x0000000088800000|100%| O|  |TAMS 0x0000000088700000, 0x0000000088700000| Untracked 
| 102|0x0000000088800000, 0x0000000088900000, 0x0000000088900000|100%| O|  |TAMS 0x0000000088800000, 0x0000000088800000| Untracked 
| 103|0x0000000088900000, 0x0000000088a00000, 0x0000000088a00000|100%| O|  |TAMS 0x0000000088900000, 0x0000000088900000| Untracked 
| 104|0x0000000088a00000, 0x0000000088b00000, 0x0000000088b00000|100%| O|  |TAMS 0x0000000088a00000, 0x0000000088a00000| Untracked 
| 105|0x0000000088b00000, 0x0000000088c00000, 0x0000000088c00000|100%| O|  |TAMS 0x0000000088b00000, 0x0000000088b00000| Untracked 
| 106|0x0000000088c00000, 0x0000000088d00000, 0x0000000088d00000|100%| O|  |TAMS 0x0000000088c00000, 0x0000000088c00000| Untracked 
| 107|0x0000000088d00000, 0x0000000088e00000, 0x0000000088e00000|100%| O|  |TAMS 0x0000000088d00000, 0x0000000088d00000| Untracked 
| 108|0x0000000088e00000, 0x0000000088f00000, 0x0000000088f00000|100%| O|  |TAMS 0x0000000088e00000, 0x0000000088e00000| Untracked 
| 109|0x0000000088f00000, 0x0000000088f80000, 0x0000000089000000| 50%| O|  |TAMS 0x0000000088f00000, 0x0000000088f00000| Untracked 
| 110|0x0000000089000000, 0x0000000089000000, 0x0000000089100000|  0%| F|  |TAMS 0x0000000089000000, 0x0000000089000000| Untracked 
| 111|0x0000000089100000, 0x0000000089100000, 0x0000000089200000|  0%| F|  |TAMS 0x0000000089100000, 0x0000000089100000| Untracked 
| 112|0x0000000089200000, 0x0000000089200000, 0x0000000089300000|  0%| F|  |TAMS 0x0000000089200000, 0x0000000089200000| Untracked 
| 113|0x0000000089300000, 0x0000000089300000, 0x0000000089400000|  0%| F|  |TAMS 0x0000000089300000, 0x0000000089300000| Untracked 
| 114|0x0000000089400000, 0x0000000089400000, 0x0000000089500000|  0%| F|  |TAMS 0x0000000089400000, 0x0000000089400000| Untracked 
| 115|0x0000000089500000, 0x0000000089500000, 0x0000000089600000|  0%| F|  |TAMS 0x0000000089500000, 0x0000000089500000| Untracked 
| 116|0x0000000089600000, 0x0000000089600000, 0x0000000089700000|  0%| F|  |TAMS 0x0000000089600000, 0x0000000089600000| Untracked 
| 117|0x0000000089700000, 0x0000000089700000, 0x0000000089800000|  0%| F|  |TAMS 0x0000000089700000, 0x0000000089700000| Untracked 
| 118|0x0000000089800000, 0x0000000089800000, 0x0000000089900000|  0%| F|  |TAMS 0x0000000089800000, 0x0000000089800000| Untracked 
| 119|0x0000000089900000, 0x0000000089900000, 0x0000000089a00000|  0%| F|  |TAMS 0x0000000089900000, 0x0000000089900000| Untracked 
| 120|0x0000000089a00000, 0x0000000089a00000, 0x0000000089b00000|  0%| F|  |TAMS 0x0000000089a00000, 0x0000000089a00000| Untracked 
| 121|0x0000000089b00000, 0x0000000089b00000, 0x0000000089c00000|  0%| F|  |TAMS 0x0000000089b00000, 0x0000000089b00000| Untracked 
| 122|0x0000000089c00000, 0x0000000089c00000, 0x0000000089d00000|  0%| F|  |TAMS 0x0000000089c00000, 0x0000000089c00000| Untracked 
| 123|0x0000000089d00000, 0x0000000089d00000, 0x0000000089e00000|  0%| F|  |TAMS 0x0000000089d00000, 0x0000000089d00000| Untracked 
| 124|0x0000000089e00000, 0x0000000089e00000, 0x0000000089f00000|  0%| F|  |TAMS 0x0000000089e00000, 0x0000000089e00000| Untracked 
| 125|0x0000000089f00000, 0x0000000089f00000, 0x000000008a000000|  0%| F|  |TAMS 0x0000000089f00000, 0x0000000089f00000| Untracked 
| 126|0x000000008a000000, 0x000000008a000000, 0x000000008a100000|  0%| F|  |TAMS 0x000000008a000000, 0x000000008a000000| Untracked 
| 127|0x000000008a100000, 0x000000008a100000, 0x000000008a200000|  0%| F|  |TAMS 0x000000008a100000, 0x000000008a100000| Untracked 
| 128|0x000000008a200000, 0x000000008a200000, 0x000000008a300000|  0%| F|  |TAMS 0x000000008a200000, 0x000000008a200000| Untracked 
| 129|0x000000008a300000, 0x000000008a300000, 0x000000008a400000|  0%| F|  |TAMS 0x000000008a300000, 0x000000008a300000| Untracked 
| 130|0x000000008a400000, 0x000000008a400000, 0x000000008a500000|  0%| F|  |TAMS 0x000000008a400000, 0x000000008a400000| Untracked 
| 131|0x000000008a500000, 0x000000008a500000, 0x000000008a600000|  0%| F|  |TAMS 0x000000008a500000, 0x000000008a500000| Untracked 
| 132|0x000000008a600000, 0x000000008a600000, 0x000000008a700000|  0%| F|  |TAMS 0x000000008a600000, 0x000000008a600000| Untracked 
| 133|0x000000008a700000, 0x000000008a700000, 0x000000008a800000|  0%| F|  |TAMS 0x000000008a700000, 0x000000008a700000| Untracked 
| 134|0x000000008a800000, 0x000000008a800000, 0x000000008a900000|  0%| F|  |TAMS 0x000000008a800000, 0x000000008a800000| Untracked 
| 135|0x000000008a900000, 0x000000008a900000, 0x000000008aa00000|  0%| F|  |TAMS 0x000000008a900000, 0x000000008a900000| Untracked 
| 136|0x000000008aa00000, 0x000000008aa00000, 0x000000008ab00000|  0%| F|  |TAMS 0x000000008aa00000, 0x000000008aa00000| Untracked 
| 137|0x000000008ab00000, 0x000000008ab00000, 0x000000008ac00000|  0%| F|  |TAMS 0x000000008ab00000, 0x000000008ab00000| Untracked 
| 138|0x000000008ac00000, 0x000000008ac00000, 0x000000008ad00000|  0%| F|  |TAMS 0x000000008ac00000, 0x000000008ac00000| Untracked 
| 139|0x000000008ad00000, 0x000000008ad00000, 0x000000008ae00000|  0%| F|  |TAMS 0x000000008ad00000, 0x000000008ad00000| Untracked 
| 140|0x000000008ae00000, 0x000000008af00000, 0x000000008af00000|100%| S|CS|TAMS 0x000000008ae00000, 0x000000008ae00000| Complete 
| 141|0x000000008af00000, 0x000000008b000000, 0x000000008b000000|100%| S|CS|TAMS 0x000000008af00000, 0x000000008af00000| Complete 
| 142|0x000000008b000000, 0x000000008b000000, 0x000000008b100000|  0%| F|  |TAMS 0x000000008b000000, 0x000000008b000000| Untracked 
| 143|0x000000008b100000, 0x000000008b100000, 0x000000008b200000|  0%| F|  |TAMS 0x000000008b100000, 0x000000008b100000| Untracked 
| 144|0x000000008b200000, 0x000000008b200000, 0x000000008b300000|  0%| F|  |TAMS 0x000000008b200000, 0x000000008b200000| Untracked 
| 145|0x000000008b300000, 0x000000008b300000, 0x000000008b400000|  0%| F|  |TAMS 0x000000008b300000, 0x000000008b300000| Untracked 
| 146|0x000000008b400000, 0x000000008b400000, 0x000000008b500000|  0%| F|  |TAMS 0x000000008b400000, 0x000000008b400000| Untracked 
| 147|0x000000008b500000, 0x000000008b500000, 0x000000008b600000|  0%| F|  |TAMS 0x000000008b500000, 0x000000008b500000| Untracked 
| 148|0x000000008b600000, 0x000000008b600000, 0x000000008b700000|  0%| F|  |TAMS 0x000000008b600000, 0x000000008b600000| Untracked 
| 149|0x000000008b700000, 0x000000008b700000, 0x000000008b800000|  0%| F|  |TAMS 0x000000008b700000, 0x000000008b700000| Untracked 
| 150|0x000000008b800000, 0x000000008b800000, 0x000000008b900000|  0%| F|  |TAMS 0x000000008b800000, 0x000000008b800000| Untracked 
| 151|0x000000008b900000, 0x000000008b900000, 0x000000008ba00000|  0%| F|  |TAMS 0x000000008b900000, 0x000000008b900000| Untracked 
| 152|0x000000008ba00000, 0x000000008bb00000, 0x000000008bb00000|100%| O|  |TAMS 0x000000008bb00000, 0x000000008bb00000| Untracked 
| 153|0x000000008bb00000, 0x000000008bc00000, 0x000000008bc00000|100%| O|  |TAMS 0x000000008bc00000, 0x000000008bc00000| Untracked 
| 154|0x000000008bc00000, 0x000000008bd00000, 0x000000008bd00000|100%| O|  |TAMS 0x000000008bd00000, 0x000000008bd00000| Untracked 
| 155|0x000000008bd00000, 0x000000008be00000, 0x000000008be00000|100%| O|  |TAMS 0x000000008be00000, 0x000000008be00000| Untracked 
| 156|0x000000008be00000, 0x000000008bf00000, 0x000000008bf00000|100%| O|  |TAMS 0x000000008bf00000, 0x000000008bf00000| Untracked 
| 157|0x000000008bf00000, 0x000000008c000000, 0x000000008c000000|100%| O|  |TAMS 0x000000008c000000, 0x000000008c000000| Untracked 
| 158|0x000000008c000000, 0x000000008c100000, 0x000000008c100000|100%| O|  |TAMS 0x000000008c100000, 0x000000008c100000| Untracked 
| 159|0x000000008c100000, 0x000000008c200000, 0x000000008c200000|100%| O|  |TAMS 0x000000008c200000, 0x000000008c200000| Untracked 
| 160|0x000000008c200000, 0x000000008c300000, 0x000000008c300000|100%| O|  |TAMS 0x000000008c300000, 0x000000008c300000| Untracked 
| 161|0x000000008c300000, 0x000000008c400000, 0x000000008c400000|100%| O|  |TAMS 0x000000008c400000, 0x000000008c400000| Untracked 
| 162|0x000000008c400000, 0x000000008c500000, 0x000000008c500000|100%| O|  |TAMS 0x000000008c500000, 0x000000008c500000| Untracked 
| 163|0x000000008c500000, 0x000000008c600000, 0x000000008c600000|100%| O|  |TAMS 0x000000008c600000, 0x000000008c600000| Untracked 
| 164|0x000000008c600000, 0x000000008c700000, 0x000000008c700000|100%| O|  |TAMS 0x000000008c700000, 0x000000008c700000| Untracked 
| 165|0x000000008c700000, 0x000000008c800000, 0x000000008c800000|100%| O|  |TAMS 0x000000008c800000, 0x000000008c800000| Untracked 
| 166|0x000000008c800000, 0x000000008c900000, 0x000000008c900000|100%| O|  |TAMS 0x000000008c900000, 0x000000008c900000| Untracked 
| 167|0x000000008c900000, 0x000000008ca00000, 0x000000008ca00000|100%| O|  |TAMS 0x000000008ca00000, 0x000000008ca00000| Untracked 
| 168|0x000000008ca00000, 0x000000008cb00000, 0x000000008cb00000|100%| O|  |TAMS 0x000000008cb00000, 0x000000008cb00000| Untracked 
| 169|0x000000008cb00000, 0x000000008cc00000, 0x000000008cc00000|100%| O|  |TAMS 0x000000008cc00000, 0x000000008cc00000| Untracked 
| 170|0x000000008cc00000, 0x000000008cd00000, 0x000000008cd00000|100%| O|  |TAMS 0x000000008cd00000, 0x000000008cd00000| Untracked 
| 171|0x000000008cd00000, 0x000000008ce00000, 0x000000008ce00000|100%| O|  |TAMS 0x000000008ce00000, 0x000000008ce00000| Untracked 
| 172|0x000000008ce00000, 0x000000008cf00000, 0x000000008cf00000|100%| O|  |TAMS 0x000000008cf00000, 0x000000008cf00000| Untracked 
| 173|0x000000008cf00000, 0x000000008d000000, 0x000000008d000000|100%| O|  |TAMS 0x000000008d000000, 0x000000008d000000| Untracked 
| 174|0x000000008d000000, 0x000000008d100000, 0x000000008d100000|100%| O|  |TAMS 0x000000008d100000, 0x000000008d100000| Untracked 
| 175|0x000000008d100000, 0x000000008d200000, 0x000000008d200000|100%| O|  |TAMS 0x000000008d200000, 0x000000008d200000| Untracked 
| 176|0x000000008d200000, 0x000000008d300000, 0x000000008d300000|100%| O|  |TAMS 0x000000008d300000, 0x000000008d300000| Untracked 
| 177|0x000000008d300000, 0x000000008d400000, 0x000000008d400000|100%| O|  |TAMS 0x000000008d400000, 0x000000008d400000| Untracked 
| 178|0x000000008d400000, 0x000000008d500000, 0x000000008d500000|100%| O|  |TAMS 0x000000008d500000, 0x000000008d500000| Untracked 
| 179|0x000000008d500000, 0x000000008d600000, 0x000000008d600000|100%| O|  |TAMS 0x000000008d600000, 0x000000008d600000| Untracked 
| 180|0x000000008d600000, 0x000000008d700000, 0x000000008d700000|100%| O|  |TAMS 0x000000008d700000, 0x000000008d700000| Untracked 
| 181|0x000000008d700000, 0x000000008d800000, 0x000000008d800000|100%| O|  |TAMS 0x000000008d800000, 0x000000008d800000| Untracked 
| 182|0x000000008d800000, 0x000000008d900000, 0x000000008d900000|100%| O|  |TAMS 0x000000008d900000, 0x000000008d900000| Untracked 
| 183|0x000000008d900000, 0x000000008da00000, 0x000000008da00000|100%| O|  |TAMS 0x000000008da00000, 0x000000008da00000| Untracked 
| 184|0x000000008da00000, 0x000000008db00000, 0x000000008db00000|100%| O|  |TAMS 0x000000008db00000, 0x000000008db00000| Untracked 
| 185|0x000000008db00000, 0x000000008dc00000, 0x000000008dc00000|100%| O|  |TAMS 0x000000008dc00000, 0x000000008dc00000| Untracked 
| 186|0x000000008dc00000, 0x000000008dd00000, 0x000000008dd00000|100%| O|  |TAMS 0x000000008dd00000, 0x000000008dd00000| Untracked 
| 187|0x000000008dd00000, 0x000000008de00000, 0x000000008de00000|100%| O|  |TAMS 0x000000008de00000, 0x000000008de00000| Untracked 
| 188|0x000000008de00000, 0x000000008df00000, 0x000000008df00000|100%| O|  |TAMS 0x000000008df00000, 0x000000008df00000| Untracked 
| 189|0x000000008df00000, 0x000000008e000000, 0x000000008e000000|100%| O|  |TAMS 0x000000008e000000, 0x000000008e000000| Untracked 
| 190|0x000000008e000000, 0x000000008e100000, 0x000000008e100000|100%| O|  |TAMS 0x000000008e100000, 0x000000008e100000| Untracked 
| 191|0x000000008e100000, 0x000000008e200000, 0x000000008e200000|100%| O|  |TAMS 0x000000008e200000, 0x000000008e200000| Untracked 
| 192|0x000000008e200000, 0x000000008e300000, 0x000000008e300000|100%| O|  |TAMS 0x000000008e242a00, 0x000000008e300000| Untracked 

Card table byte_map: [0x000001cb265f0000,0x000001cb269e0000] _byte_map_base: 0x000001cb261df000

Marking Bits (Prev, Next): (CMBitMap*) 0x000001cb0eebe178, (CMBitMap*) 0x000001cb0eebe1b0
 Prev Bits: [0x000001cb26dd0000, 0x000001cb28d48000)
 Next Bits: [0x000001cb28d50000, 0x000001cb2acc8000)

Polling page: 0x000001cb0e650000

Metaspace:

Usage:
  Non-class:     55.59 MB capacity,    54.50 MB ( 98%) used,  1013.45 KB (  2%) free+waste,   106.25 KB ( <1%) overhead. 
      Class:      7.92 MB capacity,     7.32 MB ( 92%) used,   561.84 KB (  7%) free+waste,    46.50 KB ( <1%) overhead. 
       Both:     63.51 MB capacity,    61.82 MB ( 97%) used,     1.54 MB (  2%) free+waste,   152.75 KB ( <1%) overhead. 

Virtual space:
  Non-class space:       56.00 MB reserved,      55.75 MB (>99%) committed 
      Class space:        1.00 GB reserved,       7.95 MB ( <1%) committed 
             Both:        1.05 GB reserved,      63.70 MB (  6%) committed 

Chunk freelists:
   Non-Class:  4.38 KB
       Class:  2.88 KB
        Both:  7.25 KB

CodeHeap 'non-profiled nmethods': size=120064Kb used=4142Kb max_used=4142Kb free=115921Kb
 bounds [0x000001cb1ecc0000, 0x000001cb1f0d0000, 0x000001cb26200000]
CodeHeap 'profiled nmethods': size=120000Kb used=14829Kb max_used=14829Kb free=105170Kb
 bounds [0x000001cb17790000, 0x000001cb18610000, 0x000001cb1ecc0000]
CodeHeap 'non-nmethods': size=5696Kb used=1226Kb max_used=1281Kb free=4469Kb
 bounds [0x000001cb17200000, 0x000001cb17470000, 0x000001cb17790000]
 total_blobs=8499 nmethods=6460 adapters=506
 compilation: enabled
              stopped_count=0, restarted_count=0
 full_count=0

Compilation events (10 events):
Event: 12.992 Thread 0x000001cb2d1f2800 nmethod 6513 0x000001cb18609f90 code [0x000001cb1860a180, 0x000001cb1860a718]
Event: 12.992 Thread 0x000001cb2d1f2800 6514       3       org.drools.core.common.TupleSetsImpl::<init> (32 bytes)
Event: 12.992 Thread 0x000001cb2d1f2800 nmethod 6514 0x000001cb1860a890 code [0x000001cb1860aa60, 0x000001cb1860ad98]
Event: 12.993 Thread 0x000001cb2d1f2800 6515       3       org.drools.core.util.AbstractHashTable$DoubleCompositeIndex::createEntry (12 bytes)
Event: 12.993 Thread 0x000001cb2d1f2800 nmethod 6515 0x000001cb1860ae90 code [0x000001cb1860b0a0, 0x000001cb1860b600]
Event: 13.021 Thread 0x000001cb2d1f2800 6516       3       org.mvel2.ast.ASTNode::getNameAsArray (21 bytes)
Event: 13.021 Thread 0x000001cb2d1f2800 nmethod 6516 0x000001cb1860b810 code [0x000001cb1860b9c0, 0x000001cb1860bb70]
Event: 13.021 Thread 0x000001cb2d1f2800 6517       1       sun.security.provider.SHA2::lf_ch (10 bytes)
Event: 13.022 Thread 0x000001cb2d1f2800 nmethod 6517 0x000001cb1f0cb610 code [0x000001cb1f0cb7c0, 0x000001cb1f0cb8b8]
Event: 13.022 Thread 0x000001cb2d1f2800 6518       1       sun.security.provider.SHA2::lf_maj (12 bytes)

GC Heap History (10 events):
Event: 10.526 GC heap after
{Heap after GC invocations=19 (full 0):
 garbage-first heap   total 155648K, used 25677K [0x0000000082200000, 0x0000000100000000)
  region size 1024K, 6 young (6144K), 6 survivors (6144K)
 Metaspace       used 54889K, capacity 56079K, committed 56448K, reserved 1099776K
  class space    used 6506K, capacity 6918K, committed 7040K, reserved 1048576K
}
Event: 11.074 GC heap before
{Heap before GC invocations=19 (full 0):
 garbage-first heap   total 155648K, used 67661K [0x0000000082200000, 0x0000000100000000)
  region size 1024K, 48 young (49152K), 6 survivors (6144K)
 Metaspace       used 58740K, capacity 60104K, committed 60160K, reserved 1101824K
  class space    used 6907K, capacity 7406K, committed 7424K, reserved 1048576K
}
Event: 11.081 GC heap after
{Heap after GC invocations=20 (full 0):
 garbage-first heap   total 155648K, used 25858K [0x0000000082200000, 0x0000000100000000)
  region size 1024K, 6 young (6144K), 6 survivors (6144K)
 Metaspace       used 58740K, capacity 60104K, committed 60160K, reserved 1101824K
  class space    used 6907K, capacity 7406K, committed 7424K, reserved 1048576K
}
Event: 12.226 GC heap before
{Heap before GC invocations=21 (full 0):
 garbage-first heap   total 155648K, used 126210K [0x0000000082200000, 0x0000000100000000)
  region size 1024K, 91 young (93184K), 6 survivors (6144K)
 Metaspace       used 63105K, capacity 64830K, committed 64972K, reserved 1105920K
  class space    used 7483K, capacity 8104K, committed 8140K, reserved 1048576K
}
Event: 12.378 GC heap after
{Heap after GC invocations=22 (full 0):
 garbage-first heap   total 197632K, used 90378K [0x0000000082200000, 0x0000000100000000)
  region size 1024K, 12 young (12288K), 12 survivors (12288K)
 Metaspace       used 63105K, capacity 64830K, committed 64972K, reserved 1105920K
  class space    used 7483K, capacity 8104K, committed 8140K, reserved 1048576K
}
Event: 12.682 GC heap before
{Heap before GC invocations=23 (full 0):
 garbage-first heap   total 197632K, used 125194K [0x0000000082200000, 0x0000000100000000)
  region size 1024K, 46 young (47104K), 12 survivors (12288K)
 Metaspace       used 63177K, capacity 64958K, committed 65228K, reserved 1105920K
  class space    used 7488K, capacity 8104K, committed 8140K, reserved 1048576K
}
Event: 12.788 GC heap after
{Heap after GC invocations=24 (full 0):
 garbage-first heap   total 197632K, used 125440K [0x0000000082200000, 0x0000000100000000)
  region size 1024K, 6 young (6144K), 6 survivors (6144K)
 Metaspace       used 63177K, capacity 64958K, committed 65228K, reserved 1105920K
  class space    used 7488K, capacity 8104K, committed 8140K, reserved 1048576K
}
Event: 12.838 GC heap before
{Heap before GC invocations=24 (full 0):
 garbage-first heap   total 197632K, used 144896K [0x0000000082200000, 0x0000000100000000)
  region size 1024K, 25 young (25600K), 6 survivors (6144K)
 Metaspace       used 63300K, capacity 65030K, committed 65228K, reserved 1105920K
  class space    used 7496K, capacity 8105K, committed 8140K, reserved 1048576K
}
Event: 12.862 GC heap after
{Heap after GC invocations=25 (full 0):
 garbage-first heap   total 197632K, used 144896K [0x0000000082200000, 0x0000000100000000)
  region size 1024K, 4 young (4096K), 4 survivors (4096K)
 Metaspace       used 63300K, capacity 65030K, committed 65228K, reserved 1105920K
  class space    used 7496K, capacity 8105K, committed 8140K, reserved 1048576K
}
Event: 13.022 GC heap before
{Heap before GC invocations=25 (full 0):
 garbage-first heap   total 197632K, used 155136K [0x0000000082200000, 0x0000000100000000)
  region size 1024K, 14 young (14336K), 4 survivors (4096K)
 Metaspace       used 63301K, capacity 65030K, committed 65228K, reserved 1105920K
  class space    used 7496K, capacity 8105K, committed 8140K, reserved 1048576K
}

Deoptimization events (10 events):
Event: 12.792 Thread 0x000001cb0ee7f000 Uncommon trap: reason=class_check action=maybe_recompile pc=0x000001cb1f0a0c24 method=org.drools.core.reteoo.JoinNode.createPeer(Lorg/drools/core/reteoo/LeftTuple;)Lorg/drools/core/reteoo/LeftTuple; @ 10 c2
Event: 12.792 Thread 0x000001cb0ee7f000 Uncommon trap: reason=class_check action=maybe_recompile pc=0x000001cb1f0a0c24 method=org.drools.core.reteoo.JoinNode.createPeer(Lorg/drools/core/reteoo/LeftTuple;)Lorg/drools/core/reteoo/LeftTuple; @ 10 c2
Event: 12.793 Thread 0x000001cb0ee7f000 Uncommon trap: reason=class_check action=maybe_recompile pc=0x000001cb1f0a0c24 method=org.drools.core.reteoo.JoinNode.createPeer(Lorg/drools/core/reteoo/LeftTuple;)Lorg/drools/core/reteoo/LeftTuple; @ 10 c2
Event: 12.793 Thread 0x000001cb0ee7f000 Uncommon trap: reason=class_check action=maybe_recompile pc=0x000001cb1f0a0c24 method=org.drools.core.reteoo.JoinNode.createPeer(Lorg/drools/core/reteoo/LeftTuple;)Lorg/drools/core/reteoo/LeftTuple; @ 10 c2
Event: 12.793 Thread 0x000001cb0ee7f000 Uncommon trap: reason=unstable_if action=reinterpret pc=0x000001cb1ef99a24 method=java.util.HashMap.getNode(ILjava/lang/Object;)Ljava/util/HashMap$Node; @ 84 c2
Event: 12.793 Thread 0x000001cb0ee7f000 Uncommon trap: reason=unstable_if action=reinterpret pc=0x000001cb1ed9f3ec method=java.util.HashMap.getNode(ILjava/lang/Object;)Ljava/util/HashMap$Node; @ 84 c2
Event: 12.793 Thread 0x000001cb0ee7f000 Uncommon trap: reason=unstable_if action=reinterpret pc=0x000001cb1ed3746c method=java.util.HashMap.getNode(ILjava/lang/Object;)Ljava/util/HashMap$Node; @ 84 c2
Event: 12.946 Thread 0x000001cb0ee7f000 Uncommon trap: reason=unstable_if action=reinterpret pc=0x000001cb1f0bf4dc method=org.drools.core.util.AbstractHashTable$DoubleCompositeIndex.equal(Lorg/drools/core/util/index/TupleList;Lorg/drools/core/spi/Tuple;)Z @ 43 c2
Event: 12.948 Thread 0x000001cb0ee7f000 Uncommon trap: reason=unstable_if action=reinterpret pc=0x000001cb1f0c2c08 method=org.drools.core.util.AbstractHashTable$DoubleCompositeIndex.equal(Lorg/drools/core/util/index/TupleList;Lorg/drools/core/spi/Tuple;)Z @ 43 c2
Event: 13.021 Thread 0x000001cb0ee7f000 Uncommon trap: reason=class_check action=maybe_recompile pc=0x000001cb1f098e68 method=org.drools.core.phreak.RuleNetworkEvaluator.useLeftMemory(Lorg/drools/core/reteoo/LeftTupleSource;Lorg/drools/core/spi/Tuple;)Z @ 3 c2

Classes redefined (0 events):
No events

Internal exceptions (10 events):
Event: 11.543 Thread 0x000001cb0ee7f000 Exception <a 'java/lang/NoSuchMethodError'{0x000000008ad385f8}: java.lang.invoke.DirectMethodHandle$Holder.invokeStatic(Ljava/lang/Object;Ljava/lang/Object;Ljava/lang/Object;Ljava/lang/Object;Ljava/lang/Object;Ljava/lang/Object;Ljava/lang/Object;Ljava/lan
Event: 11.566 Thread 0x000001cb0ee7f000 Exception <a 'java/lang/NoSuchMethodError'{0x000000008ad562d0}: java.lang.invoke.DirectMethodHandle$Holder.invokeStatic(Ljava/lang/Object;Ljava/lang/Object;Ljava/lang/Object;Ljava/lang/Object;Ljava/lang/Object;Ljava/lang/Object;Ljava/lang/Object;Ljava/lan
Event: 11.575 Thread 0x000001cb0ee7f000 Exception <a 'java/lang/NoSuchMethodError'{0x000000008ad75058}: java.lang.invoke.DirectMethodHandle$Holder.invokeStatic(Ljava/lang/Object;Ljava/lang/Object;Ljava/lang/Object;Ljava/lang/Object;Ljava/lang/Object;Ljava/lang/Object;Ljava/lang/Object;Ljava/lan
Event: 11.580 Thread 0x000001cb0ee7f000 Exception <a 'java/lang/NoSuchMethodError'{0x000000008ad95718}: java.lang.invoke.DirectMethodHandle$Holder.invokeStatic(Ljava/lang/Object;Ljava/lang/Object;Ljava/lang/Object;Ljava/lang/Object;Ljava/lang/Object;Ljava/lang/Object;Ljava/lang/Object;Ljava/lan
Event: 11.838 Thread 0x000001cb0ee7f000 Exception <a 'java/lang/NoSuchMethodError'{0x000000008a360f98}: java.lang.invoke.DirectMethodHandle$Holder.invokeStatic(Ljava/lang/Object;Ljava/lang/Object;ILjava/lang/Object;)Ljava/lang/Object;> (0x000000008a360f98) thrown at [t:/workspace/open/src/hotsp
Event: 11.838 Thread 0x000001cb0ee7f000 Exception <a 'java/lang/NoSuchMethodError'{0x000000008a364768}: java.lang.invoke.DirectMethodHandle$Holder.invokeSpecial(Ljava/lang/Object;Ljava/lang/Object;Ljava/lang/Object;ILjava/lang/Object;)Ljava/lang/Object;> (0x000000008a364768) thrown at [t:/works
Event: 11.838 Thread 0x000001cb0ee7f000 Exception <a 'java/lang/NoSuchMethodError'{0x000000008a3677c8}: java.lang.invoke.Invokers$Holder.linkToTargetMethod(Ljava/lang/Object;ILjava/lang/Object;Ljava/lang/Object;)Ljava/lang/Object;> (0x000000008a3677c8) thrown at [t:/workspace/open/src/hotspot/s
Event: 11.912 Thread 0x000001cb0ee7f000 Exception <a 'java/lang/NoSuchMethodError'{0x000000008a102e60}: java.lang.invoke.DirectMethodHandle$Holder.invokeInterface(Ljava/lang/Object;Ljava/lang/Object;Ljava/lang/Object;)Ljava/lang/Object;> (0x000000008a102e60) thrown at [t:/workspace/open/src/hot
Event: 12.045 Thread 0x000001cb0ee7f000 Implicit null exception at 0x000001cb1efef378 to 0x000001cb1eff06a6
Event: 12.193 Thread 0x000001cb0ee7f000 Implicit null exception at 0x000001cb1efea6c7 to 0x000001cb1efeb8a6

Events (10 events):
Event: 12.946 Thread 0x000001cb0ee7f000 Uncommon trap: trap_request=0xffffff4d fr.pc=0x000001cb1f0bf4dc relative=0x0000000000000b9c
Event: 12.946 Thread 0x000001cb0ee7f000 DEOPT PACKING pc=0x000001cb1f0bf4dc sp=0x00000022e68fe920
Event: 12.946 Thread 0x000001cb0ee7f000 DEOPT UNPACKING pc=0x000001cb17228f2f sp=0x00000022e68fe7e0 mode 2
Event: 12.948 Thread 0x000001cb0ee7f000 Uncommon trap: trap_request=0xffffff4d fr.pc=0x000001cb1f0c2c08 relative=0x0000000000000ae8
Event: 12.948 Thread 0x000001cb0ee7f000 DEOPT PACKING pc=0x000001cb1f0c2c08 sp=0x00000022e68fe8f0
Event: 12.948 Thread 0x000001cb0ee7f000 DEOPT UNPACKING pc=0x000001cb17228f2f sp=0x00000022e68fe7e8 mode 2
Event: 13.021 Thread 0x000001cb0ee7f000 Uncommon trap: trap_request=0xffffffde fr.pc=0x000001cb1f098e68 relative=0x0000000000000048
Event: 13.021 Thread 0x000001cb0ee7f000 DEOPT PACKING pc=0x000001cb1f098e68 sp=0x00000022e68feae0
Event: 13.021 Thread 0x000001cb0ee7f000 DEOPT UNPACKING pc=0x000001cb17228f2f sp=0x00000022e68fea70 mode 2
Event: 13.022 Executing VM operation: G1CollectForAllocation


Dynamic libraries:
0x00007ff73a6e0000 - 0x00007ff73a727000 	C:\Program Files\Java\jdk-11.0.6\bin\javaw.exe
0x00007ffb21420000 - 0x00007ffb21610000 	C:\WINDOWS\SYSTEM32\ntdll.dll
0x00007ffb1fca0000 - 0x00007ffb1fd52000 	C:\WINDOWS\System32\KERNEL32.DLL
0x00007ffb1f1f0000 - 0x00007ffb1f494000 	C:\WINDOWS\System32\KERNELBASE.dll
0x00007ffb203d0000 - 0x00007ffb20473000 	C:\WINDOWS\System32\ADVAPI32.dll
0x00007ffb1f7e0000 - 0x00007ffb1f87e000 	C:\WINDOWS\System32\msvcrt.dll
0x00007ffb1f670000 - 0x00007ffb1f707000 	C:\WINDOWS\System32\sechost.dll
0x00007ffb1fd60000 - 0x00007ffb1fe80000 	C:\WINDOWS\System32\RPCRT4.dll
0x00007ffb1f4d0000 - 0x00007ffb1f664000 	C:\WINDOWS\System32\USER32.dll
0x00007ffb1f4a0000 - 0x00007ffb1f4c1000 	C:\WINDOWS\System32\win32u.dll
0x00007ffb20490000 - 0x00007ffb204b6000 	C:\WINDOWS\System32\GDI32.dll
0x00007ffb1f050000 - 0x00007ffb1f1e4000 	C:\WINDOWS\System32\gdi32full.dll
0x00007ffb1ec90000 - 0x00007ffb1ed2e000 	C:\WINDOWS\System32\msvcp_win.dll
0x00007ffb1ede0000 - 0x00007ffb1eeda000 	C:\WINDOWS\System32\ucrtbase.dll
0x00007ffb0ab50000 - 0x00007ffb0add4000 	C:\WINDOWS\WinSxS\amd64_microsoft.windows.common-controls_6595b64144ccf1df_6.0.18362.836_none_e6c4b943130f18ed\COMCTL32.dll
0x00007ffb14db0000 - 0x00007ffb14dba000 	C:\WINDOWS\SYSTEM32\VERSION.dll
0x00007ffb1ff50000 - 0x00007ffb20286000 	C:\WINDOWS\System32\combase.dll
0x00007ffb1ec10000 - 0x00007ffb1ec90000 	C:\WINDOWS\System32\bcryptPrimitives.dll
0x00007ffb20620000 - 0x00007ffb2064e000 	C:\WINDOWS\System32\IMM32.DLL
0x00007ffb18d70000 - 0x00007ffb18d86000 	C:\Program Files\Java\jdk-11.0.6\bin\vcruntime140.dll
0x00007ffb0f0b0000 - 0x00007ffb0f15a000 	C:\Program Files\Java\jdk-11.0.6\bin\msvcp140.dll
0x00007ffaec950000 - 0x00007ffaed479000 	C:\Program Files\Java\jdk-11.0.6\bin\server\jvm.dll
0x00007ffb20480000 - 0x00007ffb20488000 	C:\WINDOWS\System32\PSAPI.DLL
0x00007ffb1c5d0000 - 0x00007ffb1c5f4000 	C:\WINDOWS\SYSTEM32\WINMM.dll
0x00007ffb16610000 - 0x00007ffb16619000 	C:\WINDOWS\SYSTEM32\WSOCK32.dll
0x00007ffb20360000 - 0x00007ffb203cf000 	C:\WINDOWS\System32\WS2_32.dll
0x00007ffb1c380000 - 0x00007ffb1c3ad000 	C:\WINDOWS\SYSTEM32\winmmbase.dll
0x00007ffb1e410000 - 0x00007ffb1e45a000 	C:\WINDOWS\System32\cfgmgr32.dll
0x00007ffb1e390000 - 0x00007ffb1e3a1000 	C:\WINDOWS\System32\kernel.appcore.dll
0x00007ffb165d0000 - 0x00007ffb165e1000 	C:\Program Files\Java\jdk-11.0.6\bin\verify.dll
0x00007ffb0b420000 - 0x00007ffb0b614000 	C:\WINDOWS\SYSTEM32\DBGHELP.DLL
0x00007ffb0b3f0000 - 0x00007ffb0b41a000 	C:\WINDOWS\SYSTEM32\dbgcore.DLL
0x00007ffb165a0000 - 0x00007ffb165c9000 	C:\Program Files\Java\jdk-11.0.6\bin\java.dll
0x00007ffb16580000 - 0x00007ffb16596000 	C:\Program Files\Java\jdk-11.0.6\bin\zip.dll
0x00007ffb16570000 - 0x00007ffb1657a000 	C:\Program Files\Java\jdk-11.0.6\bin\jimage.dll
0x00007ffb20c60000 - 0x00007ffb21344000 	C:\WINDOWS\System32\SHELL32.dll
0x00007ffb20290000 - 0x00007ffb20339000 	C:\WINDOWS\System32\shcore.dll
0x00007ffb1e460000 - 0x00007ffb1ebde000 	C:\WINDOWS\System32\windows.storage.dll
0x00007ffb1e2f0000 - 0x00007ffb1e313000 	C:\WINDOWS\System32\profapi.dll
0x00007ffb1e320000 - 0x00007ffb1e36a000 	C:\WINDOWS\System32\powrprof.dll
0x00007ffb1e2e0000 - 0x00007ffb1e2f0000 	C:\WINDOWS\System32\UMPDC.dll
0x00007ffb20790000 - 0x00007ffb207e2000 	C:\WINDOWS\System32\shlwapi.dll
0x00007ffb1f030000 - 0x00007ffb1f047000 	C:\WINDOWS\System32\cryptsp.dll
0x00007ffb16550000 - 0x00007ffb16569000 	C:\Program Files\Java\jdk-11.0.6\bin\net.dll
0x00007ffb17f40000 - 0x00007ffb18030000 	C:\WINDOWS\SYSTEM32\WINHTTP.dll
0x00007ffb1daf0000 - 0x00007ffb1db57000 	C:\WINDOWS\system32\mswsock.dll
0x00007ffb15ff0000 - 0x00007ffb16003000 	C:\Program Files\Java\jdk-11.0.6\bin\nio.dll
0x00007ffb1d840000 - 0x00007ffb1d90b000 	C:\WINDOWS\SYSTEM32\DNSAPI.dll
0x00007ffb21350000 - 0x00007ffb21358000 	C:\WINDOWS\System32\NSI.dll
0x00007ffb1d800000 - 0x00007ffb1d83a000 	C:\WINDOWS\SYSTEM32\IPHLPAPI.DLL
0x00007ffb10a10000 - 0x00007ffb10a1a000 	C:\Windows\System32\rasadhlp.dll
0x00007ffb14b20000 - 0x00007ffb14b97000 	C:\WINDOWS\System32\fwpuclnt.dll
0x00007ffb1ebe0000 - 0x00007ffb1ec06000 	C:\WINDOWS\System32\bcrypt.dll
0x00007ffb1ab70000 - 0x00007ffb1ab79000 	C:\Program Files\Java\jdk-11.0.6\bin\management.dll
0x00007ffb1d660000 - 0x00007ffb1d693000 	C:\WINDOWS\system32\rsaenh.dll
0x00007ffb1e200000 - 0x00007ffb1e225000 	C:\WINDOWS\SYSTEM32\USERENV.dll
0x00007ffb1dcc0000 - 0x00007ffb1dccc000 	C:\WINDOWS\SYSTEM32\CRYPTBASE.dll
0x00007ffb15960000 - 0x00007ffb15976000 	C:\WINDOWS\SYSTEM32\dhcpcsvc6.DLL
0x00007ffb16420000 - 0x00007ffb1643c000 	C:\WINDOWS\SYSTEM32\dhcpcsvc.DLL

dbghelp: loaded successfully - version: 4.0.5 - missing functions: none
symbol engine: initialized successfully - sym options: 0x614 - pdb path: .;C:\Program Files\Java\jdk-11.0.6\bin;C:\WINDOWS\SYSTEM32;C:\WINDOWS\WinSxS\amd64_microsoft.windows.common-controls_6595b64144ccf1df_6.0.18362.836_none_e6c4b943130f18ed;C:\Program Files\Java\jdk-11.0.6\bin\server

VM Arguments:
jvm_args: -Dfile.encoding=UTF-8 
java_command: V5Tajweed.tajweedV5
java_class_path (initial): C:\Users\Ramsha\eclipse-workspace\V5Tajweed\target\classes;F:\Protege-5.5.0\plugins\cellfie-2.1.0.jar;F:\Protege-5.5.0\plugins\code-generation-2.0.0.jar;F:\Protege-5.5.0\plugins\com.clarkparsia.protege.plugin.pellet-2.2.0.jar;F:\Protege-5.5.0\plugins\csv-export-plugin-1.0.0.jar;F:\Protege-5.5.0\plugins\existentialquery-2.0.0.jar;F:\Protege-5.5.0\plugins\explanation-workbench-3.0.0.jar;F:\Protege-5.5.0\plugins\ontograf-2.0.3.jar;F:\Protege-5.5.0\plugins\org.coode.dlquery-4.0.1.jar;F:\Protege-5.5.0\plugins\org.semanticweb.hermit-1.4.3.456.jar;F:\Protege-5.5.0\plugins\owldoc-3.0.3.jar;F:\Protege-5.5.0\plugins\owlviz-5.0.3.jar;F:\Protege-5.5.0\plugins\rdf-library-3.0.0.jar;F:\Protege-5.5.0\plugins\sparql-query-plugin-3.0.0.jar;F:\Protege-5.5.0\plugins\swrltab-plugin-2.0.6.jar;C:\Users\Ramsha\eclipse-workspace\V5Tajweed\mysql-connector-java-5.1.23-bin.jar;C:\Users\Ramsha\.m2\repository\edu\stanford\swrl\swrlapi\2.0.8\swrlapi-2.0.8.jar;C:\Users\Ramsha\.m2\repository\net\sourceforge\owlapi\owlapi-osgidistribution\4.5.9\owlapi-osgidistribution-4.5.9.jar;C:\Users\Ramsha\.m2\repository\org\openrdf\sesame\sesame-util\2.7.16\sesame-util-2.7.16.jar;C:\Users\Ramsha\.m2\repository\com\github\jsonld-java\jsonld-java\0.12.0\jsonld-java-0.12.0.jar;C:\Users\Ramsha\.m2\repository\org\apache\httpcomponents\httpclient-osgi\4.5.5\httpclient-osgi-4.5.5.jar;C:\Users\Ramsha\.m2\repository\org\apache\httpcomponents\httpmime\4.5.5\httpmime-4.5.5.jar;C:\Users\Ramsha\.m2\repository\org\apache\httpcomponents\fluent-hc\4.5.5\fluent-hc-4.5.5.jar;C:\Users\Ramsha\.m2\repository\org\apache\httpcomponents\httpcore-osgi\4.4.9\httpcore-osgi-4.4.9.jar;C:\Users\Ramsha\.m2\repository\org\apache\httpcomponents\httpcore-nio\4.4.9\httpcore-nio-4.4.9.jar;C:\Users\Ramsha\.m2\repository\org\apache\httpcomponents\httpclient\4.5.2\httpclient-4.5.2.jar;C:\Users\Ramsha\.m2\repository\org\apache\httpcomponents\httpclient-cache\4.5.2\httpclient-cache-4.5.2.jar;C:\Users\Ramsha\.m2\repository
Launcher Type: SUN_STANDARD

[Global flags]
     intx CICompilerCount                          = 3                                         {product} {ergonomic}
     uint ConcGCThreads                            = 1                                         {product} {ergonomic}
     uint G1ConcRefinementThreads                  = 4                                         {product} {ergonomic}
   size_t G1HeapRegionSize                         = 1048576                                   {product} {ergonomic}
    uintx GCDrainStackTargetSize                   = 64                                        {product} {ergonomic}
   size_t InitialHeapSize                          = 132120576                                 {product} {ergonomic}
   size_t MarkStackSize                            = 4194304                                   {product} {ergonomic}
   size_t MaxHeapSize                              = 2111832064                                {product} {ergonomic}
   size_t MaxNewSize                               = 1266679808                                {product} {ergonomic}
   size_t MinHeapDeltaBytes                        = 1048576                                   {product} {ergonomic}
    uintx NonNMethodCodeHeapSize                   = 5830732                                {pd product} {ergonomic}
    uintx NonProfiledCodeHeapSize                  = 122913754                              {pd product} {ergonomic}
    uintx ProfiledCodeHeapSize                     = 122913754                              {pd product} {ergonomic}
    uintx ReservedCodeCacheSize                    = 251658240                              {pd product} {ergonomic}
     bool SegmentedCodeCache                       = true                                      {product} {ergonomic}
     bool UseCompressedClassPointers               = true                                 {lp64_product} {ergonomic}
     bool UseCompressedOops                        = true                                 {lp64_product} {ergonomic}
     bool UseG1GC                                  = true                                      {product} {ergonomic}
     bool UseLargePagesIndividualAllocation        = false                                  {pd product} {ergonomic}

Logging:
Log output configuration:
 #0: stdout all=warning uptime,level,tags
 #1: stderr all=off uptime,level,tags

Environment Variables:
PATH=C:/Program Files/Java/jdk-11.0.6/bin/server;C:/Program Files/Java/jdk-11.0.6/bin;C:\WINDOWS\system32;C:\WINDOWS;C:\WINDOWS\System32\Wbem;C:\WINDOWS\System32\WindowsPowerShell\v1.0\;C:\WINDOWS\System32\OpenSSH\;C:\Program Files\Java\jdk-11.0.6\bin;C:\Program Files\Git\cmd;C:\Users\Ramsha\AppData\Local\Microsoft\WindowsApps;;C:\Users\Ramsha\Desktop;
USERNAME=Ramsha
OS=Windows_NT
PROCESSOR_IDENTIFIER=Intel64 Family 6 Model 78 Stepping 3, GenuineIntel



---------------  S Y S T E M  ---------------

OS: Windows 10 , 64 bit Build 18362 (10.0.18362.778)

CPU:total 4 (initial active 4) (2 cores per cpu, 2 threads per core) family 6 model 78 stepping 3, cmov, cx8, fxsr, mmx, sse, sse2, sse3, ssse3, sse4.1, sse4.2, popcnt, avx, avx2, aes, clmul, erms, 3dnowpref, lzcnt, ht, tsc, tscinvbit, bmi1, bmi2, adx, fma

Memory: 4k page, system-wide physical 8051M (510M free)
TotalPageFile size 22213M (AvailPageFile size 194M)
current process WorkingSet (physical memory assigned to process): 365M, peak: 365M
current process commit charge ("private bytes"): 394M, peak: 587M

vm_info: Java HotSpot(TM) 64-Bit Server VM (11.0.6+8-LTS) for windows-amd64 JRE (11.0.6+8-LTS), built on Dec 11 2019 09:17:57 by "mach5one" with MS VC++ 15.5 (VS2017)

END.
