#
# There is insufficient memory for the Java Runtime Environment to continue.
# Native memory allocation (mmap) failed to map 201326592 bytes for Failed to commit area from 0x000000008e200000 to 0x000000009a200000 of length 201326592.
# Possible reasons:
#   The system is out of physical RAM or swap space
#   The process is running with CompressedOops enabled, and the Java Heap may be blocking the growth of the native heap
# Possible solutions:
#   Reduce memory load on the system
#   Increase physical memory or swap space
#   Check if swap backing store is full
#   Decrease Java heap size (-Xmx/-Xms)
#   Decrease number of Java threads
#   Decrease Java thread stack sizes (-Xss)
#   Set larger code cache with -XX:ReservedCodeCacheSize=
#   JVM is running with Unscaled Compressed Oops mode in which the Java heap is
#     placed in the first 4GB address space. The Java Heap base address is the
#     maximum limit for the native heap growth. Please use -XX:HeapBaseMinAddress
#     to set the Java Heap base and to place the Java Heap above 4GB virtual address.
# This output file may be truncated or incomplete.
#
#  Out of Memory Error (t:/workspace/open/src/hotspot/os/windows/os_windows.cpp:3271), pid=8012, tid=12068
#
# JRE version: Java(TM) SE Runtime Environment (11.0.6+8) (build 11.0.6+8-LTS)
# Java VM: Java HotSpot(TM) 64-Bit Server VM (11.0.6+8-LTS, mixed mode, tiered, compressed oops, g1 gc, windows-amd64)
# No core dump will be written. Minidumps are not enabled by default on client versions of Windows
#

---------------  S U M M A R Y ------------

Command Line: -Dfile.encoding=UTF-8 V5Tajweed.tajweedV5

Host: Intel(R) Core(TM) i5-6200U CPU @ 2.30GHz, 4 cores, 7G,  Windows 10 , 64 bit Build 18362 (10.0.18362.778)
Time: Fri Jun  5 01:40:14 2020 Pakistan Standard Time elapsed time: 12 seconds (0d 0h 0m 12s)

---------------  T H R E A D  ---------------

Current thread (0x000001b97ef44800):  VMThread "VM Thread" [stack: 0x0000009709b00000,0x0000009709c00000] [id=12068]

Stack: [0x0000009709b00000,0x0000009709c00000]
[error occurred during error reporting (printing stack bounds), id 0xc0000005, EXCEPTION_ACCESS_VIOLATION (0xc0000005) at pc=0x000001b900000bad]

Native frames: (J=compiled Java code, j=interpreted, Vv=VM code, C=native code)
V  [jvm.dll+0x63679a]
V  [jvm.dll+0x7755bf]
V  [jvm.dll+0x776c65]
V  [jvm.dll+0x777235]
V  [jvm.dll+0x7771eb]
V  [jvm.dll+0x635e96]
V  [jvm.dll+0x636268]
C  [ntdll.dll+0xa11cf]
C  [ntdll.dll+0x6a209]
C  [ntdll.dll+0x9fe3e]
C  0x000001b900000bad

VM_Operation (0x00000097095fe460): G1CollectForAllocation, mode: safepoint, requested by thread 0x000001b96fc1d000


---------------  P R O C E S S  ---------------

Threads class SMR info:
_java_thread_list=0x000001b911a04b20, length=19, elements={
0x000001b96fc1d000, 0x000001b97ef47800, 0x000001b97ef73000, 0x000001b97f8e2800,
0x000001b97ef7e800, 0x000001b97ef7f800, 0x000001b97ef8a800, 0x000001b97ef97800,
0x000001b97fa41800, 0x000001b97fa42000, 0x000001b90faee000, 0x000001b90fc94800,
0x000001b97fc18000, 0x000001b90fd4e000, 0x000001b91184d000, 0x000001b914e3f000,
0x000001b91499e800, 0x000001b90f628800, 0x000001b91394c000
}

Java Threads: ( => current thread )
  0x000001b96fc1d000 JavaThread "main" [_thread_blocked, id=1712, stack(0x0000009709500000,0x0000009709600000)]
  0x000001b97ef47800 JavaThread "Reference Handler" daemon [_thread_blocked, id=10040, stack(0x0000009709c00000,0x0000009709d00000)]
  0x000001b97ef73000 JavaThread "Finalizer" daemon [_thread_blocked, id=11960, stack(0x0000009709d00000,0x0000009709e00000)]
  0x000001b97f8e2800 JavaThread "Signal Dispatcher" daemon [_thread_blocked, id=9360, stack(0x0000009709e00000,0x0000009709f00000)]
  0x000001b97ef7e800 JavaThread "Attach Listener" daemon [_thread_blocked, id=15116, stack(0x0000009709f00000,0x000000970a000000)]
  0x000001b97ef7f800 JavaThread "C2 CompilerThread0" daemon [_thread_blocked, id=8772, stack(0x000000970a000000,0x000000970a100000)]
  0x000001b97ef8a800 JavaThread "C1 CompilerThread0" daemon [_thread_blocked, id=12336, stack(0x000000970a100000,0x000000970a200000)]
  0x000001b97ef97800 JavaThread "Sweeper thread" daemon [_thread_blocked, id=11988, stack(0x000000970a200000,0x000000970a300000)]
  0x000001b97fa41800 JavaThread "Service Thread" daemon [_thread_blocked, id=11460, stack(0x000000970a300000,0x000000970a400000)]
  0x000001b97fa42000 JavaThread "Common-Cleaner" daemon [_thread_blocked, id=11808, stack(0x000000970a500000,0x000000970a600000)]
  0x000001b90faee000 JavaThread "ForkJoinPool.commonPool-worker-3" daemon [_thread_blocked, id=8732, stack(0x000000970a900000,0x000000970aa00000)]
  0x000001b90fc94800 JavaThread "ForkJoinPool.commonPool-worker-5" daemon [_thread_blocked, id=9488, stack(0x000000970a600000,0x000000970a700000)]
  0x000001b97fc18000 JavaThread "ForkJoinPool.commonPool-worker-7" daemon [_thread_blocked, id=10416, stack(0x000000970aa00000,0x000000970ab00000)]
  0x000001b90fd4e000 JavaThread "Abandoned connection cleanup thread" daemon [_thread_blocked, id=6928, stack(0x000000970ac00000,0x000000970ad00000)]
  0x000001b91184d000 JavaThread "C2 CompilerThread1" daemon [_thread_blocked, id=2372, stack(0x000000970ab00000,0x000000970ac00000)]
  0x000001b914e3f000 JavaThread "drools-worker-1" daemon [_thread_blocked, id=12216, stack(0x000000970ad00000,0x000000970ae00000)]
  0x000001b91499e800 JavaThread "drools-worker-2" daemon [_thread_blocked, id=508, stack(0x000000970ae00000,0x000000970af00000)]
  0x000001b90f628800 JavaThread "drools-worker-3" daemon [_thread_blocked, id=5048, stack(0x000000970af00000,0x000000970b000000)]
  0x000001b91394c000 JavaThread "drools-worker-4" daemon [_thread_blocked, id=2276, stack(0x000000970b000000,0x000000970b100000)]

Other Threads:
=>0x000001b97ef44800 VMThread "VM Thread" [stack: 0x0000009709b00000,0x0000009709c00000] [id=12068]
  0x000001b97fa45800 WatcherThread [stack: 0x000000970a400000,0x000000970a500000] [id=14896]
  0x000001b96fc34000 GCTaskThread "GC Thread#0" [stack: 0x0000009709600000,0x0000009709700000] [id=16068]
  0x000001b90f288800 GCTaskThread "GC Thread#1" [stack: 0x000000970a700000,0x000000970a800000] [id=6132]
  0x000001b90f289800 GCTaskThread "GC Thread#2" [stack: 0x000000970a800000,0x000000970a900000] [id=5564]
  0x000001b913f84800 GCTaskThread "GC Thread#3" [stack: 0x000000970b400000,0x000000970b500000] [id=3548]
  0x000001b96fc65800 ConcurrentGCThread "G1 Main Marker" [stack: 0x0000009709700000,0x0000009709800000] [id=2800]
  0x000001b96fc67000 ConcurrentGCThread "G1 Conc#0" [stack: 0x0000009709800000,0x0000009709900000] [id=8084]
  0x000001b96fcee000 ConcurrentGCThread "G1 Refine#0" [stack: 0x0000009709900000,0x0000009709a00000] [id=2008]
  0x000001b9125d4000 ConcurrentGCThread "G1 Refine#1" [stack: 0x000000970b100000,0x000000970b200000] [id=11828]
  0x000001b9139b4800 ConcurrentGCThread "G1 Refine#2" [stack: 0x000000970b200000,0x000000970b300000] [id=1116]
  0x000001b90fff2000 ConcurrentGCThread "G1 Refine#3" [stack: 0x000000970b300000,0x000000970b400000] [id=15632]
  0x000001b97edb0800 ConcurrentGCThread "G1 Young RemSet Sampling" [stack: 0x0000009709a00000,0x0000009709b00000] [id=9364]

Threads with active compile tasks:

VM state:at safepoint (normal execution)

VM Mutex/Monitor currently owned by a thread:  ([mutex/lock_event])
[0x000001b96fc1c1e0] Threads_lock - owner thread: 0x000001b97ef44800
[0x000001b96fc1ca50] Heap_lock - owner thread: 0x000001b96fc1d000

Heap address: 0x0000000082200000, size: 2014 MB, Compressed Oops mode: 32-bit
Narrow klass base: 0x0000000000000000, Narrow klass shift: 3
Compressed class space size: 1073741824 Address: 0x0000000100000000

Heap:
 garbage-first heap   total 393216K, used 154624K [0x0000000082200000, 0x0000000100000000)
  region size 1024K, 2 young (2048K), 2 survivors (2048K)
 Metaspace       used 63381K, capacity 65145K, committed 65280K, reserved 1105920K
  class space    used 7489K, capacity 8105K, committed 8192K, reserved 1048576K
Heap Regions: E=young(eden), S=young(survivor), O=old, HS=humongous(starts), HC=humongous(continues), CS=collection set, F=free, A=archive, TAMS=top-at-mark-start (previous, next)
|   0|0x0000000082200000, 0x0000000082300000, 0x0000000082300000|100%| O|  |TAMS 0x0000000082300000, 0x0000000082300000| Untracked 
|   1|0x0000000082300000, 0x0000000082400000, 0x0000000082400000|100%| O|  |TAMS 0x0000000082400000, 0x0000000082400000| Untracked 
|   2|0x0000000082400000, 0x0000000082500000, 0x0000000082500000|100%| O|  |TAMS 0x0000000082500000, 0x0000000082500000| Untracked 
|   3|0x0000000082500000, 0x0000000082600000, 0x0000000082600000|100%| O|  |TAMS 0x0000000082600000, 0x0000000082600000| Untracked 
|   4|0x0000000082600000, 0x0000000082700000, 0x0000000082700000|100%| O|  |TAMS 0x0000000082700000, 0x0000000082700000| Untracked 
|   5|0x0000000082700000, 0x0000000082800000, 0x0000000082800000|100%| O|  |TAMS 0x0000000082800000, 0x0000000082800000| Untracked 
|   6|0x0000000082800000, 0x0000000082900000, 0x0000000082900000|100%| O|  |TAMS 0x0000000082900000, 0x0000000082900000| Untracked 
|   7|0x0000000082900000, 0x0000000082a00000, 0x0000000082a00000|100%| O|  |TAMS 0x0000000082a00000, 0x0000000082a00000| Untracked 
|   8|0x0000000082a00000, 0x0000000082b00000, 0x0000000082b00000|100%| O|  |TAMS 0x0000000082b00000, 0x0000000082b00000| Untracked 
|   9|0x0000000082b00000, 0x0000000082c00000, 0x0000000082c00000|100%| O|  |TAMS 0x0000000082c00000, 0x0000000082c00000| Untracked 
|  10|0x0000000082c00000, 0x0000000082d00000, 0x0000000082d00000|100%| O|  |TAMS 0x0000000082d00000, 0x0000000082d00000| Untracked 
|  11|0x0000000082d00000, 0x0000000082e00000, 0x0000000082e00000|100%| O|  |TAMS 0x0000000082e00000, 0x0000000082e00000| Untracked 
|  12|0x0000000082e00000, 0x0000000082f00000, 0x0000000082f00000|100%| O|  |TAMS 0x0000000082f00000, 0x0000000082f00000| Untracked 
|  13|0x0000000082f00000, 0x0000000083000000, 0x0000000083000000|100%| O|  |TAMS 0x0000000083000000, 0x0000000083000000| Untracked 
|  14|0x0000000083000000, 0x0000000083100000, 0x0000000083100000|100%| O|  |TAMS 0x0000000083100000, 0x0000000083100000| Untracked 
|  15|0x0000000083100000, 0x0000000083200000, 0x0000000083200000|100%| O|  |TAMS 0x0000000083200000, 0x0000000083200000| Untracked 
|  16|0x0000000083200000, 0x0000000083300000, 0x0000000083300000|100%| O|  |TAMS 0x0000000083300000, 0x0000000083300000| Untracked 
|  17|0x0000000083300000, 0x0000000083400000, 0x0000000083400000|100%| O|  |TAMS 0x0000000083400000, 0x0000000083400000| Untracked 
|  18|0x0000000083400000, 0x0000000083500000, 0x0000000083500000|100%| O|  |TAMS 0x0000000083500000, 0x0000000083500000| Untracked 
|  19|0x0000000083500000, 0x0000000083600000, 0x0000000083600000|100%| O|  |TAMS 0x0000000083600000, 0x0000000083600000| Untracked 
|  20|0x0000000083600000, 0x0000000083700000, 0x0000000083700000|100%| O|  |TAMS 0x0000000083600000, 0x0000000083700000| Untracked 
|  21|0x0000000083700000, 0x0000000083800000, 0x0000000083800000|100%| O|  |TAMS 0x0000000083700000, 0x0000000083800000| Untracked 
|  22|0x0000000083800000, 0x0000000083900000, 0x0000000083900000|100%| O|  |TAMS 0x0000000083800000, 0x0000000083900000| Untracked 
|  23|0x0000000083900000, 0x0000000083a00000, 0x0000000083a00000|100%| O|  |TAMS 0x0000000083900000, 0x0000000083a00000| Untracked 
|  24|0x0000000083a00000, 0x0000000083b00000, 0x0000000083b00000|100%| O|  |TAMS 0x0000000083a00000, 0x0000000083b00000| Untracked 
|  25|0x0000000083b00000, 0x0000000083c00000, 0x0000000083c00000|100%| O|  |TAMS 0x0000000083b00000, 0x0000000083c00000| Untracked 
|  26|0x0000000083c00000, 0x0000000083d00000, 0x0000000083d00000|100%| O|  |TAMS 0x0000000083c00000, 0x0000000083d00000| Untracked 
|  27|0x0000000083d00000, 0x0000000083e00000, 0x0000000083e00000|100%| O|  |TAMS 0x0000000083d00000, 0x0000000083e00000| Untracked 
|  28|0x0000000083e00000, 0x0000000083f00000, 0x0000000083f00000|100%| O|  |TAMS 0x0000000083e00000, 0x0000000083f00000| Untracked 
|  29|0x0000000083f00000, 0x0000000084000000, 0x0000000084000000|100%| O|  |TAMS 0x0000000083f00000, 0x0000000084000000| Untracked 
|  30|0x0000000084000000, 0x0000000084100000, 0x0000000084100000|100%| O|  |TAMS 0x0000000084000000, 0x0000000084100000| Untracked 
|  31|0x0000000084100000, 0x0000000084200000, 0x0000000084200000|100%| O|  |TAMS 0x0000000084100000, 0x0000000084200000| Untracked 
|  32|0x0000000084200000, 0x0000000084300000, 0x0000000084300000|100%| O|  |TAMS 0x0000000084200000, 0x0000000084300000| Untracked 
|  33|0x0000000084300000, 0x0000000084400000, 0x0000000084400000|100%| O|  |TAMS 0x0000000084400000, 0x0000000084400000| Untracked 
|  34|0x0000000084400000, 0x0000000084500000, 0x0000000084500000|100%| O|  |TAMS 0x0000000084500000, 0x0000000084500000| Untracked 
|  35|0x0000000084500000, 0x0000000084600000, 0x0000000084600000|100%| O|  |TAMS 0x0000000084600000, 0x0000000084600000| Untracked 
|  36|0x0000000084600000, 0x0000000084700000, 0x0000000084700000|100%| O|  |TAMS 0x0000000084700000, 0x0000000084700000| Untracked 
|  37|0x0000000084700000, 0x0000000084800000, 0x0000000084800000|100%| O|  |TAMS 0x0000000084800000, 0x0000000084800000| Untracked 
|  38|0x0000000084800000, 0x0000000084900000, 0x0000000084900000|100%| O|  |TAMS 0x0000000084900000, 0x0000000084900000| Untracked 
|  39|0x0000000084900000, 0x0000000084a00000, 0x0000000084a00000|100%| O|  |TAMS 0x0000000084a00000, 0x0000000084a00000| Untracked 
|  40|0x0000000084a00000, 0x0000000084b00000, 0x0000000084b00000|100%| O|  |TAMS 0x0000000084b00000, 0x0000000084b00000| Untracked 
|  41|0x0000000084b00000, 0x0000000084c00000, 0x0000000084c00000|100%| O|  |TAMS 0x0000000084c00000, 0x0000000084c00000| Untracked 
|  42|0x0000000084c00000, 0x0000000084d00000, 0x0000000084d00000|100%| O|  |TAMS 0x0000000084d00000, 0x0000000084d00000| Untracked 
|  43|0x0000000084d00000, 0x0000000084e00000, 0x0000000084e00000|100%| O|  |TAMS 0x0000000084e00000, 0x0000000084e00000| Untracked 
|  44|0x0000000084e00000, 0x0000000084f00000, 0x0000000084f00000|100%| O|  |TAMS 0x0000000084f00000, 0x0000000084f00000| Untracked 
|  45|0x0000000084f00000, 0x0000000085000000, 0x0000000085000000|100%| O|  |TAMS 0x0000000085000000, 0x0000000085000000| Untracked 
|  46|0x0000000085000000, 0x0000000085100000, 0x0000000085100000|100%| O|  |TAMS 0x0000000085100000, 0x0000000085100000| Untracked 
|  47|0x0000000085100000, 0x0000000085200000, 0x0000000085200000|100%| O|  |TAMS 0x0000000085200000, 0x0000000085200000| Untracked 
|  48|0x0000000085200000, 0x0000000085300000, 0x0000000085300000|100%| O|  |TAMS 0x0000000085300000, 0x0000000085300000| Untracked 
|  49|0x0000000085300000, 0x0000000085400000, 0x0000000085400000|100%| O|  |TAMS 0x0000000085300000, 0x0000000085400000| Untracked 
|  50|0x0000000085400000, 0x0000000085500000, 0x0000000085500000|100%| O|  |TAMS 0x0000000085400000, 0x0000000085500000| Untracked 
|  51|0x0000000085500000, 0x0000000085600000, 0x0000000085600000|100%| O|  |TAMS 0x0000000085500000, 0x0000000085600000| Untracked 
|  52|0x0000000085600000, 0x0000000085700000, 0x0000000085700000|100%| O|  |TAMS 0x0000000085600000, 0x0000000085700000| Untracked 
|  53|0x0000000085700000, 0x0000000085800000, 0x0000000085800000|100%| O|  |TAMS 0x0000000085700000, 0x0000000085800000| Untracked 
|  54|0x0000000085800000, 0x0000000085900000, 0x0000000085900000|100%| O|  |TAMS 0x0000000085800000, 0x0000000085900000| Untracked 
|  55|0x0000000085900000, 0x0000000085a00000, 0x0000000085a00000|100%| O|  |TAMS 0x0000000085900000, 0x0000000085a00000| Untracked 
|  56|0x0000000085a00000, 0x0000000085b00000, 0x0000000085b00000|100%| O|  |TAMS 0x0000000085a00000, 0x0000000085a80000| Untracked 
|  57|0x0000000085b00000, 0x0000000085c00000, 0x0000000085c00000|100%| O|  |TAMS 0x0000000085b00000, 0x0000000085b00000| Untracked 
|  58|0x0000000085c00000, 0x0000000085d00000, 0x0000000085d00000|100%| O|  |TAMS 0x0000000085c00000, 0x0000000085c00000| Untracked 
|  59|0x0000000085d00000, 0x0000000085e00000, 0x0000000085e00000|100%| O|  |TAMS 0x0000000085d00000, 0x0000000085d00000| Untracked 
|  60|0x0000000085e00000, 0x0000000085f00000, 0x0000000085f00000|100%| O|  |TAMS 0x0000000085e00000, 0x0000000085e00000| Untracked 
|  61|0x0000000085f00000, 0x0000000086000000, 0x0000000086000000|100%| O|  |TAMS 0x0000000085f00000, 0x0000000086000000| Untracked 
|  62|0x0000000086000000, 0x0000000086100000, 0x0000000086100000|100%| O|  |TAMS 0x0000000086000000, 0x0000000086100000| Untracked 
|  63|0x0000000086100000, 0x0000000086200000, 0x0000000086200000|100%| O|  |TAMS 0x0000000086100000, 0x0000000086200000| Untracked 
|  64|0x0000000086200000, 0x0000000086300000, 0x0000000086300000|100%| O|  |TAMS 0x0000000086200000, 0x0000000086300000| Untracked 
|  65|0x0000000086300000, 0x0000000086400000, 0x0000000086400000|100%| O|  |TAMS 0x0000000086300000, 0x0000000086400000| Untracked 
|  66|0x0000000086400000, 0x0000000086500000, 0x0000000086500000|100%| O|  |TAMS 0x0000000086400000, 0x0000000086500000| Untracked 
|  67|0x0000000086500000, 0x0000000086600000, 0x0000000086600000|100%| O|  |TAMS 0x0000000086500000, 0x0000000086600000| Untracked 
|  68|0x0000000086600000, 0x0000000086700000, 0x0000000086700000|100%| O|  |TAMS 0x0000000086600000, 0x0000000086700000| Untracked 
|  69|0x0000000086700000, 0x0000000086800000, 0x0000000086800000|100%| O|  |TAMS 0x0000000086700000, 0x0000000086800000| Untracked 
|  70|0x0000000086800000, 0x0000000086900000, 0x0000000086900000|100%| O|  |TAMS 0x0000000086800000, 0x0000000086900000| Untracked 
|  71|0x0000000086900000, 0x0000000086a00000, 0x0000000086a00000|100%| O|  |TAMS 0x0000000086900000, 0x0000000086a00000| Untracked 
|  72|0x0000000086a00000, 0x0000000086b00000, 0x0000000086b00000|100%| O|  |TAMS 0x0000000086a00000, 0x0000000086b00000| Untracked 
|  73|0x0000000086b00000, 0x0000000086c00000, 0x0000000086c00000|100%| O|  |TAMS 0x0000000086b00000, 0x0000000086c00000| Untracked 
|  74|0x0000000086c00000, 0x0000000086d00000, 0x0000000086d00000|100%| O|  |TAMS 0x0000000086c00000, 0x0000000086d00000| Untracked 
|  75|0x0000000086d00000, 0x0000000086e00000, 0x0000000086e00000|100%| O|  |TAMS 0x0000000086d00000, 0x0000000086e00000| Untracked 
|  76|0x0000000086e00000, 0x0000000086f00000, 0x0000000086f00000|100%| O|  |TAMS 0x0000000086e00000, 0x0000000086f00000| Untracked 
|  77|0x0000000086f00000, 0x0000000087000000, 0x0000000087000000|100%| O|  |TAMS 0x0000000086f00000, 0x0000000087000000| Untracked 
|  78|0x0000000087000000, 0x0000000087100000, 0x0000000087100000|100%| O|  |TAMS 0x0000000087000000, 0x0000000087100000| Untracked 
|  79|0x0000000087100000, 0x0000000087200000, 0x0000000087200000|100%| O|  |TAMS 0x0000000087100000, 0x0000000087200000| Untracked 
|  80|0x0000000087200000, 0x0000000087300000, 0x0000000087300000|100%| O|  |TAMS 0x0000000087200000, 0x0000000087300000| Untracked 
|  81|0x0000000087300000, 0x0000000087400000, 0x0000000087400000|100%| O|  |TAMS 0x0000000087300000, 0x0000000087400000| Untracked 
|  82|0x0000000087400000, 0x0000000087500000, 0x0000000087500000|100%| O|  |TAMS 0x0000000087400000, 0x0000000087500000| Untracked 
|  83|0x0000000087500000, 0x0000000087600000, 0x0000000087600000|100%| O|  |TAMS 0x0000000087500000, 0x0000000087600000| Untracked 
|  84|0x0000000087600000, 0x0000000087700000, 0x0000000087700000|100%| O|  |TAMS 0x0000000087600000, 0x0000000087700000| Untracked 
|  85|0x0000000087700000, 0x0000000087800000, 0x0000000087800000|100%| O|  |TAMS 0x0000000087700000, 0x0000000087800000| Untracked 
|  86|0x0000000087800000, 0x0000000087900000, 0x0000000087900000|100%| O|  |TAMS 0x0000000087800000, 0x0000000087900000| Untracked 
|  87|0x0000000087900000, 0x0000000087a00000, 0x0000000087a00000|100%| O|  |TAMS 0x0000000087900000, 0x0000000087a00000| Untracked 
|  88|0x0000000087a00000, 0x0000000087b00000, 0x0000000087b00000|100%| O|  |TAMS 0x0000000087a00000, 0x0000000087b00000| Untracked 
|  89|0x0000000087b00000, 0x0000000087c00000, 0x0000000087c00000|100%| O|  |TAMS 0x0000000087b00000, 0x0000000087b00000| Untracked 
|  90|0x0000000087c00000, 0x0000000087d00000, 0x0000000087d00000|100%| O|  |TAMS 0x0000000087c00000, 0x0000000087c00000| Untracked 
|  91|0x0000000087d00000, 0x0000000087e00000, 0x0000000087e00000|100%| O|  |TAMS 0x0000000087d00000, 0x0000000087d00000| Untracked 
|  92|0x0000000087e00000, 0x0000000087f00000, 0x0000000087f00000|100%| O|  |TAMS 0x0000000087e00000, 0x0000000087e00000| Untracked 
|  93|0x0000000087f00000, 0x0000000088000000, 0x0000000088000000|100%| O|  |TAMS 0x0000000087f00000, 0x0000000087f00000| Untracked 
|  94|0x0000000088000000, 0x0000000088100000, 0x0000000088100000|100%| O|  |TAMS 0x0000000088000000, 0x0000000088000000| Untracked 
|  95|0x0000000088100000, 0x0000000088200000, 0x0000000088200000|100%| O|  |TAMS 0x0000000088100000, 0x0000000088100000| Untracked 
|  96|0x0000000088200000, 0x0000000088300000, 0x0000000088300000|100%| O|  |TAMS 0x0000000088200000, 0x0000000088200000| Untracked 
|  97|0x0000000088300000, 0x0000000088400000, 0x0000000088400000|100%| O|  |TAMS 0x0000000088300000, 0x0000000088300000| Untracked 
|  98|0x0000000088400000, 0x0000000088500000, 0x0000000088500000|100%| O|  |TAMS 0x0000000088400000, 0x0000000088400000| Untracked 
|  99|0x0000000088500000, 0x0000000088600000, 0x0000000088600000|100%| O|  |TAMS 0x0000000088500000, 0x0000000088500000| Untracked 
| 100|0x0000000088600000, 0x0000000088700000, 0x0000000088700000|100%| O|  |TAMS 0x0000000088600000, 0x0000000088600000| Untracked 
| 101|0x0000000088700000, 0x0000000088800000, 0x0000000088800000|100%| O|  |TAMS 0x0000000088700000, 0x0000000088700000| Untracked 
| 102|0x0000000088800000, 0x0000000088900000, 0x0000000088900000|100%| O|  |TAMS 0x0000000088800000, 0x0000000088800000| Untracked 
| 103|0x0000000088900000, 0x0000000088a00000, 0x0000000088a00000|100%| O|  |TAMS 0x0000000088900000, 0x0000000088900000| Untracked 
| 104|0x0000000088a00000, 0x0000000088b00000, 0x0000000088b00000|100%| O|  |TAMS 0x0000000088a00000, 0x0000000088a00000| Untracked 
| 105|0x0000000088b00000, 0x0000000088c00000, 0x0000000088c00000|100%| O|  |TAMS 0x0000000088b00000, 0x0000000088b00000| Untracked 
| 106|0x0000000088c00000, 0x0000000088d00000, 0x0000000088d00000|100%| O|  |TAMS 0x0000000088c00000, 0x0000000088c00000| Untracked 
| 107|0x0000000088d00000, 0x0000000088e00000, 0x0000000088e00000|100%| O|  |TAMS 0x0000000088d00000, 0x0000000088d00000| Untracked 
| 108|0x0000000088e00000, 0x0000000088f00000, 0x0000000088f00000|100%| O|  |TAMS 0x0000000088e00000, 0x0000000088e00000| Untracked 
| 109|0x0000000088f00000, 0x0000000088f00000, 0x0000000089000000|  0%| F|  |TAMS 0x0000000088f00000, 0x0000000088f00000| Untracked 
| 110|0x0000000089000000, 0x0000000089000000, 0x0000000089100000|  0%| F|  |TAMS 0x0000000089000000, 0x0000000089000000| Untracked 
| 111|0x0000000089100000, 0x0000000089100000, 0x0000000089200000|  0%| F|  |TAMS 0x0000000089100000, 0x0000000089100000| Untracked 
| 112|0x0000000089200000, 0x0000000089200000, 0x0000000089300000|  0%| F|  |TAMS 0x0000000089200000, 0x0000000089200000| Untracked 
| 113|0x0000000089300000, 0x0000000089300000, 0x0000000089400000|  0%| F|  |TAMS 0x0000000089300000, 0x0000000089300000| Untracked 
| 114|0x0000000089400000, 0x0000000089400000, 0x0000000089500000|  0%| F|  |TAMS 0x0000000089400000, 0x0000000089400000| Untracked 
| 115|0x0000000089500000, 0x0000000089500000, 0x0000000089600000|  0%| F|  |TAMS 0x0000000089500000, 0x0000000089500000| Untracked 
| 116|0x0000000089600000, 0x0000000089600000, 0x0000000089700000|  0%| F|  |TAMS 0x0000000089600000, 0x0000000089600000| Untracked 
| 117|0x0000000089700000, 0x0000000089700000, 0x0000000089800000|  0%| F|  |TAMS 0x0000000089700000, 0x0000000089700000| Untracked 
| 118|0x0000000089800000, 0x0000000089800000, 0x0000000089900000|  0%| F|  |TAMS 0x0000000089800000, 0x0000000089800000| Untracked 
| 119|0x0000000089900000, 0x0000000089900000, 0x0000000089a00000|  0%| F|  |TAMS 0x0000000089900000, 0x0000000089900000| Untracked 
| 120|0x0000000089a00000, 0x0000000089a00000, 0x0000000089b00000|  0%| F|  |TAMS 0x0000000089a00000, 0x0000000089a00000| Untracked 
| 121|0x0000000089b00000, 0x0000000089b00000, 0x0000000089c00000|  0%| F|  |TAMS 0x0000000089b00000, 0x0000000089b00000| Untracked 
| 122|0x0000000089c00000, 0x0000000089c00000, 0x0000000089d00000|  0%| F|  |TAMS 0x0000000089c00000, 0x0000000089c00000| Untracked 
| 123|0x0000000089d00000, 0x0000000089d00000, 0x0000000089e00000|  0%| F|  |TAMS 0x0000000089d00000, 0x0000000089d00000| Untracked 
| 124|0x0000000089e00000, 0x0000000089e00000, 0x0000000089f00000|  0%| F|  |TAMS 0x0000000089e00000, 0x0000000089e00000| Untracked 
| 125|0x0000000089f00000, 0x0000000089f00000, 0x000000008a000000|  0%| F|  |TAMS 0x0000000089f00000, 0x0000000089f00000| Untracked 
| 126|0x000000008a000000, 0x000000008a000000, 0x000000008a100000|  0%| F|  |TAMS 0x000000008a000000, 0x000000008a000000| Untracked 
| 127|0x000000008a100000, 0x000000008a100000, 0x000000008a200000|  0%| F|  |TAMS 0x000000008a100000, 0x000000008a100000| Untracked 
| 128|0x000000008a200000, 0x000000008a200000, 0x000000008a300000|  0%| F|  |TAMS 0x000000008a200000, 0x000000008a200000| Untracked 
| 129|0x000000008a300000, 0x000000008a300000, 0x000000008a400000|  0%| F|  |TAMS 0x000000008a300000, 0x000000008a300000| Untracked 
| 130|0x000000008a400000, 0x000000008a400000, 0x000000008a500000|  0%| F|  |TAMS 0x000000008a400000, 0x000000008a400000| Untracked 
| 131|0x000000008a500000, 0x000000008a500000, 0x000000008a600000|  0%| F|  |TAMS 0x000000008a500000, 0x000000008a500000| Untracked 
| 132|0x000000008a600000, 0x000000008a600000, 0x000000008a700000|  0%| F|  |TAMS 0x000000008a600000, 0x000000008a600000| Untracked 
| 133|0x000000008a700000, 0x000000008a700000, 0x000000008a800000|  0%| F|  |TAMS 0x000000008a700000, 0x000000008a700000| Untracked 
| 134|0x000000008a800000, 0x000000008a800000, 0x000000008a900000|  0%| F|  |TAMS 0x000000008a800000, 0x000000008a800000| Untracked 
| 135|0x000000008a900000, 0x000000008a900000, 0x000000008aa00000|  0%| F|  |TAMS 0x000000008a900000, 0x000000008a900000| Untracked 
| 136|0x000000008aa00000, 0x000000008aa00000, 0x000000008ab00000|  0%| F|  |TAMS 0x000000008aa00000, 0x000000008aa00000| Untracked 
| 137|0x000000008ab00000, 0x000000008ab00000, 0x000000008ac00000|  0%| F|  |TAMS 0x000000008ab00000, 0x000000008ab00000| Untracked 
| 138|0x000000008ac00000, 0x000000008ac00000, 0x000000008ad00000|  0%| F|  |TAMS 0x000000008ac00000, 0x000000008ac00000| Untracked 
| 139|0x000000008ad00000, 0x000000008ad00000, 0x000000008ae00000|  0%| F|  |TAMS 0x000000008ad00000, 0x000000008ad00000| Untracked 
| 140|0x000000008ae00000, 0x000000008af00000, 0x000000008af00000|100%| S|CS|TAMS 0x000000008ae00000, 0x000000008ae00000| Complete 
| 141|0x000000008af00000, 0x000000008b000000, 0x000000008b000000|100%| S|CS|TAMS 0x000000008af00000, 0x000000008af00000| Complete 
| 142|0x000000008b000000, 0x000000008b000000, 0x000000008b100000|  0%| F|  |TAMS 0x000000008b000000, 0x000000008b000000| Untracked 
| 143|0x000000008b100000, 0x000000008b100000, 0x000000008b200000|  0%| F|  |TAMS 0x000000008b100000, 0x000000008b100000| Untracked 
| 144|0x000000008b200000, 0x000000008b200000, 0x000000008b300000|  0%| F|  |TAMS 0x000000008b200000, 0x000000008b200000| Untracked 
| 145|0x000000008b300000, 0x000000008b300000, 0x000000008b400000|  0%| F|  |TAMS 0x000000008b300000, 0x000000008b300000| Untracked 
| 146|0x000000008b400000, 0x000000008b400000, 0x000000008b500000|  0%| F|  |TAMS 0x000000008b400000, 0x000000008b400000| Untracked 
| 147|0x000000008b500000, 0x000000008b500000, 0x000000008b600000|  0%| F|  |TAMS 0x000000008b500000, 0x000000008b500000| Untracked 
| 148|0x000000008b600000, 0x000000008b600000, 0x000000008b700000|  0%| F|  |TAMS 0x000000008b600000, 0x000000008b600000| Untracked 
| 149|0x000000008b700000, 0x000000008b700000, 0x000000008b800000|  0%| F|  |TAMS 0x000000008b700000, 0x000000008b700000| Untracked 
| 150|0x000000008b800000, 0x000000008b800000, 0x000000008b900000|  0%| F|  |TAMS 0x000000008b800000, 0x000000008b800000| Untracked 
| 151|0x000000008b900000, 0x000000008b900000, 0x000000008ba00000|  0%| F|  |TAMS 0x000000008b900000, 0x000000008b900000| Untracked 
| 152|0x000000008ba00000, 0x000000008bb00000, 0x000000008bb00000|100%| O|  |TAMS 0x000000008bb00000, 0x000000008bb00000| Untracked 
| 153|0x000000008bb00000, 0x000000008bc00000, 0x000000008bc00000|100%| O|  |TAMS 0x000000008bc00000, 0x000000008bc00000| Untracked 
| 154|0x000000008bc00000, 0x000000008bd00000, 0x000000008bd00000|100%| O|  |TAMS 0x000000008bd00000, 0x000000008bd00000| Untracked 
| 155|0x000000008bd00000, 0x000000008be00000, 0x000000008be00000|100%| O|  |TAMS 0x000000008be00000, 0x000000008be00000| Untracked 
| 156|0x000000008be00000, 0x000000008bf00000, 0x000000008bf00000|100%| O|  |TAMS 0x000000008bf00000, 0x000000008bf00000| Untracked 
| 157|0x000000008bf00000, 0x000000008c000000, 0x000000008c000000|100%| O|  |TAMS 0x000000008c000000, 0x000000008c000000| Untracked 
| 158|0x000000008c000000, 0x000000008c100000, 0x000000008c100000|100%| O|  |TAMS 0x000000008c100000, 0x000000008c100000| Untracked 
| 159|0x000000008c100000, 0x000000008c200000, 0x000000008c200000|100%| O|  |TAMS 0x000000008c200000, 0x000000008c200000| Untracked 
| 160|0x000000008c200000, 0x000000008c300000, 0x000000008c300000|100%| O|  |TAMS 0x000000008c300000, 0x000000008c300000| Untracked 
| 161|0x000000008c300000, 0x000000008c400000, 0x000000008c400000|100%| O|  |TAMS 0x000000008c400000, 0x000000008c400000| Untracked 
| 162|0x000000008c400000, 0x000000008c500000, 0x000000008c500000|100%| O|  |TAMS 0x000000008c500000, 0x000000008c500000| Untracked 
| 163|0x000000008c500000, 0x000000008c600000, 0x000000008c600000|100%| O|  |TAMS 0x000000008c600000, 0x000000008c600000| Untracked 
| 164|0x000000008c600000, 0x000000008c700000, 0x000000008c700000|100%| O|  |TAMS 0x000000008c700000, 0x000000008c700000| Untracked 
| 165|0x000000008c700000, 0x000000008c800000, 0x000000008c800000|100%| O|  |TAMS 0x000000008c800000, 0x000000008c800000| Untracked 
| 166|0x000000008c800000, 0x000000008c900000, 0x000000008c900000|100%| O|  |TAMS 0x000000008c900000, 0x000000008c900000| Untracked 
| 167|0x000000008c900000, 0x000000008ca00000, 0x000000008ca00000|100%| O|  |TAMS 0x000000008ca00000, 0x000000008ca00000| Untracked 
| 168|0x000000008ca00000, 0x000000008cb00000, 0x000000008cb00000|100%| O|  |TAMS 0x000000008cb00000, 0x000000008cb00000| Untracked 
| 169|0x000000008cb00000, 0x000000008cc00000, 0x000000008cc00000|100%| O|  |TAMS 0x000000008cc00000, 0x000000008cc00000| Untracked 
| 170|0x000000008cc00000, 0x000000008cd00000, 0x000000008cd00000|100%| O|  |TAMS 0x000000008cd00000, 0x000000008cd00000| Untracked 
| 171|0x000000008cd00000, 0x000000008ce00000, 0x000000008ce00000|100%| O|  |TAMS 0x000000008ce00000, 0x000000008ce00000| Untracked 
| 172|0x000000008ce00000, 0x000000008cf00000, 0x000000008cf00000|100%| O|  |TAMS 0x000000008cf00000, 0x000000008cf00000| Untracked 
| 173|0x000000008cf00000, 0x000000008d000000, 0x000000008d000000|100%| O|  |TAMS 0x000000008d000000, 0x000000008d000000| Untracked 
| 174|0x000000008d000000, 0x000000008d100000, 0x000000008d100000|100%| O|  |TAMS 0x000000008d100000, 0x000000008d100000| Untracked 
| 175|0x000000008d100000, 0x000000008d200000, 0x000000008d200000|100%| O|  |TAMS 0x000000008d200000, 0x000000008d200000| Untracked 
| 176|0x000000008d200000, 0x000000008d300000, 0x000000008d300000|100%| O|  |TAMS 0x000000008d300000, 0x000000008d300000| Untracked 
| 177|0x000000008d300000, 0x000000008d400000, 0x000000008d400000|100%| O|  |TAMS 0x000000008d400000, 0x000000008d400000| Untracked 
| 178|0x000000008d400000, 0x000000008d500000, 0x000000008d500000|100%| O|  |TAMS 0x000000008d500000, 0x000000008d500000| Untracked 
| 179|0x000000008d500000, 0x000000008d600000, 0x000000008d600000|100%| O|  |TAMS 0x000000008d600000, 0x000000008d600000| Untracked 
| 180|0x000000008d600000, 0x000000008d700000, 0x000000008d700000|100%| O|  |TAMS 0x000000008d700000, 0x000000008d700000| Untracked 
| 181|0x000000008d700000, 0x000000008d800000, 0x000000008d800000|100%| O|  |TAMS 0x000000008d800000, 0x000000008d800000| Untracked 
| 182|0x000000008d800000, 0x000000008d900000, 0x000000008d900000|100%| O|  |TAMS 0x000000008d900000, 0x000000008d900000| Untracked 
| 183|0x000000008d900000, 0x000000008da00000, 0x000000008da00000|100%| O|  |TAMS 0x000000008da00000, 0x000000008da00000| Untracked 
| 184|0x000000008da00000, 0x000000008db00000, 0x000000008db00000|100%| O|  |TAMS 0x000000008db00000, 0x000000008db00000| Untracked 
| 185|0x000000008db00000, 0x000000008dc00000, 0x000000008dc00000|100%| O|  |TAMS 0x000000008dc00000, 0x000000008dc00000| Untracked 
| 186|0x000000008dc00000, 0x000000008dd00000, 0x000000008dd00000|100%| O|  |TAMS 0x000000008dd00000, 0x000000008dd00000| Untracked 
| 187|0x000000008dd00000, 0x000000008de00000, 0x000000008de00000|100%| O|  |TAMS 0x000000008de00000, 0x000000008de00000| Untracked 
| 188|0x000000008de00000, 0x000000008df00000, 0x000000008df00000|100%| O|  |TAMS 0x000000008df00000, 0x000000008df00000| Untracked 
| 189|0x000000008df00000, 0x000000008e000000, 0x000000008e000000|100%| O|  |TAMS 0x000000008e000000, 0x000000008e000000| Untracked 
| 190|0x000000008e000000, 0x000000008e100000, 0x000000008e100000|100%| O|  |TAMS 0x000000008e100000, 0x000000008e100000| Untracked 
| 191|0x000000008e100000, 0x000000008e200000, 0x000000008e200000|100%| O|  |TAMS 0x000000008e19ec00, 0x000000008e200000| Untracked 

Card table byte_map: [0x000001b978390000,0x000001b978780000] _byte_map_base: 0x000001b977f7f000

Marking Bits (Prev, Next): (CMBitMap*) 0x000001b96fc5ccc8, (CMBitMap*) 0x000001b96fc5cd00
 Prev Bits: [0x000001b978b70000, 0x000001b97aae8000)
 Next Bits: [0x000001b97aaf0000, 0x000001b97ca68000)

Polling page: 0x000001b96dc00000

Metaspace:

Usage:
  Non-class:     55.70 MB capacity,    54.58 MB ( 98%) used,     1.02 MB (  2%) free+waste,   106.13 KB ( <1%) overhead. 
      Class:      7.92 MB capacity,     7.31 MB ( 92%) used,   568.77 KB (  7%) free+waste,    46.50 KB ( <1%) overhead. 
       Both:     63.62 MB capacity,    61.90 MB ( 97%) used,     1.57 MB (  2%) free+waste,   152.63 KB ( <1%) overhead. 

Virtual space:
  Non-class space:       56.00 MB reserved,      55.75 MB (>99%) committed 
      Class space:        1.00 GB reserved,       8.00 MB ( <1%) committed 
             Both:        1.05 GB reserved,      63.75 MB (  6%) committed 

Chunk freelists:
   Non-Class:  6.00 KB
       Class:  2.88 KB
        Both:  8.88 KB

CodeHeap 'non-profiled nmethods': size=120064Kb used=4079Kb max_used=4079Kb free=115984Kb
 bounds [0x000001b907ac0000, 0x000001b907ec0000, 0x000001b90f000000]
CodeHeap 'profiled nmethods': size=120000Kb used=14440Kb max_used=14440Kb free=105559Kb
 bounds [0x000001b900590000, 0x000001b9013b0000, 0x000001b907ac0000]
CodeHeap 'non-nmethods': size=5696Kb used=1232Kb max_used=1277Kb free=4463Kb
 bounds [0x000001b900000000, 0x000001b900270000, 0x000001b900590000]
 total_blobs=8325 nmethods=6348 adapters=506
 compilation: enabled
              stopped_count=0, restarted_count=0
 full_count=0

Compilation events (10 events):
Event: 12.889 Thread 0x000001b97ef7f800 nmethod 6418 0x000001b907eb3490 code [0x000001b907eb36e0, 0x000001b907eb4718]
Event: 12.889 Thread 0x000001b97ef7f800 6420       4       org.drools.core.util.index.TupleIndexHashTable::getOrCreate (148 bytes)
Event: 12.915 Thread 0x000001b97ef7f800 nmethod 6420 0x000001b907eb5110 code [0x000001b907eb5380, 0x000001b907eb6498]
Event: 12.915 Thread 0x000001b97ef7f800 6421       4       org.drools.core.util.index.TupleIndexHashTable::matches (51 bytes)
Event: 12.919 Thread 0x000001b91184d000 nmethod 6422 0x000001b907eb7090 code [0x000001b907eb73c0, 0x000001b907eb94e8]
Event: 12.927 Thread 0x000001b97ef7f800 nmethod 6421 0x000001b907eba890 code [0x000001b907ebaac0, 0x000001b907ebb568]
Event: 12.958 Thread 0x000001b97ef8a800 6423       3       org.drools.core.common.TupleSetsImpl::takeAll (34 bytes)
Event: 12.958 Thread 0x000001b97ef8a800 nmethod 6423 0x000001b9013a9490 code [0x000001b9013a9680, 0x000001b9013a9c18]
Event: 12.958 Thread 0x000001b97ef8a800 6424       3       org.drools.core.common.TupleSetsImpl::<init> (32 bytes)
Event: 12.958 Thread 0x000001b97ef8a800 nmethod 6424 0x000001b9013a9d90 code [0x000001b9013a9f60, 0x000001b9013aa298]

GC Heap History (10 events):
Event: 11.324 GC heap after
{Heap after GC invocations=18 (full 0):
 garbage-first heap   total 155648K, used 26480K [0x0000000082200000, 0x0000000100000000)
  region size 1024K, 7 young (7168K), 7 survivors (7168K)
 Metaspace       used 58740K, capacity 60060K, committed 60160K, reserved 1101824K
  class space    used 6893K, capacity 7374K, committed 7424K, reserved 1048576K
}
Event: 12.220 GC heap before
{Heap before GC invocations=19 (full 0):
 garbage-first heap   total 155648K, used 124784K [0x0000000082200000, 0x0000000100000000)
  region size 1024K, 91 young (93184K), 7 survivors (7168K)
 Metaspace       used 63175K, capacity 64945K, committed 65280K, reserved 1105920K
  class space    used 7476K, capacity 8104K, committed 8192K, reserved 1048576K
}
Event: 12.374 GC heap after
{Heap after GC invocations=20 (full 0):
 garbage-first heap   total 196608K, used 89723K [0x0000000082200000, 0x0000000100000000)
  region size 1024K, 12 young (12288K), 12 survivors (12288K)
 Metaspace       used 63175K, capacity 64945K, committed 65280K, reserved 1105920K
  class space    used 7476K, capacity 8104K, committed 8192K, reserved 1048576K
}
Event: 12.678 GC heap before
{Heap before GC invocations=21 (full 0):
 garbage-first heap   total 196608K, used 125563K [0x0000000082200000, 0x0000000100000000)
  region size 1024K, 47 young (48128K), 12 survivors (12288K)
 Metaspace       used 63257K, capacity 65009K, committed 65280K, reserved 1105920K
  class space    used 7482K, capacity 8104K, committed 8192K, reserved 1048576K
}
Event: 12.786 GC heap after
{Heap after GC invocations=22 (full 0):
 garbage-first heap   total 196608K, used 125952K [0x0000000082200000, 0x0000000100000000)
  region size 1024K, 6 young (6144K), 6 survivors (6144K)
 Metaspace       used 63257K, capacity 65009K, committed 65280K, reserved 1105920K
  class space    used 7482K, capacity 8104K, committed 8192K, reserved 1048576K
}
Event: 12.820 GC heap before
{Heap before GC invocations=22 (full 0):
 garbage-first heap   total 196608K, used 129024K [0x0000000082200000, 0x0000000100000000)
  region size 1024K, 9 young (9216K), 6 survivors (6144K)
 Metaspace       used 63379K, capacity 65145K, committed 65280K, reserved 1105920K
  class space    used 7489K, capacity 8105K, committed 8192K, reserved 1048576K
}
Event: 12.832 GC heap after
{Heap after GC invocations=23 (full 0):
 garbage-first heap   total 196608K, used 129536K [0x0000000082200000, 0x0000000100000000)
  region size 1024K, 2 young (2048K), 2 survivors (2048K)
 Metaspace       used 63379K, capacity 65145K, committed 65280K, reserved 1105920K
  class space    used 7489K, capacity 8105K, committed 8192K, reserved 1048576K
}
Event: 12.850 GC heap before
{Heap before GC invocations=23 (full 0):
 garbage-first heap   total 196608K, used 142848K [0x0000000082200000, 0x0000000100000000)
  region size 1024K, 15 young (15360K), 2 survivors (2048K)
 Metaspace       used 63380K, capacity 65145K, committed 65280K, reserved 1105920K
  class space    used 7489K, capacity 8105K, committed 8192K, reserved 1048576K
}
Event: 12.864 GC heap after
{Heap after GC invocations=24 (full 0):
 garbage-first heap   total 196608K, used 143360K [0x0000000082200000, 0x0000000100000000)
  region size 1024K, 2 young (2048K), 2 survivors (2048K)
 Metaspace       used 63380K, capacity 65145K, committed 65280K, reserved 1105920K
  class space    used 7489K, capacity 8105K, committed 8192K, reserved 1048576K
}
Event: 12.967 GC heap before
{Heap before GC invocations=24 (full 0):
 garbage-first heap   total 196608K, used 153600K [0x0000000082200000, 0x0000000100000000)
  region size 1024K, 12 young (12288K), 2 survivors (2048K)
 Metaspace       used 63381K, capacity 65145K, committed 65280K, reserved 1105920K
  class space    used 7489K, capacity 8105K, committed 8192K, reserved 1048576K
}

Deoptimization events (10 events):
Event: 12.660 Thread 0x000001b96fc1d000 Uncommon trap: reason=unstable_if action=reinterpret pc=0x000001b907d64f90 method=org.mvel2.asm.ByteVector.putShort(I)Lorg/mvel2/asm/ByteVector; @ 13 c2
Event: 12.678 Thread 0x000001b96fc1d000 Uncommon trap: reason=class_check action=maybe_recompile pc=0x000001b907e92ea4 method=org.drools.core.reteoo.JoinNode.createPeer(Lorg/drools/core/reteoo/LeftTuple;)Lorg/drools/core/reteoo/LeftTuple; @ 10 c2
Event: 12.678 Thread 0x000001b96fc1d000 Uncommon trap: reason=class_check action=maybe_recompile pc=0x000001b907e92ea4 method=org.drools.core.reteoo.JoinNode.createPeer(Lorg/drools/core/reteoo/LeftTuple;)Lorg/drools/core/reteoo/LeftTuple; @ 10 c2
Event: 12.678 Thread 0x000001b96fc1d000 Uncommon trap: reason=class_check action=maybe_recompile pc=0x000001b907e92ea4 method=org.drools.core.reteoo.JoinNode.createPeer(Lorg/drools/core/reteoo/LeftTuple;)Lorg/drools/core/reteoo/LeftTuple; @ 10 c2
Event: 12.788 Thread 0x000001b96fc1d000 Uncommon trap: reason=class_check action=maybe_recompile pc=0x000001b907e92ea4 method=org.drools.core.reteoo.JoinNode.createPeer(Lorg/drools/core/reteoo/LeftTuple;)Lorg/drools/core/reteoo/LeftTuple; @ 10 c2
Event: 12.789 Thread 0x000001b96fc1d000 Uncommon trap: reason=unstable_if action=reinterpret pc=0x000001b907dbbd24 method=java.util.HashMap.getNode(ILjava/lang/Object;)Ljava/util/HashMap$Node; @ 84 c2
Event: 12.789 Thread 0x000001b96fc1d000 Uncommon trap: reason=unstable_if action=reinterpret pc=0x000001b907b9e46c method=java.util.HashMap.getNode(ILjava/lang/Object;)Ljava/util/HashMap$Node; @ 84 c2
Event: 12.789 Thread 0x000001b96fc1d000 Uncommon trap: reason=unstable_if action=reinterpret pc=0x000001b907b381ec method=java.util.HashMap.getNode(ILjava/lang/Object;)Ljava/util/HashMap$Node; @ 84 c2
Event: 12.801 Thread 0x000001b96fc1d000 Uncommon trap: reason=class_check action=maybe_recompile pc=0x000001b907eae0f8 method=org.drools.core.reteoo.BaseLeftTuple.<init>(Lorg/drools/core/reteoo/LeftTuple;Lorg/drools/core/reteoo/RightTuple;Lorg/drools/core/reteoo/LeftTuple;Lorg/drools/core/reteo
Event: 12.801 Thread 0x000001b96fc1d000 Uncommon trap: reason=class_check action=maybe_recompile pc=0x000001b907eae0f8 method=org.drools.core.reteoo.BaseLeftTuple.<init>(Lorg/drools/core/reteoo/LeftTuple;Lorg/drools/core/reteoo/RightTuple;Lorg/drools/core/reteoo/LeftTuple;Lorg/drools/core/reteo

Classes redefined (0 events):
No events

Internal exceptions (10 events):
Event: 11.599 Thread 0x000001b96fc1d000 Exception <a 'java/lang/NoSuchMethodError'{0x000000008af96758}: java.lang.invoke.DirectMethodHandle$Holder.invokeStatic(Ljava/lang/Object;Ljava/lang/Object;Ljava/lang/Object;Ljava/lang/Object;Ljava/lang/Object;Ljava/lang/Object;I)Ljava/lang/Object;> (0x00
Event: 11.609 Thread 0x000001b96fc1d000 Exception <a 'java/io/FileNotFoundException'{0x000000008ae22508}> (0x000000008ae22508) thrown at [t:/workspace/open/src/hotspot/share/prims/jni.cpp, line 615]
Event: 11.640 Thread 0x000001b96fc1d000 Exception <a 'java/lang/NoSuchMethodError'{0x000000008ad3b7e0}: java.lang.invoke.DirectMethodHandle$Holder.invokeStatic(Ljava/lang/Object;Ljava/lang/Object;Ljava/lang/Object;Ljava/lang/Object;Ljava/lang/Object;Ljava/lang/Object;Ljava/lang/Object;Ljava/lan
Event: 11.643 Thread 0x000001b96fc1d000 Exception <a 'java/lang/NoSuchMethodError'{0x000000008ad594b8}: java.lang.invoke.DirectMethodHandle$Holder.invokeStatic(Ljava/lang/Object;Ljava/lang/Object;Ljava/lang/Object;Ljava/lang/Object;Ljava/lang/Object;Ljava/lang/Object;Ljava/lang/Object;Ljava/lan
Event: 11.649 Thread 0x000001b96fc1d000 Exception <a 'java/lang/NoSuchMethodError'{0x000000008ad78240}: java.lang.invoke.DirectMethodHandle$Holder.invokeStatic(Ljava/lang/Object;Ljava/lang/Object;Ljava/lang/Object;Ljava/lang/Object;Ljava/lang/Object;Ljava/lang/Object;Ljava/lang/Object;Ljava/lan
Event: 11.652 Thread 0x000001b96fc1d000 Exception <a 'java/lang/NoSuchMethodError'{0x000000008ad988a8}: java.lang.invoke.DirectMethodHandle$Holder.invokeStatic(Ljava/lang/Object;Ljava/lang/Object;Ljava/lang/Object;Ljava/lang/Object;Ljava/lang/Object;Ljava/lang/Object;Ljava/lang/Object;Ljava/lan
Event: 11.868 Thread 0x000001b96fc1d000 Exception <a 'java/lang/NoSuchMethodError'{0x000000008a3646b0}: java.lang.invoke.DirectMethodHandle$Holder.invokeStatic(Ljava/lang/Object;Ljava/lang/Object;ILjava/lang/Object;)Ljava/lang/Object;> (0x000000008a3646b0) thrown at [t:/workspace/open/src/hotsp
Event: 11.868 Thread 0x000001b96fc1d000 Exception <a 'java/lang/NoSuchMethodError'{0x000000008a367e80}: java.lang.invoke.DirectMethodHandle$Holder.invokeSpecial(Ljava/lang/Object;Ljava/lang/Object;Ljava/lang/Object;ILjava/lang/Object;)Ljava/lang/Object;> (0x000000008a367e80) thrown at [t:/works
Event: 11.868 Thread 0x000001b96fc1d000 Exception <a 'java/lang/NoSuchMethodError'{0x000000008a36aee0}: java.lang.invoke.Invokers$Holder.linkToTargetMethod(Ljava/lang/Object;ILjava/lang/Object;Ljava/lang/Object;)Ljava/lang/Object;> (0x000000008a36aee0) thrown at [t:/workspace/open/src/hotspot/s
Event: 11.921 Thread 0x000001b96fc1d000 Exception <a 'java/lang/NoSuchMethodError'{0x000000008a2f4ab8}: java.lang.invoke.DirectMethodHandle$Holder.invokeInterface(Ljava/lang/Object;Ljava/lang/Object;Ljava/lang/Object;)Ljava/lang/Object;> (0x000000008a2f4ab8) thrown at [t:/workspace/open/src/hot

Events (10 events):
Event: 12.801 Thread 0x000001b96fc1d000 DEOPT PACKING pc=0x000001b907eae0f8 sp=0x00000097095fe740
Event: 12.801 Thread 0x000001b96fc1d000 DEOPT UNPACKING pc=0x000001b900028f2f sp=0x00000097095fe6f0 mode 2
Event: 12.801 Thread 0x000001b96fc1d000 Uncommon trap: trap_request=0xffffffde fr.pc=0x000001b907eae0f8 relative=0x0000000000000d18
Event: 12.801 Thread 0x000001b96fc1d000 DEOPT PACKING pc=0x000001b907eae0f8 sp=0x00000097095fe740
Event: 12.801 Thread 0x000001b96fc1d000 DEOPT UNPACKING pc=0x000001b900028f2f sp=0x00000097095fe6f0 mode 2
Event: 12.820 Executing VM operation: G1CollectForAllocation
Event: 12.832 Executing VM operation: G1CollectForAllocation done
Event: 12.850 Executing VM operation: G1CollectForAllocation
Event: 12.864 Executing VM operation: G1CollectForAllocation done
Event: 12.967 Executing VM operation: G1CollectForAllocation


Dynamic libraries:
0x00007ff73a6e0000 - 0x00007ff73a727000 	C:\Program Files\Java\jdk-11.0.6\bin\javaw.exe
0x00007ffb21420000 - 0x00007ffb21610000 	C:\WINDOWS\SYSTEM32\ntdll.dll
0x00007ffb1fca0000 - 0x00007ffb1fd52000 	C:\WINDOWS\System32\KERNEL32.DLL
0x00007ffb1f1f0000 - 0x00007ffb1f494000 	C:\WINDOWS\System32\KERNELBASE.dll
0x00007ffb203d0000 - 0x00007ffb20473000 	C:\WINDOWS\System32\ADVAPI32.dll
0x00007ffb1f7e0000 - 0x00007ffb1f87e000 	C:\WINDOWS\System32\msvcrt.dll
0x00007ffb1f670000 - 0x00007ffb1f707000 	C:\WINDOWS\System32\sechost.dll
0x00007ffb1fd60000 - 0x00007ffb1fe80000 	C:\WINDOWS\System32\RPCRT4.dll
0x00007ffb1f4d0000 - 0x00007ffb1f664000 	C:\WINDOWS\System32\USER32.dll
0x00007ffb1f4a0000 - 0x00007ffb1f4c1000 	C:\WINDOWS\System32\win32u.dll
0x00007ffb20490000 - 0x00007ffb204b6000 	C:\WINDOWS\System32\GDI32.dll
0x00007ffb1f050000 - 0x00007ffb1f1e4000 	C:\WINDOWS\System32\gdi32full.dll
0x00007ffb1ec90000 - 0x00007ffb1ed2e000 	C:\WINDOWS\System32\msvcp_win.dll
0x00007ffb1ede0000 - 0x00007ffb1eeda000 	C:\WINDOWS\System32\ucrtbase.dll
0x00007ffb0ab50000 - 0x00007ffb0add4000 	C:\WINDOWS\WinSxS\amd64_microsoft.windows.common-controls_6595b64144ccf1df_6.0.18362.836_none_e6c4b943130f18ed\COMCTL32.dll
0x00007ffb1ff50000 - 0x00007ffb20286000 	C:\WINDOWS\System32\combase.dll
0x00007ffb1ec10000 - 0x00007ffb1ec90000 	C:\WINDOWS\System32\bcryptPrimitives.dll
0x00007ffb14db0000 - 0x00007ffb14dba000 	C:\WINDOWS\SYSTEM32\VERSION.dll
0x00007ffb20620000 - 0x00007ffb2064e000 	C:\WINDOWS\System32\IMM32.DLL
0x00007ffb1ab70000 - 0x00007ffb1ab86000 	C:\Program Files\Java\jdk-11.0.6\bin\vcruntime140.dll
0x00007ffb0f0b0000 - 0x00007ffb0f15a000 	C:\Program Files\Java\jdk-11.0.6\bin\msvcp140.dll
0x00007ffaec950000 - 0x00007ffaed479000 	C:\Program Files\Java\jdk-11.0.6\bin\server\jvm.dll
0x00007ffb20480000 - 0x00007ffb20488000 	C:\WINDOWS\System32\PSAPI.DLL
0x00007ffb16610000 - 0x00007ffb16619000 	C:\WINDOWS\SYSTEM32\WSOCK32.dll
0x00007ffb20360000 - 0x00007ffb203cf000 	C:\WINDOWS\System32\WS2_32.dll
0x00007ffb1c5d0000 - 0x00007ffb1c5f4000 	C:\WINDOWS\SYSTEM32\WINMM.dll
0x00007ffb1c380000 - 0x00007ffb1c3ad000 	C:\WINDOWS\SYSTEM32\WINMMBASE.dll
0x00007ffb1e410000 - 0x00007ffb1e45a000 	C:\WINDOWS\System32\cfgmgr32.dll
0x00007ffb1e390000 - 0x00007ffb1e3a1000 	C:\WINDOWS\System32\kernel.appcore.dll
0x00007ffb165d0000 - 0x00007ffb165e1000 	C:\Program Files\Java\jdk-11.0.6\bin\verify.dll
0x00007ffb0b420000 - 0x00007ffb0b614000 	C:\WINDOWS\SYSTEM32\DBGHELP.DLL
0x00007ffb0b3f0000 - 0x00007ffb0b41a000 	C:\WINDOWS\SYSTEM32\dbgcore.DLL
0x00007ffb165a0000 - 0x00007ffb165c9000 	C:\Program Files\Java\jdk-11.0.6\bin\java.dll
0x00007ffb16580000 - 0x00007ffb16596000 	C:\Program Files\Java\jdk-11.0.6\bin\zip.dll
0x00007ffb16570000 - 0x00007ffb1657a000 	C:\Program Files\Java\jdk-11.0.6\bin\jimage.dll
0x00007ffb20c60000 - 0x00007ffb21344000 	C:\WINDOWS\System32\SHELL32.dll
0x00007ffb20290000 - 0x00007ffb20339000 	C:\WINDOWS\System32\shcore.dll
0x00007ffb1e460000 - 0x00007ffb1ebde000 	C:\WINDOWS\System32\windows.storage.dll
0x00007ffb1e2f0000 - 0x00007ffb1e313000 	C:\WINDOWS\System32\profapi.dll
0x00007ffb1e320000 - 0x00007ffb1e36a000 	C:\WINDOWS\System32\powrprof.dll
0x00007ffb1e2e0000 - 0x00007ffb1e2f0000 	C:\WINDOWS\System32\UMPDC.dll
0x00007ffb20790000 - 0x00007ffb207e2000 	C:\WINDOWS\System32\shlwapi.dll
0x00007ffb1f030000 - 0x00007ffb1f047000 	C:\WINDOWS\System32\cryptsp.dll
0x00007ffb16550000 - 0x00007ffb16569000 	C:\Program Files\Java\jdk-11.0.6\bin\net.dll
0x00007ffb17f40000 - 0x00007ffb18030000 	C:\WINDOWS\SYSTEM32\WINHTTP.dll
0x00007ffb1daf0000 - 0x00007ffb1db57000 	C:\WINDOWS\system32\mswsock.dll
0x00007ffb15ff0000 - 0x00007ffb16003000 	C:\Program Files\Java\jdk-11.0.6\bin\nio.dll
0x00007ffb1d840000 - 0x00007ffb1d90b000 	C:\WINDOWS\SYSTEM32\DNSAPI.dll
0x00007ffb21350000 - 0x00007ffb21358000 	C:\WINDOWS\System32\NSI.dll
0x00007ffb1d800000 - 0x00007ffb1d83a000 	C:\WINDOWS\SYSTEM32\IPHLPAPI.DLL
0x00007ffb10a10000 - 0x00007ffb10a1a000 	C:\Windows\System32\rasadhlp.dll
0x00007ffb14b20000 - 0x00007ffb14b97000 	C:\WINDOWS\System32\fwpuclnt.dll
0x00007ffb1ebe0000 - 0x00007ffb1ec06000 	C:\WINDOWS\System32\bcrypt.dll
0x00007ffb1ab50000 - 0x00007ffb1ab59000 	C:\Program Files\Java\jdk-11.0.6\bin\management.dll
0x00007ffb1d660000 - 0x00007ffb1d693000 	C:\WINDOWS\system32\rsaenh.dll
0x00007ffb1e200000 - 0x00007ffb1e225000 	C:\WINDOWS\SYSTEM32\USERENV.dll
0x00007ffb1dcc0000 - 0x00007ffb1dccc000 	C:\WINDOWS\SYSTEM32\CRYPTBASE.dll
0x00007ffb15960000 - 0x00007ffb15976000 	C:\WINDOWS\SYSTEM32\dhcpcsvc6.DLL
0x00007ffb16420000 - 0x00007ffb1643c000 	C:\WINDOWS\SYSTEM32\dhcpcsvc.DLL

dbghelp: loaded successfully - version: 4.0.5 - missing functions: none
symbol engine: initialized successfully - sym options: 0x614 - pdb path: .;C:\Program Files\Java\jdk-11.0.6\bin;C:\WINDOWS\SYSTEM32;C:\WINDOWS\WinSxS\amd64_microsoft.windows.common-controls_6595b64144ccf1df_6.0.18362.836_none_e6c4b943130f18ed;C:\Program Files\Java\jdk-11.0.6\bin\server

VM Arguments:
jvm_args: -Dfile.encoding=UTF-8 
java_command: V5Tajweed.tajweedV5
java_class_path (initial): C:\Users\Ramsha\eclipse-workspace\V5Tajweed\target\classes;F:\Protege-5.5.0\plugins\cellfie-2.1.0.jar;F:\Protege-5.5.0\plugins\code-generation-2.0.0.jar;F:\Protege-5.5.0\plugins\com.clarkparsia.protege.plugin.pellet-2.2.0.jar;F:\Protege-5.5.0\plugins\csv-export-plugin-1.0.0.jar;F:\Protege-5.5.0\plugins\existentialquery-2.0.0.jar;F:\Protege-5.5.0\plugins\explanation-workbench-3.0.0.jar;F:\Protege-5.5.0\plugins\ontograf-2.0.3.jar;F:\Protege-5.5.0\plugins\org.coode.dlquery-4.0.1.jar;F:\Protege-5.5.0\plugins\org.semanticweb.hermit-1.4.3.456.jar;F:\Protege-5.5.0\plugins\owldoc-3.0.3.jar;F:\Protege-5.5.0\plugins\owlviz-5.0.3.jar;F:\Protege-5.5.0\plugins\rdf-library-3.0.0.jar;F:\Protege-5.5.0\plugins\sparql-query-plugin-3.0.0.jar;F:\Protege-5.5.0\plugins\swrltab-plugin-2.0.6.jar;C:\Users\Ramsha\eclipse-workspace\V5Tajweed\mysql-connector-java-5.1.23-bin.jar;C:\Users\Ramsha\.m2\repository\edu\stanford\swrl\swrlapi\2.0.8\swrlapi-2.0.8.jar;C:\Users\Ramsha\.m2\repository\net\sourceforge\owlapi\owlapi-osgidistribution\4.5.9\owlapi-osgidistribution-4.5.9.jar;C:\Users\Ramsha\.m2\repository\org\openrdf\sesame\sesame-util\2.7.16\sesame-util-2.7.16.jar;C:\Users\Ramsha\.m2\repository\com\github\jsonld-java\jsonld-java\0.12.0\jsonld-java-0.12.0.jar;C:\Users\Ramsha\.m2\repository\org\apache\httpcomponents\httpclient-osgi\4.5.5\httpclient-osgi-4.5.5.jar;C:\Users\Ramsha\.m2\repository\org\apache\httpcomponents\httpmime\4.5.5\httpmime-4.5.5.jar;C:\Users\Ramsha\.m2\repository\org\apache\httpcomponents\fluent-hc\4.5.5\fluent-hc-4.5.5.jar;C:\Users\Ramsha\.m2\repository\org\apache\httpcomponents\httpcore-osgi\4.4.9\httpcore-osgi-4.4.9.jar;C:\Users\Ramsha\.m2\repository\org\apache\httpcomponents\httpcore-nio\4.4.9\httpcore-nio-4.4.9.jar;C:\Users\Ramsha\.m2\repository\org\apache\httpcomponents\httpclient\4.5.2\httpclient-4.5.2.jar;C:\Users\Ramsha\.m2\repository\org\apache\httpcomponents\httpclient-cache\4.5.2\httpclient-cache-4.5.2.jar;C:\Users\Ramsha\.m2\repository
Launcher Type: SUN_STANDARD

[Global flags]
     intx CICompilerCount                          = 3                                         {product} {ergonomic}
     uint ConcGCThreads                            = 1                                         {product} {ergonomic}
     uint G1ConcRefinementThreads                  = 4                                         {product} {ergonomic}
   size_t G1HeapRegionSize                         = 1048576                                   {product} {ergonomic}
    uintx GCDrainStackTargetSize                   = 64                                        {product} {ergonomic}
   size_t InitialHeapSize                          = 132120576                                 {product} {ergonomic}
   size_t MarkStackSize                            = 4194304                                   {product} {ergonomic}
   size_t MaxHeapSize                              = 2111832064                                {product} {ergonomic}
   size_t MaxNewSize                               = 1266679808                                {product} {ergonomic}
   size_t MinHeapDeltaBytes                        = 1048576                                   {product} {ergonomic}
    uintx NonNMethodCodeHeapSize                   = 5830732                                {pd product} {ergonomic}
    uintx NonProfiledCodeHeapSize                  = 122913754                              {pd product} {ergonomic}
    uintx ProfiledCodeHeapSize                     = 122913754                              {pd product} {ergonomic}
    uintx ReservedCodeCacheSize                    = 251658240                              {pd product} {ergonomic}
     bool SegmentedCodeCache                       = true                                      {product} {ergonomic}
     bool UseCompressedClassPointers               = true                                 {lp64_product} {ergonomic}
     bool UseCompressedOops                        = true                                 {lp64_product} {ergonomic}
     bool UseG1GC                                  = true                                      {product} {ergonomic}
     bool UseLargePagesIndividualAllocation        = false                                  {pd product} {ergonomic}

Logging:
Log output configuration:
 #0: stdout all=warning uptime,level,tags
 #1: stderr all=off uptime,level,tags

Environment Variables:
PATH=C:/Program Files/Java/jdk-11.0.6/bin/server;C:/Program Files/Java/jdk-11.0.6/bin;C:\WINDOWS\system32;C:\WINDOWS;C:\WINDOWS\System32\Wbem;C:\WINDOWS\System32\WindowsPowerShell\v1.0\;C:\WINDOWS\System32\OpenSSH\;C:\Program Files\Java\jdk-11.0.6\bin;C:\Program Files\Git\cmd;C:\Users\Ramsha\AppData\Local\Microsoft\WindowsApps;;C:\Users\Ramsha\Desktop;
USERNAME=Ramsha
OS=Windows_NT
PROCESSOR_IDENTIFIER=Intel64 Family 6 Model 78 Stepping 3, GenuineIntel



---------------  S Y S T E M  ---------------

OS: Windows 10 , 64 bit Build 18362 (10.0.18362.778)

CPU:total 4 (initial active 4) (2 cores per cpu, 2 threads per core) family 6 model 78 stepping 3, cmov, cx8, fxsr, mmx, sse, sse2, sse3, ssse3, sse4.1, sse4.2, popcnt, avx, avx2, aes, clmul, erms, 3dnowpref, lzcnt, ht, tsc, tscinvbit, bmi1, bmi2, adx, fma

Memory: 4k page, system-wide physical 8051M (819M free)
TotalPageFile size 22213M (AvailPageFile size 17M)
current process WorkingSet (physical memory assigned to process): 358M, peak: 358M
current process commit charge ("private bytes"): 387M, peak: 579M

vm_info: Java HotSpot(TM) 64-Bit Server VM (11.0.6+8-LTS) for windows-amd64 JRE (11.0.6+8-LTS), built on Dec 11 2019 09:17:57 by "mach5one" with MS VC++ 15.5 (VS2017)

END.
