#
# There is insufficient memory for the Java Runtime Environment to continue.
# Native memory allocation (mmap) failed to map 1048576 bytes for Failed to commit area from 0x000000008c600000 to 0x000000008c700000 of length 1048576.
# Possible reasons:
#   The system is out of physical RAM or swap space
#   The process is running with CompressedOops enabled, and the Java Heap may be blocking the growth of the native heap
# Possible solutions:
#   Reduce memory load on the system
#   Increase physical memory or swap space
#   Check if swap backing store is full
#   Decrease Java heap size (-Xmx/-Xms)
#   Decrease number of Java threads
#   Decrease Java thread stack sizes (-Xss)
#   Set larger code cache with -XX:ReservedCodeCacheSize=
#   JVM is running with Unscaled Compressed Oops mode in which the Java heap is
#     placed in the first 4GB address space. The Java Heap base address is the
#     maximum limit for the native heap growth. Please use -XX:HeapBaseMinAddress
#     to set the Java Heap base and to place the Java Heap above 4GB virtual address.
# This output file may be truncated or incomplete.
#
#  Out of Memory Error (t:/workspace/open/src/hotspot/os/windows/os_windows.cpp:3271), pid=15192, tid=11964
#
# JRE version: Java(TM) SE Runtime Environment (11.0.6+8) (build 11.0.6+8-LTS)
# Java VM: Java HotSpot(TM) 64-Bit Server VM (11.0.6+8-LTS, mixed mode, tiered, compressed oops, g1 gc, windows-amd64)
# No core dump will be written. Minidumps are not enabled by default on client versions of Windows
#

---------------  S U M M A R Y ------------

Command Line: -Dfile.encoding=UTF-8 V5Tajweed.tajweedV5

Host: Intel(R) Core(TM) i5-6200U CPU @ 2.30GHz, 4 cores, 7G,  Windows 10 , 64 bit Build 18362 (10.0.18362.778)
Time: Thu Jun  4 16:43:50 2020 Pakistan Standard Time elapsed time: 13 seconds (0d 0h 0m 13s)

---------------  T H R E A D  ---------------

Current thread (0x00000263a73ec000):  GCTaskThread "GC Thread#2" [stack: 0x0000008f16b00000,0x0000008f16c00000] [id=11964]

Stack: [0x0000008f16b00000,0x0000008f16c00000]
[error occurred during error reporting (printing stack bounds), id 0xc0000005, EXCEPTION_ACCESS_VIOLATION (0xc0000005) at pc=0x000002638fea0bad]

Native frames: (J=compiled Java code, j=interpreted, Vv=VM code, C=native code)
V  [jvm.dll+0x63679a]
V  [jvm.dll+0x7755bf]
V  [jvm.dll+0x776c65]
V  [jvm.dll+0x777235]
V  [jvm.dll+0x7771eb]
V  [jvm.dll+0x635e96]
V  [jvm.dll+0x636268]
C  [ntdll.dll+0xa11cf]
C  [ntdll.dll+0x6a209]
C  [ntdll.dll+0x9fe3e]
C  0x000002638fea0bad


---------------  P R O C E S S  ---------------

Threads class SMR info:
_java_thread_list=0x00000263ac5e64f0, length=19, elements={
0x000002638634d000, 0x00000263a660a000, 0x00000263a6614000, 0x00000263a6f92800,
0x00000263a6620000, 0x00000263a6621800, 0x00000263a6635000, 0x00000263a6636000,
0x00000263a70f7000, 0x00000263a70f9000, 0x00000263a8017800, 0x00000263a814d000,
0x00000263a814e000, 0x00000263a70f7800, 0x00000263aa304800, 0x00000263aa11f800,
0x00000263ac264800, 0x00000263ad4d2800, 0x00000263a7d07000
}

Java Threads: ( => current thread )
  0x000002638634d000 JavaThread "main" [_thread_blocked, id=2296, stack(0x0000008f15800000,0x0000008f15900000)]
  0x00000263a660a000 JavaThread "Reference Handler" daemon [_thread_blocked, id=3244, stack(0x0000008f15f00000,0x0000008f16000000)]
  0x00000263a6614000 JavaThread "Finalizer" daemon [_thread_blocked, id=16148, stack(0x0000008f16000000,0x0000008f16100000)]
  0x00000263a6f92800 JavaThread "Signal Dispatcher" daemon [_thread_blocked, id=14696, stack(0x0000008f16100000,0x0000008f16200000)]
  0x00000263a6620000 JavaThread "Attach Listener" daemon [_thread_blocked, id=11160, stack(0x0000008f16200000,0x0000008f16300000)]
  0x00000263a6621800 JavaThread "C2 CompilerThread0" daemon [_thread_blocked, id=6480, stack(0x0000008f16300000,0x0000008f16400000)]
  0x00000263a6635000 JavaThread "C1 CompilerThread0" daemon [_thread_blocked, id=9432, stack(0x0000008f16400000,0x0000008f16500000)]
  0x00000263a6636000 JavaThread "Sweeper thread" daemon [_thread_blocked, id=14248, stack(0x0000008f16500000,0x0000008f16600000)]
  0x00000263a70f7000 JavaThread "Service Thread" daemon [_thread_blocked, id=10616, stack(0x0000008f16600000,0x0000008f16700000)]
  0x00000263a70f9000 JavaThread "Common-Cleaner" daemon [_thread_blocked, id=15784, stack(0x0000008f16800000,0x0000008f16900000)]
  0x00000263a8017800 JavaThread "ForkJoinPool.commonPool-worker-3" daemon [_thread_blocked, id=10524, stack(0x0000008f16c00000,0x0000008f16d00000)]
  0x00000263a814d000 JavaThread "ForkJoinPool.commonPool-worker-5" daemon [_thread_blocked, id=9772, stack(0x0000008f16d00000,0x0000008f16e00000)]
  0x00000263a814e000 JavaThread "ForkJoinPool.commonPool-worker-7" daemon [_thread_blocked, id=12444, stack(0x0000008f16e00000,0x0000008f16f00000)]
  0x00000263a70f7800 JavaThread "Abandoned connection cleanup thread" daemon [_thread_blocked, id=2000, stack(0x0000008f16900000,0x0000008f16a00000)]
  0x00000263aa304800 JavaThread "C2 CompilerThread1" daemon [_thread_blocked, id=15172, stack(0x0000008f16f00000,0x0000008f17000000)]
  0x00000263aa11f800 JavaThread "drools-worker-1" daemon [_thread_blocked, id=15144, stack(0x0000008f17000000,0x0000008f17100000)]
  0x00000263ac264800 JavaThread "drools-worker-2" daemon [_thread_blocked, id=16324, stack(0x0000008f17100000,0x0000008f17200000)]
  0x00000263ad4d2800 JavaThread "drools-worker-3" daemon [_thread_blocked, id=8876, stack(0x0000008f17200000,0x0000008f17300000)]
  0x00000263a7d07000 JavaThread "drools-worker-4" daemon [_thread_blocked, id=14964, stack(0x0000008f17300000,0x0000008f17400000)]

Other Threads:
  0x00000263a65e5800 VMThread "VM Thread" [stack: 0x0000008f15e00000,0x0000008f15f00000] [id=8]
  0x00000263a70fb000 WatcherThread [stack: 0x0000008f16700000,0x0000008f16800000] [id=14912]
  0x0000026386364000 GCTaskThread "GC Thread#0" [stack: 0x0000008f15900000,0x0000008f15a00000] [id=620]
  0x00000263a784b800 GCTaskThread "GC Thread#1" [stack: 0x0000008f16a00000,0x0000008f16b00000] [id=15236]
=>0x00000263a73ec000 GCTaskThread "GC Thread#2" [stack: 0x0000008f16b00000,0x0000008f16c00000] [id=11964]
  0x0000026386395800 ConcurrentGCThread "G1 Main Marker" [stack: 0x0000008f15a00000,0x0000008f15b00000] [id=11228]
  0x0000026386397000 ConcurrentGCThread "G1 Conc#0" [stack: 0x0000008f15b00000,0x0000008f15c00000] [id=9104]
  0x00000263a6440800 ConcurrentGCThread "G1 Refine#0" [stack: 0x0000008f15c00000,0x0000008f15d00000] [id=2356]
  0x00000263a6441000 ConcurrentGCThread "G1 Young RemSet Sampling" [stack: 0x0000008f15d00000,0x0000008f15e00000] [id=15032]

Threads with active compile tasks:
C2 CompilerThread06140 %     4       org.drools.core.phreak.PhreakJoinNode::doLeftInserts @ 109 (188 bytes)

VM state:at safepoint (normal execution)

VM Mutex/Monitor currently owned by a thread:  ([mutex/lock_event])
[0x000002638634aa20] FreeList_lock - owner thread: 0x00000263a73ec000
[0x000002638634c180] Threads_lock - owner thread: 0x00000263a65e5800
[0x000002638634c210] Heap_lock - owner thread: 0x000002638634d000

Heap address: 0x0000000082200000, size: 2014 MB, Compressed Oops mode: 32-bit
Narrow klass base: 0x0000000000000000, Narrow klass shift: 3
Compressed class space size: 1073741824 Address: 0x0000000100000000

Heap:
 garbage-first heap   total 168960K, used 123507K [0x0000000082200000, 0x0000000100000000)
  region size 1024K, 97 young (99328K), 12 survivors (12288K)
 Metaspace       used 63066K, capacity 64774K, committed 64972K, reserved 1105920K
  class space    used 7500K, capacity 8107K, committed 8192K, reserved 1048576K
Heap Regions: E=young(eden), S=young(survivor), O=old, HS=humongous(starts), HC=humongous(continues), CS=collection set, F=free, A=archive, TAMS=top-at-mark-start (previous, next)
|   0|0x0000000082200000, 0x0000000082300000, 0x0000000082300000|100%| O|  |TAMS 0x0000000082300000, 0x0000000082300000| Untracked 
|   1|0x0000000082300000, 0x0000000082400000, 0x0000000082400000|100%| O|  |TAMS 0x0000000082400000, 0x0000000082400000| Untracked 
|   2|0x0000000082400000, 0x0000000082500000, 0x0000000082500000|100%| O|  |TAMS 0x0000000082500000, 0x0000000082500000| Untracked 
|   3|0x0000000082500000, 0x0000000082600000, 0x0000000082600000|100%| O|  |TAMS 0x0000000082600000, 0x0000000082600000| Untracked 
|   4|0x0000000082600000, 0x0000000082700000, 0x0000000082700000|100%| O|  |TAMS 0x0000000082700000, 0x0000000082700000| Untracked 
|   5|0x0000000082700000, 0x0000000082800000, 0x0000000082800000|100%| O|  |TAMS 0x0000000082800000, 0x0000000082800000| Untracked 
|   6|0x0000000082800000, 0x0000000082900000, 0x0000000082900000|100%| O|  |TAMS 0x0000000082900000, 0x0000000082900000| Untracked 
|   7|0x0000000082900000, 0x0000000082a00000, 0x0000000082a00000|100%| O|  |TAMS 0x0000000082a00000, 0x0000000082a00000| Untracked 
|   8|0x0000000082a00000, 0x0000000082b00000, 0x0000000082b00000|100%| O|  |TAMS 0x0000000082b00000, 0x0000000082b00000| Untracked 
|   9|0x0000000082b00000, 0x0000000082c00000, 0x0000000082c00000|100%| O|  |TAMS 0x0000000082c00000, 0x0000000082c00000| Untracked 
|  10|0x0000000082c00000, 0x0000000082d00000, 0x0000000082d00000|100%| O|  |TAMS 0x0000000082d00000, 0x0000000082d00000| Untracked 
|  11|0x0000000082d00000, 0x0000000082e00000, 0x0000000082e00000|100%| O|  |TAMS 0x0000000082e00000, 0x0000000082e00000| Untracked 
|  12|0x0000000082e00000, 0x0000000082f00000, 0x0000000082f00000|100%| O|  |TAMS 0x0000000082f00000, 0x0000000082f00000| Untracked 
|  13|0x0000000082f00000, 0x0000000083000000, 0x0000000083000000|100%| O|  |TAMS 0x0000000083000000, 0x0000000083000000| Untracked 
|  14|0x0000000083000000, 0x0000000083100000, 0x0000000083100000|100%| O|  |TAMS 0x0000000083100000, 0x0000000083100000| Untracked 
|  15|0x0000000083100000, 0x0000000083200000, 0x0000000083200000|100%| O|  |TAMS 0x0000000083200000, 0x0000000083200000| Untracked 
|  16|0x0000000083200000, 0x0000000083300000, 0x0000000083300000|100%| O|  |TAMS 0x0000000083300000, 0x0000000083300000| Untracked 
|  17|0x0000000083300000, 0x0000000083400000, 0x0000000083400000|100%| O|  |TAMS 0x0000000083400000, 0x0000000083400000| Untracked 
|  18|0x0000000083400000, 0x0000000083500000, 0x0000000083500000|100%| O|  |TAMS 0x0000000083500000, 0x0000000083500000| Untracked 
|  19|0x0000000083500000, 0x0000000083600000, 0x0000000083600000|100%| O|  |TAMS 0x00000000835af400, 0x0000000083600000| Untracked 
|  20|0x0000000083600000, 0x0000000083700000, 0x0000000083700000|100%|HS|  |TAMS 0x0000000083600000, 0x0000000083700000| Complete 
|  21|0x0000000083700000, 0x0000000083800000, 0x0000000083800000|100%|HS|  |TAMS 0x0000000083700000, 0x0000000083800000| Complete 
|  22|0x0000000083800000, 0x0000000083900000, 0x0000000083900000|100%|HC|  |TAMS 0x0000000083800000, 0x0000000083900000| Complete 
|  23|0x0000000083900000, 0x0000000083a00000, 0x0000000083a00000|100%|HS|  |TAMS 0x0000000083900000, 0x0000000083a00000| Complete 
|  24|0x0000000083a00000, 0x0000000083b00000, 0x0000000083b00000|100%|HS|  |TAMS 0x0000000083a00000, 0x0000000083b00000| Complete 
|  25|0x0000000083b00000, 0x0000000083c00000, 0x0000000083c00000|100%|HS|  |TAMS 0x0000000083b00000, 0x0000000083c00000| Complete 
|  26|0x0000000083c00000, 0x0000000083d00000, 0x0000000083d00000|100%|HC|  |TAMS 0x0000000083c00000, 0x0000000083d00000| Complete 
|  27|0x0000000083d00000, 0x0000000083e00000, 0x0000000083e00000|100%|HS|  |TAMS 0x0000000083d00000, 0x0000000083e00000| Complete 
|  28|0x0000000083e00000, 0x0000000083f00000, 0x0000000083f00000|100%|HC|  |TAMS 0x0000000083e00000, 0x0000000083f00000| Complete 
|  29|0x0000000083f00000, 0x0000000084000000, 0x0000000084000000|100%|HS|  |TAMS 0x0000000083f00000, 0x0000000084000000| Complete 
|  30|0x0000000084000000, 0x0000000084100000, 0x0000000084100000|100%| O|  |TAMS 0x0000000084000000, 0x0000000084100000| Untracked 
|  31|0x0000000084100000, 0x0000000084200000, 0x0000000084200000|100%| O|  |TAMS 0x0000000084100000, 0x0000000084200000| Untracked 
|  32|0x0000000084200000, 0x0000000084300000, 0x0000000084300000|100%| O|  |TAMS 0x0000000084200000, 0x0000000084300000| Untracked 
|  33|0x0000000084300000, 0x0000000084400000, 0x0000000084400000|100%| O|  |TAMS 0x0000000084300000, 0x0000000084400000| Untracked 
|  34|0x0000000084400000, 0x0000000084500000, 0x0000000084500000|100%| O|  |TAMS 0x0000000084400000, 0x0000000084500000| Untracked 
|  35|0x0000000084500000, 0x0000000084600000, 0x0000000084600000|100%| O|  |TAMS 0x0000000084500000, 0x0000000084600000| Untracked 
|  36|0x0000000084600000, 0x0000000084700000, 0x0000000084700000|100%| O|  |TAMS 0x0000000084600000, 0x0000000084700000| Untracked 
|  37|0x0000000084700000, 0x0000000084800000, 0x0000000084800000|100%| O|  |TAMS 0x0000000084700000, 0x0000000084800000| Untracked 
|  38|0x0000000084800000, 0x0000000084900000, 0x0000000084900000|100%| O|  |TAMS 0x0000000084800000, 0x0000000084900000| Untracked 
|  39|0x0000000084900000, 0x0000000084a00000, 0x0000000084a00000|100%| O|  |TAMS 0x0000000084900000, 0x0000000084a00000| Untracked 
|  40|0x0000000084a00000, 0x0000000084b00000, 0x0000000084b00000|100%| O|  |TAMS 0x0000000084a00000, 0x0000000084b00000| Untracked 
|  41|0x0000000084b00000, 0x0000000084c00000, 0x0000000084c00000|100%| O|  |TAMS 0x0000000084b00000, 0x0000000084c00000| Untracked 
|  42|0x0000000084c00000, 0x0000000084d00000, 0x0000000084d00000|100%| O|  |TAMS 0x0000000084c00000, 0x0000000084d00000| Untracked 
|  43|0x0000000084d00000, 0x0000000084e00000, 0x0000000084e00000|100%| O|  |TAMS 0x0000000084d00000, 0x0000000084e00000| Untracked 
|  44|0x0000000084e00000, 0x0000000084f00000, 0x0000000084f00000|100%| O|  |TAMS 0x0000000084e00000, 0x0000000084f00000| Untracked 
|  45|0x0000000084f00000, 0x0000000085000000, 0x0000000085000000|100%| O|  |TAMS 0x0000000084f00000, 0x0000000085000000| Untracked 
|  46|0x0000000085000000, 0x0000000085100000, 0x0000000085100000|100%| O|  |TAMS 0x0000000085000000, 0x0000000085100000| Untracked 
|  47|0x0000000085100000, 0x0000000085200000, 0x0000000085200000|100%| O|  |TAMS 0x0000000085100000, 0x0000000085200000| Untracked 
|  48|0x0000000085200000, 0x0000000085300000, 0x0000000085300000|100%| O|  |TAMS 0x0000000085200000, 0x0000000085300000| Untracked 
|  49|0x0000000085300000, 0x0000000085400000, 0x0000000085400000|100%| S|  |TAMS 0x0000000085300000, 0x0000000085300000| Complete 
|  50|0x0000000085400000, 0x0000000085500000, 0x0000000085500000|100%| S|  |TAMS 0x0000000085400000, 0x0000000085400000| Complete 
|  51|0x0000000085500000, 0x0000000085600000, 0x0000000085600000|100%| S|  |TAMS 0x0000000085500000, 0x0000000085500000| Complete 
|  52|0x0000000085600000, 0x0000000085700000, 0x0000000085700000|100%| S|  |TAMS 0x0000000085600000, 0x0000000085600000| Complete 
|  53|0x0000000085700000, 0x0000000085800000, 0x0000000085800000|100%| S|  |TAMS 0x0000000085700000, 0x0000000085700000| Complete 
|  54|0x0000000085800000, 0x0000000085900000, 0x0000000085900000|100%| S|  |TAMS 0x0000000085800000, 0x0000000085800000| Complete 
|  55|0x0000000085900000, 0x0000000085a00000, 0x0000000085a00000|100%| S|  |TAMS 0x0000000085900000, 0x0000000085900000| Complete 
|  56|0x0000000085a00000, 0x0000000085b00000, 0x0000000085b00000|100%| S|  |TAMS 0x0000000085a00000, 0x0000000085a00000| Complete 
|  57|0x0000000085b00000, 0x0000000085c00000, 0x0000000085c00000|100%| S|  |TAMS 0x0000000085b00000, 0x0000000085b00000| Complete 
|  58|0x0000000085c00000, 0x0000000085d00000, 0x0000000085d00000|100%| S|  |TAMS 0x0000000085c00000, 0x0000000085c00000| Complete 
|  59|0x0000000085d00000, 0x0000000085e00000, 0x0000000085e00000|100%| S|  |TAMS 0x0000000085d00000, 0x0000000085d00000| Complete 
|  60|0x0000000085e00000, 0x0000000085f00000, 0x0000000085f00000|100%| S|  |TAMS 0x0000000085e00000, 0x0000000085e00000| Complete 
|  61|0x0000000085f00000, 0x0000000086000000, 0x0000000086000000|100%| E|CS|TAMS 0x0000000085f00000, 0x0000000086000000| Complete 
|  62|0x0000000086000000, 0x0000000086100000, 0x0000000086100000|100%| E|CS|TAMS 0x0000000086000000, 0x0000000086100000| Complete 
|  63|0x0000000086100000, 0x0000000086200000, 0x0000000086200000|100%| E|CS|TAMS 0x0000000086100000, 0x0000000086200000| Complete 
|  64|0x0000000086200000, 0x0000000086300000, 0x0000000086300000|100%| E|CS|TAMS 0x0000000086200000, 0x0000000086300000| Complete 
|  65|0x0000000086300000, 0x0000000086400000, 0x0000000086400000|100%| E|CS|TAMS 0x0000000086300000, 0x0000000086400000| Complete 
|  66|0x0000000086400000, 0x0000000086500000, 0x0000000086500000|100%| E|CS|TAMS 0x0000000086400000, 0x0000000086500000| Complete 
|  67|0x0000000086500000, 0x0000000086600000, 0x0000000086600000|100%| E|CS|TAMS 0x0000000086500000, 0x0000000086600000| Complete 
|  68|0x0000000086600000, 0x0000000086700000, 0x0000000086700000|100%| E|CS|TAMS 0x0000000086600000, 0x0000000086700000| Complete 
|  69|0x0000000086700000, 0x0000000086800000, 0x0000000086800000|100%| E|CS|TAMS 0x0000000086700000, 0x0000000086800000| Complete 
|  70|0x0000000086800000, 0x0000000086900000, 0x0000000086900000|100%| E|CS|TAMS 0x0000000086800000, 0x0000000086900000| Complete 
|  71|0x0000000086900000, 0x0000000086a00000, 0x0000000086a00000|100%| E|CS|TAMS 0x0000000086900000, 0x0000000086a00000| Complete 
|  72|0x0000000086a00000, 0x0000000086b00000, 0x0000000086b00000|100%| E|CS|TAMS 0x0000000086a00000, 0x0000000086b00000| Complete 
|  73|0x0000000086b00000, 0x0000000086c00000, 0x0000000086c00000|100%| E|CS|TAMS 0x0000000086b00000, 0x0000000086c00000| Complete 
|  74|0x0000000086c00000, 0x0000000086d00000, 0x0000000086d00000|100%| E|CS|TAMS 0x0000000086c00000, 0x0000000086d00000| Complete 
|  75|0x0000000086d00000, 0x0000000086e00000, 0x0000000086e00000|100%| E|CS|TAMS 0x0000000086d00000, 0x0000000086e00000| Complete 
|  76|0x0000000086e00000, 0x0000000086f00000, 0x0000000086f00000|100%| E|CS|TAMS 0x0000000086e00000, 0x0000000086f00000| Complete 
|  77|0x0000000086f00000, 0x0000000087000000, 0x0000000087000000|100%| E|CS|TAMS 0x0000000086f00000, 0x0000000087000000| Complete 
|  78|0x0000000087000000, 0x0000000087100000, 0x0000000087100000|100%| E|CS|TAMS 0x0000000087000000, 0x0000000087100000| Complete 
|  79|0x0000000087100000, 0x0000000087200000, 0x0000000087200000|100%| E|CS|TAMS 0x0000000087100000, 0x0000000087200000| Complete 
|  80|0x0000000087200000, 0x0000000087300000, 0x0000000087300000|100%| E|CS|TAMS 0x0000000087200000, 0x0000000087300000| Complete 
|  81|0x0000000087300000, 0x0000000087400000, 0x0000000087400000|100%| E|CS|TAMS 0x0000000087300000, 0x0000000087400000| Complete 
|  82|0x0000000087400000, 0x0000000087500000, 0x0000000087500000|100%| E|CS|TAMS 0x0000000087400000, 0x0000000087500000| Complete 
|  83|0x0000000087500000, 0x0000000087600000, 0x0000000087600000|100%| E|CS|TAMS 0x0000000087500000, 0x0000000087600000| Complete 
|  84|0x0000000087600000, 0x0000000087700000, 0x0000000087700000|100%| E|CS|TAMS 0x0000000087600000, 0x0000000087700000| Complete 
|  85|0x0000000087700000, 0x0000000087800000, 0x0000000087800000|100%| E|CS|TAMS 0x0000000087700000, 0x0000000087800000| Complete 
|  86|0x0000000087800000, 0x0000000087900000, 0x0000000087900000|100%| E|CS|TAMS 0x0000000087800000, 0x0000000087900000| Complete 
|  87|0x0000000087900000, 0x0000000087a00000, 0x0000000087a00000|100%| E|CS|TAMS 0x0000000087900000, 0x0000000087a00000| Complete 
|  88|0x0000000087a00000, 0x0000000087b00000, 0x0000000087b00000|100%| E|CS|TAMS 0x0000000087a00000, 0x0000000087b00000| Complete 
|  89|0x0000000087b00000, 0x0000000087c00000, 0x0000000087c00000|100%| E|CS|TAMS 0x0000000087b00000, 0x0000000087c00000| Complete 
|  90|0x0000000087c00000, 0x0000000087d00000, 0x0000000087d00000|100%| E|CS|TAMS 0x0000000087c00000, 0x0000000087d00000| Complete 
|  91|0x0000000087d00000, 0x0000000087e00000, 0x0000000087e00000|100%| E|CS|TAMS 0x0000000087d00000, 0x0000000087e00000| Complete 
|  92|0x0000000087e00000, 0x0000000087f00000, 0x0000000087f00000|100%| E|CS|TAMS 0x0000000087e00000, 0x0000000087f00000| Complete 
|  93|0x0000000087f00000, 0x0000000088000000, 0x0000000088000000|100%| E|CS|TAMS 0x0000000087f00000, 0x0000000088000000| Complete 
|  94|0x0000000088000000, 0x0000000088100000, 0x0000000088100000|100%| E|CS|TAMS 0x0000000088000000, 0x0000000088100000| Complete 
|  95|0x0000000088100000, 0x0000000088200000, 0x0000000088200000|100%| E|CS|TAMS 0x0000000088100000, 0x0000000088200000| Complete 
|  96|0x0000000088200000, 0x0000000088300000, 0x0000000088300000|100%| E|CS|TAMS 0x0000000088200000, 0x0000000088300000| Complete 
|  97|0x0000000088300000, 0x0000000088400000, 0x0000000088400000|100%| E|CS|TAMS 0x0000000088300000, 0x0000000088400000| Complete 
|  98|0x0000000088400000, 0x0000000088500000, 0x0000000088500000|100%| E|CS|TAMS 0x0000000088400000, 0x0000000088500000| Complete 
|  99|0x0000000088500000, 0x0000000088600000, 0x0000000088600000|100%| E|CS|TAMS 0x0000000088500000, 0x0000000088600000| Complete 
| 100|0x0000000088600000, 0x0000000088700000, 0x0000000088700000|100%| E|CS|TAMS 0x0000000088600000, 0x0000000088700000| Complete 
| 101|0x0000000088700000, 0x0000000088800000, 0x0000000088800000|100%| E|CS|TAMS 0x0000000088700000, 0x0000000088800000| Complete 
| 102|0x0000000088800000, 0x0000000088900000, 0x0000000088900000|100%| E|CS|TAMS 0x0000000088800000, 0x0000000088900000| Complete 
| 103|0x0000000088900000, 0x0000000088a00000, 0x0000000088a00000|100%| E|CS|TAMS 0x0000000088900000, 0x0000000088a00000| Complete 
| 104|0x0000000088a00000, 0x0000000088b00000, 0x0000000088b00000|100%| E|CS|TAMS 0x0000000088a00000, 0x0000000088b00000| Complete 
| 105|0x0000000088b00000, 0x0000000088c00000, 0x0000000088c00000|100%| E|CS|TAMS 0x0000000088b00000, 0x0000000088c00000| Complete 
| 106|0x0000000088c00000, 0x0000000088d00000, 0x0000000088d00000|100%| E|CS|TAMS 0x0000000088c00000, 0x0000000088d00000| Complete 
| 107|0x0000000088d00000, 0x0000000088e00000, 0x0000000088e00000|100%| E|CS|TAMS 0x0000000088d00000, 0x0000000088e00000| Complete 
| 108|0x0000000088e00000, 0x0000000088f00000, 0x0000000088f00000|100%| E|CS|TAMS 0x0000000088e00000, 0x0000000088f00000| Complete 
| 109|0x0000000088f00000, 0x0000000088fed9f0, 0x0000000089000000| 92%| E|CS|TAMS 0x0000000088f00000, 0x0000000088fed9f0| Complete 
| 110|0x0000000089000000, 0x0000000089100000, 0x0000000089100000|100%| E|CS|TAMS 0x0000000089000000, 0x0000000089100000| Complete 
| 111|0x0000000089100000, 0x0000000089200000, 0x0000000089200000|100%| E|CS|TAMS 0x0000000089100000, 0x0000000089200000| Complete 
| 112|0x0000000089200000, 0x0000000089300000, 0x0000000089300000|100%| E|CS|TAMS 0x0000000089200000, 0x0000000089300000| Complete 
| 113|0x0000000089300000, 0x0000000089400000, 0x0000000089400000|100%| E|CS|TAMS 0x0000000089300000, 0x0000000089400000| Complete 
| 114|0x0000000089400000, 0x0000000089500000, 0x0000000089500000|100%| E|CS|TAMS 0x0000000089400000, 0x0000000089500000| Complete 
| 115|0x0000000089500000, 0x0000000089600000, 0x0000000089600000|100%| E|CS|TAMS 0x0000000089500000, 0x0000000089600000| Complete 
| 116|0x0000000089600000, 0x0000000089700000, 0x0000000089700000|100%| E|CS|TAMS 0x0000000089600000, 0x0000000089700000| Complete 
| 117|0x0000000089700000, 0x0000000089800000, 0x0000000089800000|100%| E|CS|TAMS 0x0000000089700000, 0x0000000089800000| Complete 
| 118|0x0000000089800000, 0x0000000089900000, 0x0000000089900000|100%| E|CS|TAMS 0x0000000089800000, 0x0000000089900000| Complete 
| 119|0x0000000089900000, 0x0000000089a00000, 0x0000000089a00000|100%| E|CS|TAMS 0x0000000089900000, 0x0000000089a00000| Complete 
| 120|0x0000000089a00000, 0x0000000089b00000, 0x0000000089b00000|100%| E|CS|TAMS 0x0000000089a00000, 0x0000000089b00000| Complete 
| 121|0x0000000089b00000, 0x0000000089c00000, 0x0000000089c00000|100%| E|CS|TAMS 0x0000000089b00000, 0x0000000089c00000| Complete 
| 122|0x0000000089c00000, 0x0000000089d00000, 0x0000000089d00000|100%| E|CS|TAMS 0x0000000089c00000, 0x0000000089d00000| Complete 
| 123|0x0000000089d00000, 0x0000000089e00000, 0x0000000089e00000|100%| E|CS|TAMS 0x0000000089d00000, 0x0000000089e00000| Complete 
| 124|0x0000000089e00000, 0x0000000089f00000, 0x0000000089f00000|100%| E|CS|TAMS 0x0000000089e00000, 0x0000000089f00000| Complete 
| 125|0x0000000089f00000, 0x000000008a000000, 0x000000008a000000|100%| E|CS|TAMS 0x0000000089f00000, 0x000000008a000000| Complete 
| 126|0x000000008a000000, 0x000000008a100000, 0x000000008a100000|100%| E|CS|TAMS 0x000000008a000000, 0x000000008a100000| Complete 
| 127|0x000000008a100000, 0x000000008a200000, 0x000000008a200000|100%| E|CS|TAMS 0x000000008a100000, 0x000000008a200000| Complete 
| 128|0x000000008a200000, 0x000000008a300000, 0x000000008a300000|100%| E|CS|TAMS 0x000000008a200000, 0x000000008a300000| Complete 
| 129|0x000000008a300000, 0x000000008a400000, 0x000000008a400000|100%| E|CS|TAMS 0x000000008a300000, 0x000000008a400000| Complete 
| 130|0x000000008a400000, 0x000000008a500000, 0x000000008a500000|100%| E|CS|TAMS 0x000000008a400000, 0x000000008a500000| Complete 
| 131|0x000000008a500000, 0x000000008a600000, 0x000000008a600000|100%| E|CS|TAMS 0x000000008a500000, 0x000000008a600000| Complete 
| 132|0x000000008a600000, 0x000000008a700000, 0x000000008a700000|100%| E|CS|TAMS 0x000000008a600000, 0x000000008a700000| Complete 
| 133|0x000000008a700000, 0x000000008a800000, 0x000000008a800000|100%| E|CS|TAMS 0x000000008a700000, 0x000000008a800000| Complete 
| 134|0x000000008a800000, 0x000000008a900000, 0x000000008a900000|100%| E|CS|TAMS 0x000000008a800000, 0x000000008a900000| Complete 
| 135|0x000000008a900000, 0x000000008aa00000, 0x000000008aa00000|100%| E|CS|TAMS 0x000000008a900000, 0x000000008aa00000| Complete 
| 136|0x000000008aa00000, 0x000000008ab00000, 0x000000008ab00000|100%| E|CS|TAMS 0x000000008aa00000, 0x000000008ab00000| Complete 
| 137|0x000000008ab00000, 0x000000008ac00000, 0x000000008ac00000|100%| E|CS|TAMS 0x000000008ab00000, 0x000000008ac00000| Complete 
| 138|0x000000008ac00000, 0x000000008ad00000, 0x000000008ad00000|100%| E|CS|TAMS 0x000000008ac00000, 0x000000008ad00000| Complete 
| 139|0x000000008ad00000, 0x000000008ae00000, 0x000000008ae00000|100%| E|CS|TAMS 0x000000008ad00000, 0x000000008ae00000| Complete 
| 140|0x000000008ae00000, 0x000000008af00000, 0x000000008af00000|100%| E|CS|TAMS 0x000000008ae00000, 0x000000008af00000| Complete 
| 141|0x000000008af00000, 0x000000008b000000, 0x000000008b000000|100%| E|CS|TAMS 0x000000008af00000, 0x000000008b000000| Complete 
| 142|0x000000008b000000, 0x000000008b100000, 0x000000008b100000|100%| E|CS|TAMS 0x000000008b000000, 0x000000008b100000| Complete 
| 143|0x000000008b100000, 0x000000008b200000, 0x000000008b200000|100%| E|CS|TAMS 0x000000008b100000, 0x000000008b200000| Complete 
| 144|0x000000008b200000, 0x000000008b300000, 0x000000008b300000|100%| E|CS|TAMS 0x000000008b200000, 0x000000008b300000| Complete 
| 145|0x000000008b300000, 0x000000008b400000, 0x000000008b400000|100%| E|CS|TAMS 0x000000008b300000, 0x000000008b400000| Complete 
| 146|0x000000008b400000, 0x000000008b500000, 0x000000008b500000|100%| E|CS|TAMS 0x000000008b400000, 0x000000008b500000| Complete 
| 147|0x000000008b500000, 0x000000008b600000, 0x000000008b600000|100%| E|CS|TAMS 0x000000008b500000, 0x000000008b600000| Complete 
| 148|0x000000008b600000, 0x000000008b700000, 0x000000008b700000|100%| E|CS|TAMS 0x000000008b600000, 0x000000008b700000| Complete 
| 149|0x000000008b700000, 0x000000008b800000, 0x000000008b800000|100%| E|CS|TAMS 0x000000008b700000, 0x000000008b800000| Complete 
| 150|0x000000008b800000, 0x000000008b900000, 0x000000008b900000|100%| E|CS|TAMS 0x000000008b800000, 0x000000008b900000| Complete 
| 151|0x000000008b900000, 0x000000008ba00000, 0x000000008ba00000|100%| E|CS|TAMS 0x000000008b900000, 0x000000008ba00000| Complete 
| 152|0x000000008ba00000, 0x000000008bb00000, 0x000000008bb00000|100%| O|  |TAMS 0x000000008ba00000, 0x000000008bb00000| Untracked 
| 153|0x000000008bb00000, 0x000000008bc00000, 0x000000008bc00000|100%| O|  |TAMS 0x000000008bb00000, 0x000000008bc00000| Untracked 
| 154|0x000000008bc00000, 0x000000008bd00000, 0x000000008bd00000|100%| O|  |TAMS 0x000000008bc00000, 0x000000008bd00000| Untracked 
| 155|0x000000008bd00000, 0x000000008be00000, 0x000000008be00000|100%| O|  |TAMS 0x000000008bd00000, 0x000000008be00000| Untracked 
| 156|0x000000008be00000, 0x000000008bf00000, 0x000000008bf00000|100%| O|  |TAMS 0x000000008be00000, 0x000000008bf00000| Untracked 
| 157|0x000000008bf00000, 0x000000008c000000, 0x000000008c000000|100%| O|  |TAMS 0x000000008bf00000, 0x000000008c000000| Untracked 
| 158|0x000000008c000000, 0x000000008c100000, 0x000000008c100000|100%| O|  |TAMS 0x000000008c000000, 0x000000008c100000| Untracked 
| 159|0x000000008c100000, 0x000000008c200000, 0x000000008c200000|100%| O|  |TAMS 0x000000008c100000, 0x000000008c200000| Untracked 
| 160|0x000000008c200000, 0x000000008c300000, 0x000000008c300000|100%| O|  |TAMS 0x000000008c200000, 0x000000008c300000| Untracked 
| 161|0x000000008c300000, 0x000000008c400000, 0x000000008c400000|100%| O|  |TAMS 0x000000008c300000, 0x000000008c400000| Untracked 
| 162|0x000000008c400000, 0x000000008c500000, 0x000000008c500000|100%| O|  |TAMS 0x000000008c400000, 0x000000008c500000| Untracked 
| 163|0x000000008c500000, 0x000000008c600000, 0x000000008c600000|100%| O|  |TAMS 0x000000008c500000, 0x000000008c600000| Untracked 

Card table byte_map: [0x000002639f8c0000,0x000002639fcb0000] _byte_map_base: 0x000002639f4af000

Marking Bits (Prev, Next): (CMBitMap*) 0x000002638638cd30, (CMBitMap*) 0x000002638638ccf8
 Prev Bits: [0x00000263a2020000, 0x00000263a3f98000)
 Next Bits: [0x00000263a00a0000, 0x00000263a2018000)

Polling page: 0x0000026386420000

Metaspace:

Usage:
  Non-class:     55.34 MB capacity,    54.26 MB ( 98%) used,   995.81 KB (  2%) free+waste,   105.88 KB ( <1%) overhead. 
      Class:      7.92 MB capacity,     7.32 MB ( 93%) used,   559.73 KB (  7%) free+waste,    46.56 KB ( <1%) overhead. 
       Both:     63.26 MB capacity,    61.59 MB ( 97%) used,     1.52 MB (  2%) free+waste,   152.44 KB ( <1%) overhead. 

Virtual space:
  Non-class space:       56.00 MB reserved,      55.45 MB (>99%) committed 
      Class space:        1.00 GB reserved,       8.00 MB ( <1%) committed 
             Both:        1.05 GB reserved,      63.45 MB (  6%) committed 

Chunk freelists:
   Non-Class:  6.13 KB
       Class:  2.63 KB
        Both:  8.75 KB

CodeHeap 'non-profiled nmethods': size=120064Kb used=3997Kb max_used=3997Kb free=116067Kb
 bounds [0x0000026397960000, 0x0000026397d50000, 0x000002639eea0000]
CodeHeap 'profiled nmethods': size=120000Kb used=14078Kb max_used=14078Kb free=105922Kb
 bounds [0x0000026390430000, 0x00000263911f0000, 0x0000026397960000]
CodeHeap 'non-nmethods': size=5696Kb used=1226Kb max_used=1264Kb free=4469Kb
 bounds [0x000002638fea0000, 0x0000026390110000, 0x0000026390430000]
 total_blobs=7957 nmethods=6076 adapters=506
 compilation: enabled
              stopped_count=0, restarted_count=0
 full_count=0

Compilation events (10 events):
Event: 13.679 Thread 0x00000263aa304800 6083       4       org.swrlapi.drools.owl.individuals.I::equals (41 bytes)
Event: 13.682 Thread 0x00000263aa304800 nmethod 6083 0x0000026397d45c10 code [0x0000026397d45da0, 0x0000026397d46078]
Event: 13.682 Thread 0x00000263aa304800 6086       4       org.drools.core.rule.constraint.MvelConstraint$PlainIndexEvaluator::evaluate (93 bytes)
Event: 13.687 Thread 0x00000263aa304800 nmethod 6086 0x0000026397d46190 code [0x0000026397d46360, 0x0000026397d46788]
Event: 13.687 Thread 0x00000263aa304800 6085       4       org.drools.core.util.AbstractHashTable$DoubleCompositeIndex::hashCodeOf (40 bytes)
Event: 13.689 Thread 0x00000263aa304800 nmethod 6085 0x0000026397d46a10 code [0x0000026397d46bc0, 0x0000026397d46cf8]
Event: 13.689 Thread 0x00000263aa304800 5844       4       org.drools.core.impl.KnowledgeBaseImpl::getConfiguration (23 bytes)
Event: 13.690 Thread 0x00000263aa304800 nmethod 5844 0x0000026397d46e10 code [0x0000026397d46fa0, 0x0000026397d47018]
Event: 13.690 Thread 0x00000263aa304800 6079       4       org.drools.core.common.DoubleBetaConstraints::updateFromTuple (21 bytes)
Event: 13.691 Thread 0x00000263aa304800 nmethod 6079 0x0000026397d47090 code [0x0000026397d47220, 0x0000026397d472f8]

GC Heap History (10 events):
Event: 9.788 GC heap after
{Heap after GC invocations=16 (full 0):
 garbage-first heap   total 155648K, used 23719K [0x0000000082200000, 0x0000000100000000)
  region size 1024K, 4 young (4096K), 4 survivors (4096K)
 Metaspace       used 43403K, capacity 43999K, committed 44032K, reserved 1087488K
  class space    used 5412K, capacity 5604K, committed 5632K, reserved 1048576K
}
Event: 10.483 GC heap before
{Heap before GC invocations=16 (full 0):
 garbage-first heap   total 155648K, used 112807K [0x0000000082200000, 0x0000000100000000)
  region size 1024K, 91 young (93184K), 4 survivors (4096K)
 Metaspace       used 43970K, capacity 44550K, committed 44928K, reserved 1089536K
  class space    used 5429K, capacity 5637K, committed 5760K, reserved 1048576K
}
Event: 10.489 GC heap after
{Heap after GC invocations=17 (full 0):
 garbage-first heap   total 155648K, used 24013K [0x0000000082200000, 0x0000000100000000)
  region size 1024K, 4 young (4096K), 4 survivors (4096K)
 Metaspace       used 43970K, capacity 44550K, committed 44928K, reserved 1089536K
  class space    used 5429K, capacity 5637K, committed 5760K, reserved 1048576K
}
Event: 11.220 GC heap before
{Heap before GC invocations=17 (full 0):
 garbage-first heap   total 155648K, used 113101K [0x0000000082200000, 0x0000000100000000)
  region size 1024K, 91 young (93184K), 4 survivors (4096K)
 Metaspace       used 46874K, capacity 47574K, committed 47744K, reserved 1091584K
  class space    used 5706K, capacity 5982K, committed 6016K, reserved 1048576K
}
Event: 11.225 GC heap after
{Heap after GC invocations=18 (full 0):
 garbage-first heap   total 155648K, used 24719K [0x0000000082200000, 0x0000000100000000)
  region size 1024K, 5 young (5120K), 5 survivors (5120K)
 Metaspace       used 46874K, capacity 47574K, committed 47744K, reserved 1091584K
  class space    used 5706K, capacity 5982K, committed 6016K, reserved 1048576K
}
Event: 12.042 GC heap before
{Heap before GC invocations=18 (full 0):
 garbage-first heap   total 155648K, used 112783K [0x0000000082200000, 0x0000000100000000)
  region size 1024K, 91 young (93184K), 5 survivors (5120K)
 Metaspace       used 55544K, capacity 56711K, committed 56960K, reserved 1099776K
  class space    used 6591K, capacity 7022K, committed 7040K, reserved 1048576K
}
Event: 12.047 GC heap after
{Heap after GC invocations=19 (full 0):
 garbage-first heap   total 155648K, used 25539K [0x0000000082200000, 0x0000000100000000)
  region size 1024K, 6 young (6144K), 6 survivors (6144K)
 Metaspace       used 55544K, capacity 56711K, committed 56960K, reserved 1099776K
  class space    used 6591K, capacity 7022K, committed 7040K, reserved 1048576K
}
Event: 12.346 GC heap before
{Heap before GC invocations=19 (full 0):
 garbage-first heap   total 155648K, used 62403K [0x0000000082200000, 0x0000000100000000)
  region size 1024K, 43 young (44032K), 6 survivors (6144K)
 Metaspace       used 58757K, capacity 60103K, committed 60160K, reserved 1101824K
  class space    used 6928K, capacity 7406K, committed 7424K, reserved 1048576K
}
Event: 12.356 GC heap after
{Heap after GC invocations=20 (full 0):
 garbage-first heap   total 155648K, used 26227K [0x0000000082200000, 0x0000000100000000)
  region size 1024K, 6 young (6144K), 6 survivors (6144K)
 Metaspace       used 58757K, capacity 60103K, committed 60160K, reserved 1101824K
  class space    used 6928K, capacity 7406K, committed 7424K, reserved 1048576K
}
Event: 13.722 GC heap before
{Heap before GC invocations=21 (full 0):
 garbage-first heap   total 155648K, used 123507K [0x0000000082200000, 0x0000000100000000)
  region size 1024K, 91 young (93184K), 6 survivors (6144K)
 Metaspace       used 63066K, capacity 64774K, committed 64972K, reserved 1105920K
  class space    used 7500K, capacity 8107K, committed 8192K, reserved 1048576K
}

Deoptimization events (10 events):
Event: 13.619 Thread 0x000002638634d000 Uncommon trap: reason=class_check action=maybe_recompile pc=0x0000026397d2be88 method=org.drools.core.reteoo.BaseLeftTuple.getStagedNext()Lorg/drools/core/reteoo/LeftTuple; @ 4 c2
Event: 13.623 Thread 0x000002638634d000 Uncommon trap: reason=unstable_if action=reinterpret pc=0x0000026397d27ae4 method=java.lang.ClassLoader.preDefineClass(Ljava/lang/String;Ljava/security/ProtectionDomain;)Ljava/security/ProtectionDomain; @ 93 c2
Event: 13.624 Thread 0x000002638634d000 Uncommon trap: reason=class_check action=maybe_recompile pc=0x0000026397d3a0e4 method=org.drools.core.util.index.TupleIndexHashTable.getOrCreate(Lorg/drools/core/spi/Tuple;)Lorg/drools/core/util/index/TupleList; @ 9 c2
Event: 13.625 Thread 0x000002638634d000 Uncommon trap: reason=class_check action=maybe_recompile pc=0x0000026397d3787c method=org.drools.core.util.index.TupleIndexHashTable.matches(Lorg/drools/core/util/index/TupleList;Lorg/drools/core/spi/Tuple;IZ)Z @ 1 c2
Event: 13.625 Thread 0x000002638634d000 Uncommon trap: reason=class_check action=maybe_recompile pc=0x0000026397d3787c method=org.drools.core.util.index.TupleIndexHashTable.matches(Lorg/drools/core/util/index/TupleList;Lorg/drools/core/spi/Tuple;IZ)Z @ 1 c2
Event: 13.625 Thread 0x000002638634d000 Uncommon trap: reason=class_check action=maybe_recompile pc=0x0000026397d3787c method=org.drools.core.util.index.TupleIndexHashTable.matches(Lorg/drools/core/util/index/TupleList;Lorg/drools/core/spi/Tuple;IZ)Z @ 1 c2
Event: 13.625 Thread 0x000002638634d000 Uncommon trap: reason=class_check action=maybe_recompile pc=0x0000026397d3787c method=org.drools.core.util.index.TupleIndexHashTable.matches(Lorg/drools/core/util/index/TupleList;Lorg/drools/core/spi/Tuple;IZ)Z @ 1 c2
Event: 13.639 Thread 0x000002638634d000 Uncommon trap: reason=class_check action=maybe_recompile pc=0x0000026397d2b354 method=org.drools.core.phreak.PhreakJoinNode.insertChildLeftTuple(Lorg/drools/core/common/TupleSets;Lorg/drools/core/reteoo/LeftTuple;Lorg/drools/core/reteoo/RightTuple;Lorg/dr
Event: 13.639 Thread 0x000002638634d000 Uncommon trap: reason=class_check action=maybe_recompile pc=0x0000026397d322e8 method=org.drools.core.phreak.RuleNetworkEvaluator.useLeftMemory(Lorg/drools/core/reteoo/LeftTupleSource;Lorg/drools/core/spi/Tuple;)Z @ 3 c2
Event: 13.644 Thread 0x000002638634d000 Uncommon trap: reason=unstable_if action=reinterpret pc=0x0000026397d3d0e0 method=org.drools.core.util.index.TupleIndexHashTable.getFirst(Lorg/drools/core/spi/Tuple;)Lorg/drools/core/spi/Tuple; @ 6 c2

Classes redefined (0 events):
No events

Internal exceptions (10 events):
Event: 12.672 Thread 0x000002638634d000 Exception <a 'java/io/FileNotFoundException'{0x000000008afc57b8}> (0x000000008afc57b8) thrown at [t:/workspace/open/src/hotspot/share/prims/jni.cpp, line 615]
Event: 12.726 Thread 0x000002638634d000 Exception <a 'java/lang/NoSuchMethodError'{0x000000008aedf530}: java.lang.invoke.DirectMethodHandle$Holder.invokeStatic(Ljava/lang/Object;Ljava/lang/Object;Ljava/lang/Object;Ljava/lang/Object;Ljava/lang/Object;Ljava/lang/Object;Ljava/lang/Object;Ljava/lan
Event: 12.731 Thread 0x000002638634d000 Exception <a 'java/lang/NoSuchMethodError'{0x000000008aefd208}: java.lang.invoke.DirectMethodHandle$Holder.invokeStatic(Ljava/lang/Object;Ljava/lang/Object;Ljava/lang/Object;Ljava/lang/Object;Ljava/lang/Object;Ljava/lang/Object;Ljava/lang/Object;Ljava/lan
Event: 12.733 Thread 0x000002638634d000 Exception <a 'java/lang/NoSuchMethodError'{0x000000008ad1c450}: java.lang.invoke.DirectMethodHandle$Holder.invokeStatic(Ljava/lang/Object;Ljava/lang/Object;Ljava/lang/Object;Ljava/lang/Object;Ljava/lang/Object;Ljava/lang/Object;Ljava/lang/Object;Ljava/lan
Event: 12.735 Thread 0x000002638634d000 Exception <a 'java/lang/NoSuchMethodError'{0x000000008ad3c860}: java.lang.invoke.DirectMethodHandle$Holder.invokeStatic(Ljava/lang/Object;Ljava/lang/Object;Ljava/lang/Object;Ljava/lang/Object;Ljava/lang/Object;Ljava/lang/Object;Ljava/lang/Object;Ljava/lan
Event: 13.027 Thread 0x000002638634d000 Exception <a 'java/lang/NoSuchMethodError'{0x000000008a4ffd70}: java.lang.invoke.DirectMethodHandle$Holder.invokeStatic(Ljava/lang/Object;Ljava/lang/Object;ILjava/lang/Object;)Ljava/lang/Object;> (0x000000008a4ffd70) thrown at [t:/workspace/open/src/hotsp
Event: 13.027 Thread 0x000002638634d000 Exception <a 'java/lang/NoSuchMethodError'{0x000000008a3039d0}: java.lang.invoke.DirectMethodHandle$Holder.invokeSpecial(Ljava/lang/Object;Ljava/lang/Object;Ljava/lang/Object;ILjava/lang/Object;)Ljava/lang/Object;> (0x000000008a3039d0) thrown at [t:/works
Event: 13.027 Thread 0x000002638634d000 Exception <a 'java/lang/NoSuchMethodError'{0x000000008a306a30}: java.lang.invoke.Invokers$Holder.linkToTargetMethod(Ljava/lang/Object;ILjava/lang/Object;Ljava/lang/Object;)Ljava/lang/Object;> (0x000000008a306a30) thrown at [t:/workspace/open/src/hotspot/s
Event: 13.180 Thread 0x000002638634d000 Exception <a 'java/lang/NoSuchMethodError'{0x000000008a25f710}: java.lang.invoke.DirectMethodHandle$Holder.invokeInterface(Ljava/lang/Object;Ljava/lang/Object;Ljava/lang/Object;)Ljava/lang/Object;> (0x000000008a25f710) thrown at [t:/workspace/open/src/hot
Event: 13.622 Thread 0x000002638634d000 Implicit null exception at 0x0000026397d24af2 to 0x0000026397d27aae

Events (10 events):
Event: 13.639 Thread 0x000002638634d000 Uncommon trap: trap_request=0xffffffde fr.pc=0x0000026397d2b354 relative=0x0000000000000cd4
Event: 13.639 Thread 0x000002638634d000 DEOPT PACKING pc=0x0000026397d2b354 sp=0x0000008f158fe750
Event: 13.639 Thread 0x000002638634d000 DEOPT UNPACKING pc=0x000002638fec8f2f sp=0x0000008f158fe6d0 mode 2
Event: 13.639 Thread 0x000002638634d000 Uncommon trap: trap_request=0xffffffde fr.pc=0x0000026397d322e8 relative=0x0000000000000048
Event: 13.639 Thread 0x000002638634d000 DEOPT PACKING pc=0x0000026397d322e8 sp=0x0000008f158fe950
Event: 13.639 Thread 0x000002638634d000 DEOPT UNPACKING pc=0x000002638fec8f2f sp=0x0000008f158fe8e0 mode 2
Event: 13.644 Thread 0x000002638634d000 Uncommon trap: trap_request=0xffffff4d fr.pc=0x0000026397d3d0e0 relative=0x0000000000000120
Event: 13.644 Thread 0x000002638634d000 DEOPT PACKING pc=0x0000026397d3d0e0 sp=0x0000008f158fe6a0
Event: 13.644 Thread 0x000002638634d000 DEOPT UNPACKING pc=0x000002638fec8f2f sp=0x0000008f158fe638 mode 2
Event: 13.722 Executing VM operation: G1CollectForAllocation


Dynamic libraries:
0x00007ff798900000 - 0x00007ff798947000 	C:\Program Files\Java\jdk-11.0.6\bin\javaw.exe
0x00007ffb21420000 - 0x00007ffb21610000 	C:\WINDOWS\SYSTEM32\ntdll.dll
0x00007ffb1fca0000 - 0x00007ffb1fd52000 	C:\WINDOWS\System32\KERNEL32.DLL
0x00007ffb1f1f0000 - 0x00007ffb1f494000 	C:\WINDOWS\System32\KERNELBASE.dll
0x00007ffb203d0000 - 0x00007ffb20473000 	C:\WINDOWS\System32\ADVAPI32.dll
0x00007ffb1f7e0000 - 0x00007ffb1f87e000 	C:\WINDOWS\System32\msvcrt.dll
0x00007ffb1f670000 - 0x00007ffb1f707000 	C:\WINDOWS\System32\sechost.dll
0x00007ffb1fd60000 - 0x00007ffb1fe80000 	C:\WINDOWS\System32\RPCRT4.dll
0x00007ffb1f4d0000 - 0x00007ffb1f664000 	C:\WINDOWS\System32\USER32.dll
0x00007ffb1f4a0000 - 0x00007ffb1f4c1000 	C:\WINDOWS\System32\win32u.dll
0x00007ffb20490000 - 0x00007ffb204b6000 	C:\WINDOWS\System32\GDI32.dll
0x00007ffb1f050000 - 0x00007ffb1f1e4000 	C:\WINDOWS\System32\gdi32full.dll
0x00007ffb1ec90000 - 0x00007ffb1ed2e000 	C:\WINDOWS\System32\msvcp_win.dll
0x00007ffb1ede0000 - 0x00007ffb1eeda000 	C:\WINDOWS\System32\ucrtbase.dll
0x00007ffb0ab50000 - 0x00007ffb0add4000 	C:\WINDOWS\WinSxS\amd64_microsoft.windows.common-controls_6595b64144ccf1df_6.0.18362.836_none_e6c4b943130f18ed\COMCTL32.dll
0x00007ffb1ff50000 - 0x00007ffb20286000 	C:\WINDOWS\System32\combase.dll
0x00007ffb14db0000 - 0x00007ffb14dba000 	C:\WINDOWS\SYSTEM32\VERSION.dll
0x00007ffb1ec10000 - 0x00007ffb1ec90000 	C:\WINDOWS\System32\bcryptPrimitives.dll
0x00007ffb20620000 - 0x00007ffb2064e000 	C:\WINDOWS\System32\IMM32.DLL
0x00007ffb1a300000 - 0x00007ffb1a316000 	C:\Program Files\Java\jdk-11.0.6\bin\vcruntime140.dll
0x00007ffb0c710000 - 0x00007ffb0c7ba000 	C:\Program Files\Java\jdk-11.0.6\bin\msvcp140.dll
0x00007ffaec950000 - 0x00007ffaed479000 	C:\Program Files\Java\jdk-11.0.6\bin\server\jvm.dll
0x00007ffb20480000 - 0x00007ffb20488000 	C:\WINDOWS\System32\PSAPI.DLL
0x00007ffb16610000 - 0x00007ffb16619000 	C:\WINDOWS\SYSTEM32\WSOCK32.dll
0x00007ffb20360000 - 0x00007ffb203cf000 	C:\WINDOWS\System32\WS2_32.dll
0x00007ffb1c5d0000 - 0x00007ffb1c5f4000 	C:\WINDOWS\SYSTEM32\WINMM.dll
0x00007ffb1c380000 - 0x00007ffb1c3ad000 	C:\WINDOWS\SYSTEM32\winmmbase.dll
0x00007ffb1e410000 - 0x00007ffb1e45a000 	C:\WINDOWS\System32\cfgmgr32.dll
0x00007ffb1e390000 - 0x00007ffb1e3a1000 	C:\WINDOWS\System32\kernel.appcore.dll
0x00007ffb165d0000 - 0x00007ffb165e1000 	C:\Program Files\Java\jdk-11.0.6\bin\verify.dll
0x00007ffb0b420000 - 0x00007ffb0b614000 	C:\WINDOWS\SYSTEM32\DBGHELP.DLL
0x00007ffb0b3f0000 - 0x00007ffb0b41a000 	C:\WINDOWS\SYSTEM32\dbgcore.DLL
0x00007ffb165a0000 - 0x00007ffb165c9000 	C:\Program Files\Java\jdk-11.0.6\bin\java.dll
0x00007ffb16580000 - 0x00007ffb16596000 	C:\Program Files\Java\jdk-11.0.6\bin\zip.dll
0x00007ffb16570000 - 0x00007ffb1657a000 	C:\Program Files\Java\jdk-11.0.6\bin\jimage.dll
0x00007ffb20c60000 - 0x00007ffb21344000 	C:\WINDOWS\System32\SHELL32.dll
0x00007ffb20290000 - 0x00007ffb20339000 	C:\WINDOWS\System32\shcore.dll
0x00007ffb1e460000 - 0x00007ffb1ebde000 	C:\WINDOWS\System32\windows.storage.dll
0x00007ffb1e2f0000 - 0x00007ffb1e313000 	C:\WINDOWS\System32\profapi.dll
0x00007ffb1e320000 - 0x00007ffb1e36a000 	C:\WINDOWS\System32\powrprof.dll
0x00007ffb1e2e0000 - 0x00007ffb1e2f0000 	C:\WINDOWS\System32\UMPDC.dll
0x00007ffb20790000 - 0x00007ffb207e2000 	C:\WINDOWS\System32\shlwapi.dll
0x00007ffb1f030000 - 0x00007ffb1f047000 	C:\WINDOWS\System32\cryptsp.dll
0x00007ffb16550000 - 0x00007ffb16569000 	C:\Program Files\Java\jdk-11.0.6\bin\net.dll
0x00007ffb17f40000 - 0x00007ffb18030000 	C:\WINDOWS\SYSTEM32\WINHTTP.dll
0x00007ffb1daf0000 - 0x00007ffb1db57000 	C:\WINDOWS\system32\mswsock.dll
0x00007ffb15ff0000 - 0x00007ffb16003000 	C:\Program Files\Java\jdk-11.0.6\bin\nio.dll
0x00007ffb1d840000 - 0x00007ffb1d90b000 	C:\WINDOWS\SYSTEM32\DNSAPI.dll
0x00007ffb21350000 - 0x00007ffb21358000 	C:\WINDOWS\System32\NSI.dll
0x00007ffb1d800000 - 0x00007ffb1d83a000 	C:\WINDOWS\SYSTEM32\IPHLPAPI.DLL
0x00007ffb10a10000 - 0x00007ffb10a1a000 	C:\Windows\System32\rasadhlp.dll
0x00007ffb14b20000 - 0x00007ffb14b97000 	C:\WINDOWS\System32\fwpuclnt.dll
0x00007ffb1ebe0000 - 0x00007ffb1ec06000 	C:\WINDOWS\System32\bcrypt.dll
0x00007ffb1ab70000 - 0x00007ffb1ab79000 	C:\Program Files\Java\jdk-11.0.6\bin\management.dll
0x00007ffb1d660000 - 0x00007ffb1d693000 	C:\WINDOWS\system32\rsaenh.dll
0x00007ffb1e200000 - 0x00007ffb1e225000 	C:\WINDOWS\SYSTEM32\USERENV.dll
0x00007ffb1dcc0000 - 0x00007ffb1dccc000 	C:\WINDOWS\SYSTEM32\CRYPTBASE.dll
0x00007ffb15960000 - 0x00007ffb15976000 	C:\WINDOWS\SYSTEM32\dhcpcsvc6.DLL
0x00007ffb16420000 - 0x00007ffb1643c000 	C:\WINDOWS\SYSTEM32\dhcpcsvc.DLL

dbghelp: loaded successfully - version: 4.0.5 - missing functions: none
symbol engine: initialized successfully - sym options: 0x614 - pdb path: .;C:\Program Files\Java\jdk-11.0.6\bin;C:\WINDOWS\SYSTEM32;C:\WINDOWS\WinSxS\amd64_microsoft.windows.common-controls_6595b64144ccf1df_6.0.18362.836_none_e6c4b943130f18ed;C:\Program Files\Java\jdk-11.0.6\bin\server

VM Arguments:
jvm_args: -Dfile.encoding=UTF-8 
java_command: V5Tajweed.tajweedV5
java_class_path (initial): C:\Users\Ramsha\eclipse-workspace\V5Tajweed\target\classes;F:\Protege-5.5.0\plugins\cellfie-2.1.0.jar;F:\Protege-5.5.0\plugins\code-generation-2.0.0.jar;F:\Protege-5.5.0\plugins\com.clarkparsia.protege.plugin.pellet-2.2.0.jar;F:\Protege-5.5.0\plugins\csv-export-plugin-1.0.0.jar;F:\Protege-5.5.0\plugins\existentialquery-2.0.0.jar;F:\Protege-5.5.0\plugins\explanation-workbench-3.0.0.jar;F:\Protege-5.5.0\plugins\ontograf-2.0.3.jar;F:\Protege-5.5.0\plugins\org.coode.dlquery-4.0.1.jar;F:\Protege-5.5.0\plugins\org.semanticweb.hermit-1.4.3.456.jar;F:\Protege-5.5.0\plugins\owldoc-3.0.3.jar;F:\Protege-5.5.0\plugins\owlviz-5.0.3.jar;F:\Protege-5.5.0\plugins\rdf-library-3.0.0.jar;F:\Protege-5.5.0\plugins\sparql-query-plugin-3.0.0.jar;F:\Protege-5.5.0\plugins\swrltab-plugin-2.0.6.jar;C:\Users\Ramsha\eclipse-workspace\V5Tajweed\mysql-connector-java-5.1.23-bin.jar;C:\Users\Ramsha\.m2\repository\edu\stanford\swrl\swrlapi\2.0.8\swrlapi-2.0.8.jar;C:\Users\Ramsha\.m2\repository\net\sourceforge\owlapi\owlapi-osgidistribution\4.5.9\owlapi-osgidistribution-4.5.9.jar;C:\Users\Ramsha\.m2\repository\org\openrdf\sesame\sesame-util\2.7.16\sesame-util-2.7.16.jar;C:\Users\Ramsha\.m2\repository\com\github\jsonld-java\jsonld-java\0.12.0\jsonld-java-0.12.0.jar;C:\Users\Ramsha\.m2\repository\org\apache\httpcomponents\httpclient-osgi\4.5.5\httpclient-osgi-4.5.5.jar;C:\Users\Ramsha\.m2\repository\org\apache\httpcomponents\httpmime\4.5.5\httpmime-4.5.5.jar;C:\Users\Ramsha\.m2\repository\org\apache\httpcomponents\fluent-hc\4.5.5\fluent-hc-4.5.5.jar;C:\Users\Ramsha\.m2\repository\org\apache\httpcomponents\httpcore-osgi\4.4.9\httpcore-osgi-4.4.9.jar;C:\Users\Ramsha\.m2\repository\org\apache\httpcomponents\httpcore-nio\4.4.9\httpcore-nio-4.4.9.jar;C:\Users\Ramsha\.m2\repository\org\apache\httpcomponents\httpclient\4.5.2\httpclient-4.5.2.jar;C:\Users\Ramsha\.m2\repository\org\apache\httpcomponents\httpclient-cache\4.5.2\httpclient-cache-4.5.2.jar;C:\Users\Ramsha\.m2\repository
Launcher Type: SUN_STANDARD

[Global flags]
     intx CICompilerCount                          = 3                                         {product} {ergonomic}
     uint ConcGCThreads                            = 1                                         {product} {ergonomic}
     uint G1ConcRefinementThreads                  = 4                                         {product} {ergonomic}
   size_t G1HeapRegionSize                         = 1048576                                   {product} {ergonomic}
    uintx GCDrainStackTargetSize                   = 64                                        {product} {ergonomic}
   size_t InitialHeapSize                          = 132120576                                 {product} {ergonomic}
   size_t MarkStackSize                            = 4194304                                   {product} {ergonomic}
   size_t MaxHeapSize                              = 2111832064                                {product} {ergonomic}
   size_t MaxNewSize                               = 1266679808                                {product} {ergonomic}
   size_t MinHeapDeltaBytes                        = 1048576                                   {product} {ergonomic}
    uintx NonNMethodCodeHeapSize                   = 5830732                                {pd product} {ergonomic}
    uintx NonProfiledCodeHeapSize                  = 122913754                              {pd product} {ergonomic}
    uintx ProfiledCodeHeapSize                     = 122913754                              {pd product} {ergonomic}
    uintx ReservedCodeCacheSize                    = 251658240                              {pd product} {ergonomic}
     bool SegmentedCodeCache                       = true                                      {product} {ergonomic}
     bool UseCompressedClassPointers               = true                                 {lp64_product} {ergonomic}
     bool UseCompressedOops                        = true                                 {lp64_product} {ergonomic}
     bool UseG1GC                                  = true                                      {product} {ergonomic}
     bool UseLargePagesIndividualAllocation        = false                                  {pd product} {ergonomic}

Logging:
Log output configuration:
 #0: stdout all=warning uptime,level,tags
 #1: stderr all=off uptime,level,tags

Environment Variables:
PATH=C:/Program Files/Java/jdk-11.0.6/bin/server;C:/Program Files/Java/jdk-11.0.6/bin;C:\WINDOWS\system32;C:\WINDOWS;C:\WINDOWS\System32\Wbem;C:\WINDOWS\System32\WindowsPowerShell\v1.0\;C:\WINDOWS\System32\OpenSSH\;C:\Program Files\Java\jdk-11.0.6\bin;C:\Program Files\Git\cmd;C:\Users\Ramsha\AppData\Local\Microsoft\WindowsApps;;C:\Users\Ramsha\Desktop;
USERNAME=Ramsha
OS=Windows_NT
PROCESSOR_IDENTIFIER=Intel64 Family 6 Model 78 Stepping 3, GenuineIntel



---------------  S Y S T E M  ---------------

OS: Windows 10 , 64 bit Build 18362 (10.0.18362.778)

CPU:total 4 (initial active 4) (2 cores per cpu, 2 threads per core) family 6 model 78 stepping 3, cmov, cx8, fxsr, mmx, sse, sse2, sse3, ssse3, sse4.1, sse4.2, popcnt, avx, avx2, aes, clmul, erms, 3dnowpref, lzcnt, ht, tsc, tscinvbit, bmi1, bmi2, adx, fma

Memory: 4k page, system-wide physical 8051M (675M free)
TotalPageFile size 22213M (AvailPageFile size 5M)
current process WorkingSet (physical memory assigned to process): 341M, peak: 341M
current process commit charge ("private bytes"): 376M, peak: 377M

vm_info: Java HotSpot(TM) 64-Bit Server VM (11.0.6+8-LTS) for windows-amd64 JRE (11.0.6+8-LTS), built on Dec 11 2019 09:17:57 by "mach5one" with MS VC++ 15.5 (VS2017)

END.
